#
# There is insufficient memory for the Java Runtime Environment to continue.
# Native memory allocation (malloc) failed to allocate 228976 bytes for Chunk::new
# Possible reasons:
#   The system is out of physical RAM or swap space
#   The process is running with CompressedOops enabled, and the Java Heap may be blocking the growth of the native heap
# Possible solutions:
#   Reduce memory load on the system
#   Increase physical memory or swap space
#   Check if swap backing store is full
#   Decrease Java heap size (-Xmx/-Xms)
#   Decrease number of Java threads
#   Decrease Java thread stack sizes (-Xss)
#   Set larger code cache with -XX:ReservedCodeCacheSize=
#   JVM is running with Unscaled Compressed Oops mode in which the Java heap is
#     placed in the first 4GB address space. The Java Heap base address is the
#     maximum limit for the native heap growth. Please use -XX:HeapBaseMinAddress
#     to set the Java Heap base and to place the Java Heap above 4GB virtual address.
# This output file may be truncated or incomplete.
#
#  Out of Memory Error (./src/hotspot/share/memory/arena.cpp:197), pid=14360, tid=24092
#
# JRE version: OpenJDK Runtime Environment (11.0.10) (build 11.0.10+0-b96-7249189)
# Java VM: OpenJDK 64-Bit Server VM (11.0.10+0-b96-7249189, mixed mode, tiered, compressed oops, g1 gc, windows-amd64)
# No core dump will be written. Minidumps are not enabled by default on client versions of Windows
#

---------------  S U M M A R Y ------------

Command Line: --add-opens=java.base/java.util=ALL-UNNAMED --add-opens=java.base/java.lang=ALL-UNNAMED --add-opens=java.base/java.lang.invoke=ALL-UNNAMED --add-opens=java.base/java.util=ALL-UNNAMED --add-opens=java.prefs/java.util.prefs=ALL-UNNAMED --add-opens=java.prefs/java.util.prefs=ALL-UNNAMED --add-opens=java.base/java.nio.charset=ALL-UNNAMED --add-opens=java.base/java.net=ALL-UNNAMED --add-opens=java.base/java.util.concurrent.atomic=ALL-UNNAMED -Xmx2048m -Dfile.encoding=UTF-8 -Duser.country=US -Duser.language=en -Duser.variant org.gradle.launcher.daemon.bootstrap.GradleDaemon 7.0.2

Host: AMD Ryzen 5 3500U with Radeon Vega Mobile Gfx  , 8 cores, 5G,  Windows 10 , 64 bit Build 19041 (10.0.19041.1202)
Time: Wed Nov 17 16:44:09 2021 Eastern Standard Time elapsed time: 27.981880 seconds (0d 0h 0m 27s)

---------------  T H R E A D  ---------------

Current thread (0x0000020ea04c1800):  JavaThread "C2 CompilerThread0" daemon [_thread_in_native, id=24092, stack(0x0000006080e00000,0x0000006080f00000)]


Current CompileTask:
C2:  27982 12855       4       com.sun.org.apache.xerces.internal.impl.io.UTF8Reader::read (1443 bytes)

Stack: [0x0000006080e00000,0x0000006080f00000]
Native frames: (J=compiled Java code, j=interpreted, Vv=VM code, C=native code)
V  [jvm.dll+0x5ecfaa]
V  [jvm.dll+0x722bd5]
V  [jvm.dll+0x72412d]
V  [jvm.dll+0x7247e3]
V  [jvm.dll+0x242928]
V  [jvm.dll+0xbc4fc]
V  [jvm.dll+0xbca0c]
V  [jvm.dll+0x352d3b]
V  [jvm.dll+0x320ad3]
V  [jvm.dll+0x31ffca]
V  [jvm.dll+0x1fb602]
V  [jvm.dll+0x1fa7f4]
V  [jvm.dll+0x18354c]
V  [jvm.dll+0x208ee7]
V  [jvm.dll+0x207731]
V  [jvm.dll+0x6eb1cf]
V  [jvm.dll+0x6e3d45]
V  [jvm.dll+0x5ebe96]
C  [ucrtbase.dll+0x21bb2]
C  [KERNEL32.DLL+0x17034]
C  [ntdll.dll+0x52651]


---------------  P R O C E S S  ---------------

Threads class SMR info:
_java_thread_list=0x0000020ea0f9a1e0, length=67, elements={
0x0000020e8584b800, 0x0000020ea0496800, 0x0000020ea0498000, 0x0000020ea0e42800,
0x0000020ea04b1800, 0x0000020ea04b3000, 0x0000020ea04c1800, 0x0000020ea04c2800,
0x0000020ea04c6000, 0x0000020ea0f82800, 0x0000020ea2396000, 0x0000020ea2e33800,
0x0000020ea1bb4800, 0x0000020ea353f000, 0x0000020ea2fbe800, 0x0000020ea357d800,
0x0000020ea29cd800, 0x0000020ea29ce000, 0x0000020ea3536000, 0x0000020ea37cf800,
0x0000020ea37d2000, 0x0000020ea37d0800, 0x0000020ea37d1800, 0x0000020ea37cf000,
0x0000020ea37d3800, 0x0000020ea37d3000, 0x0000020ea37ce000, 0x0000020ea37d4800,
0x0000020ea454d800, 0x0000020ea454f000, 0x0000020ea454f800, 0x0000020ea4554000,
0x0000020ea454e000, 0x0000020ea4555800, 0x0000020ea4554800, 0x0000020ea4550800,
0x0000020ea4558000, 0x0000020ea4557000, 0x0000020ea4558800, 0x0000020ea455b000,
0x0000020ea4559800, 0x0000020ea455a800, 0x0000020ea455c000, 0x0000020ea720e800,
0x0000020ea720f000, 0x0000020ea720d800, 0x0000020ea7210000, 0x0000020ea7211000,
0x0000020ea7211800, 0x0000020ea7212800, 0x0000020ea720c800, 0x0000020ea7213800,
0x0000020ea686d000, 0x0000020ea686e000, 0x0000020ea686f000, 0x0000020ea6872000,
0x0000020ea686f800, 0x0000020ea6870800, 0x0000020ea6871000, 0x0000020ea6873800,
0x0000020ea7290000, 0x0000020ea7294000, 0x0000020ea7292800, 0x0000020ea7290800,
0x0000020ea728e800, 0x0000020ea7295000, 0x0000020ea7293000
}

Java Threads: ( => current thread )
  0x0000020e8584b800 JavaThread "main" [_thread_blocked, id=3264, stack(0x0000006080200000,0x0000006080300000)]
  0x0000020ea0496800 JavaThread "Reference Handler" daemon [_thread_blocked, id=20128, stack(0x0000006080900000,0x0000006080a00000)]
  0x0000020ea0498000 JavaThread "Finalizer" daemon [_thread_blocked, id=19808, stack(0x0000006080a00000,0x0000006080b00000)]
  0x0000020ea0e42800 JavaThread "Signal Dispatcher" daemon [_thread_blocked, id=8868, stack(0x0000006080b00000,0x0000006080c00000)]
  0x0000020ea04b1800 JavaThread "Attach Listener" daemon [_thread_blocked, id=4880, stack(0x0000006080c00000,0x0000006080d00000)]
  0x0000020ea04b3000 JavaThread "Service Thread" daemon [_thread_blocked, id=16248, stack(0x0000006080d00000,0x0000006080e00000)]
=>0x0000020ea04c1800 JavaThread "C2 CompilerThread0" daemon [_thread_in_native, id=24092, stack(0x0000006080e00000,0x0000006080f00000)]
  0x0000020ea04c2800 JavaThread "C1 CompilerThread0" daemon [_thread_blocked, id=13828, stack(0x0000006080f00000,0x0000006081000000)]
  0x0000020ea04c6000 JavaThread "Sweeper thread" daemon [_thread_blocked, id=31188, stack(0x0000006081000000,0x0000006081100000)]
  0x0000020ea0f82800 JavaThread "Common-Cleaner" daemon [_thread_blocked, id=11576, stack(0x0000006081100000,0x0000006081200000)]
  0x0000020ea2396000 JavaThread "Daemon health stats" [_thread_blocked, id=12208, stack(0x0000006081500000,0x0000006081600000)]
  0x0000020ea2e33800 JavaThread "Incoming local TCP Connector on port 64082" [_thread_in_native, id=20908, stack(0x0000006081300000,0x0000006081400000)]
  0x0000020ea1bb4800 JavaThread "Daemon periodic checks" [_thread_blocked, id=24696, stack(0x0000006081800000,0x0000006081900000)]
  0x0000020ea353f000 JavaThread "Daemon" [_thread_blocked, id=30060, stack(0x0000006081900000,0x0000006081a00000)]
  0x0000020ea2fbe800 JavaThread "Handler for socket connection from /127.0.0.1:64082 to /127.0.0.1:64084" [_thread_in_native, id=3324, stack(0x0000006081a00000,0x0000006081b00000)]
  0x0000020ea357d800 JavaThread "Cancel handler" [_thread_blocked, id=1964, stack(0x0000006081b00000,0x0000006081c00000)]
  0x0000020ea29cd800 JavaThread "Daemon worker" [_thread_blocked, id=30400, stack(0x0000006081c00000,0x0000006081d00000)]
  0x0000020ea29ce000 JavaThread "Asynchronous log dispatcher for DefaultDaemonConnection: socket connection from /127.0.0.1:64082 to /127.0.0.1:64084" [_thread_blocked, id=21044, stack(0x0000006081d00000,0x0000006081e00000)]
  0x0000020ea3536000 JavaThread "Stdin handler" [_thread_blocked, id=20860, stack(0x0000006081e00000,0x0000006081f00000)]
  0x0000020ea37cf800 JavaThread "Daemon client event forwarder" [_thread_blocked, id=32, stack(0x0000006081f00000,0x0000006082000000)]
  0x0000020ea37d2000 JavaThread "Cache worker for file hash cache (C:\Users\chris\.gradle\caches\7.0.2\fileHashes)" [_thread_blocked, id=30880, stack(0x0000006082400000,0x0000006082500000)]
  0x0000020ea37d0800 JavaThread "File lock request listener" [_thread_in_native, id=25096, stack(0x0000006082500000,0x0000006082600000)]
  0x0000020ea37d1800 JavaThread "Cache worker for journal cache (C:\Users\chris\.gradle\caches\journal-1)" [_thread_blocked, id=27404, stack(0x0000006082700000,0x0000006082800000)]
  0x0000020ea37cf000 JavaThread "Cache worker for file hash cache (C:\Users\chris\Desktop\group\.gradle\7.0.2\fileHashes)" [_thread_blocked, id=19008, stack(0x0000006082900000,0x0000006082a00000)]
  0x0000020ea37d3800 JavaThread "File watcher server" daemon [_thread_in_native, id=28724, stack(0x0000006082a00000,0x0000006082b00000)]
  0x0000020ea37d3000 JavaThread "File watcher consumer" daemon [_thread_blocked, id=14232, stack(0x0000006082b00000,0x0000006082c00000)]
  0x0000020ea37ce000 JavaThread "Cache worker for checksums cache (C:\Users\chris\Desktop\group\.gradle\checksums)" [_thread_blocked, id=4756, stack(0x0000006082c00000,0x0000006082d00000)]
  0x0000020ea37d4800 JavaThread "Cache worker for cache directory md-supplier (C:\Users\chris\.gradle\caches\7.0.2\md-supplier)" [_thread_blocked, id=2080, stack(0x0000006082d00000,0x0000006082e00000)]
  0x0000020ea454d800 JavaThread "Cache worker for cache directory md-rule (C:\Users\chris\.gradle\caches\7.0.2\md-rule)" [_thread_blocked, id=3192, stack(0x0000006082e00000,0x0000006082f00000)]
  0x0000020ea454f000 JavaThread "Cache worker for execution history cache (C:\Users\chris\.gradle\caches\7.0.2\executionHistory)" [_thread_blocked, id=26592, stack(0x0000006082f00000,0x0000006083000000)]
  0x0000020ea454f800 JavaThread "jar transforms" [_thread_blocked, id=23368, stack(0x0000006083000000,0x0000006083100000)]
  0x0000020ea4554000 JavaThread "jar transforms Thread 2" [_thread_blocked, id=12572, stack(0x0000006083100000,0x0000006083200000)]
  0x0000020ea454e000 JavaThread "Cache worker for file content cache (C:\Users\chris\.gradle\caches\7.0.2\fileContent)" [_thread_blocked, id=7152, stack(0x0000006083200000,0x0000006083300000)]
  0x0000020ea4555800 JavaThread "Cache worker for dependencies-accessors (C:\Users\chris\Desktop\group\.gradle\7.0.2\dependencies-accessors)" [_thread_blocked, id=25184, stack(0x0000006083300000,0x0000006083400000)]
  0x0000020ea4554800 JavaThread "jar transforms Thread 3" [_thread_blocked, id=16920, stack(0x0000006083400000,0x0000006083500000)]
  0x0000020ea4550800 JavaThread "Cache worker for Build Output Cleanup Cache (C:\Users\chris\Desktop\group\.gradle\buildOutputCleanup)" [_thread_blocked, id=27348, stack(0x0000006083500000,0x0000006083600000)]
  0x0000020ea4558000 JavaThread "Build operations" [_thread_blocked, id=3260, stack(0x0000006083600000,0x0000006083700000)]
  0x0000020ea4557000 JavaThread "Build operations Thread 2" [_thread_in_Java, id=25012, stack(0x0000006083700000,0x0000006083800000)]
  0x0000020ea4558800 JavaThread "Build operations Thread 3" [_thread_blocked, id=25028, stack(0x0000006083800000,0x0000006083900000)]
  0x0000020ea455b000 JavaThread "Build operations Thread 4" [_thread_in_native, id=28940, stack(0x0000006083900000,0x0000006083a00000)]
  0x0000020ea4559800 JavaThread "Build operations Thread 5" [_thread_in_Java, id=24816, stack(0x0000006083a00000,0x0000006083b00000)]
  0x0000020ea455a800 JavaThread "Build operations Thread 6" [_thread_blocked, id=812, stack(0x0000006083b00000,0x0000006083c00000)]
  0x0000020ea455c000 JavaThread "Build operations Thread 7" [_thread_blocked, id=17380, stack(0x0000006083c00000,0x0000006083d00000)]
  0x0000020ea720e800 JavaThread "Build operations Thread 8" [_thread_blocked, id=13184, stack(0x0000006083d00000,0x0000006083e00000)]
  0x0000020ea720f000 JavaThread "jar transforms Thread 4" [_thread_blocked, id=9760, stack(0x0000006083e00000,0x0000006083f00000)]
  0x0000020ea720d800 JavaThread "jar transforms Thread 5" [_thread_blocked, id=28712, stack(0x0000006083f00000,0x0000006084000000)]
  0x0000020ea7210000 JavaThread "jar transforms Thread 6" [_thread_blocked, id=22940, stack(0x0000006084000000,0x0000006084100000)]
  0x0000020ea7211000 JavaThread "jar transforms Thread 7" [_thread_blocked, id=4656, stack(0x0000006084100000,0x0000006084200000)]
  0x0000020ea7211800 JavaThread "jar transforms Thread 8" [_thread_blocked, id=16956, stack(0x0000006084200000,0x0000006084300000)]
  0x0000020ea7212800 JavaThread "Memory manager" [_thread_blocked, id=30796, stack(0x0000006082800000,0x0000006082900000)]
  0x0000020ea720c800 JavaThread "build event listener" [_thread_blocked, id=25144, stack(0x0000006084300000,0x0000006084400000)]
  0x0000020ea7213800 JavaThread "Execution worker for ':'" [_thread_blocked, id=28384, stack(0x0000006084400000,0x0000006084500000)]
  0x0000020ea686d000 JavaThread "Execution worker for ':' Thread 2" [_thread_blocked, id=24784, stack(0x0000006084500000,0x0000006084600000)]
  0x0000020ea686e000 JavaThread "Execution worker for ':' Thread 3" [_thread_blocked, id=25464, stack(0x0000006084600000,0x0000006084700000)]
  0x0000020ea686f000 JavaThread "Execution worker for ':' Thread 4" [_thread_blocked, id=23016, stack(0x0000006084700000,0x0000006084800000)]
  0x0000020ea6872000 JavaThread "Execution worker for ':' Thread 5" [_thread_blocked, id=20456, stack(0x0000006084800000,0x0000006084900000)]
  0x0000020ea686f800 JavaThread "Execution worker for ':' Thread 6" [_thread_blocked, id=17836, stack(0x0000006084900000,0x0000006084a00000)]
  0x0000020ea6870800 JavaThread "Execution worker for ':' Thread 7" [_thread_in_Java, id=24856, stack(0x0000006084a00000,0x0000006084b00000)]
  0x0000020ea6871000 JavaThread "Cache worker for execution history cache (C:\Users\chris\Desktop\group\.gradle\7.0.2\executionHistory)" [_thread_blocked, id=2844, stack(0x0000006084b00000,0x0000006084c00000)]
  0x0000020ea6873800 JavaThread "WorkerExecutor Queue Thread 2" [_thread_blocked, id=12256, stack(0x0000006084d00000,0x0000006084e00000)]
  0x0000020ea7290000 JavaThread "WorkerExecutor Queue Thread 3" [_thread_blocked, id=28296, stack(0x0000006084e00000,0x0000006084f00000)]
  0x0000020ea7294000 JavaThread "WorkerExecutor Queue Thread 4" [_thread_blocked, id=7832, stack(0x0000006084c00000,0x0000006084d00000)]
  0x0000020ea7292800 JavaThread "WorkerExecutor Queue Thread 5" [_thread_blocked, id=18836, stack(0x0000006084f00000,0x0000006085000000)]
  0x0000020ea7290800 JavaThread "WorkerExecutor Queue Thread 6" [_thread_blocked, id=26380, stack(0x0000006085000000,0x0000006085100000)]
  0x0000020ea728e800 JavaThread "WorkerExecutor Queue Thread 7" [_thread_blocked, id=5840, stack(0x0000006085100000,0x0000006085200000)]
  0x0000020ea7295000 JavaThread "WorkerExecutor Queue Thread 8" [_thread_blocked, id=12460, stack(0x0000006085200000,0x0000006085300000)]
  0x0000020ea7293000 JavaThread "WorkerExecutor Queue Thread 9" [_thread_blocked, id=17372, stack(0x0000006085300000,0x0000006085400000)]

Other Threads:
  0x0000020ea0490800 VMThread "VM Thread" [stack: 0x0000006080800000,0x0000006080900000] [id=22676]
  0x0000020ea0fbd800 WatcherThread [stack: 0x0000006081200000,0x0000006081300000] [id=29124]
  0x0000020e85864000 GCTaskThread "GC Thread#0" [stack: 0x0000006080300000,0x0000006080400000] [id=22112]
  0x0000020ea1a1e800 GCTaskThread "GC Thread#1" [stack: 0x0000006081400000,0x0000006081500000] [id=1824]
  0x0000020ea2efd000 GCTaskThread "GC Thread#2" [stack: 0x0000006081600000,0x0000006081700000] [id=22484]
  0x0000020ea3855800 GCTaskThread "GC Thread#3" [stack: 0x0000006081700000,0x0000006081800000] [id=23060]
  0x0000020ea358f000 GCTaskThread "GC Thread#4" [stack: 0x0000006082000000,0x0000006082100000] [id=6532]
  0x0000020ea33db800 GCTaskThread "GC Thread#5" [stack: 0x0000006082100000,0x0000006082200000] [id=18612]
  0x0000020ea1c28000 GCTaskThread "GC Thread#6" [stack: 0x0000006082200000,0x0000006082300000] [id=27680]
  0x0000020ea2dd7800 GCTaskThread "GC Thread#7" [stack: 0x0000006082300000,0x0000006082400000] [id=26276]
  0x0000020e85896000 ConcurrentGCThread "G1 Main Marker" [stack: 0x0000006080400000,0x0000006080500000] [id=30440]
  0x0000020e85897800 ConcurrentGCThread "G1 Conc#0" [stack: 0x0000006080500000,0x0000006080600000] [id=14372]
  0x0000020ea3681000 ConcurrentGCThread "G1 Conc#1" [stack: 0x0000006082600000,0x0000006082700000] [id=28848]
  0x0000020e8591d800 ConcurrentGCThread "G1 Refine#0" [stack: 0x0000006080600000,0x0000006080700000] [id=20472]
  0x0000020e8591e800 ConcurrentGCThread "G1 Young RemSet Sampling" [stack: 0x0000006080700000,0x0000006080800000] [id=9776]

Threads with active compile tasks:
C2 CompilerThread0  28025 12855       4       com.sun.org.apache.xerces.internal.impl.io.UTF8Reader::read (1443 bytes)
C1 CompilerThread0  28025 12886       2       jdk.internal.ref.PhantomCleanable::clean (16 bytes)

VM state:at safepoint (normal execution)

VM Mutex/Monitor currently owned by a thread:  ([mutex/lock_event])
[0x0000020e85847920] Threads_lock - owner thread: 0x0000000000000000

OutOfMemory and StackOverflow Exception counts:
OutOfMemoryError java_heap_errors=1
LinkageErrors=139

Heap address: 0x0000000080000000, size: 2048 MB, Compressed Oops mode: 32-bit
Narrow klass base: 0x0000000000000000, Narrow klass shift: 3
Compressed class space size: 1073741824 Address: 0x0000000100000000

Heap:
 garbage-first heap   total 179200K, used 85136K [0x0000000080000000, 0x0000000100000000)
  region size 1024K, 5 young (5120K), 3 survivors (3072K)
 Metaspace       used 93945K, capacity 96296K, committed 96460K, reserved 1132544K
  class space    used 11785K, capacity 12623K, committed 12748K, reserved 1048576K
Heap Regions: E=young(eden), S=young(survivor), O=old, HS=humongous(starts), HC=humongous(continues), CS=collection set, F=free, A=archive, TAMS=top-at-mark-start (previous, next)
|   0|0x0000000080000000, 0x0000000080100000, 0x0000000080100000|100%| O|  |TAMS 0x0000000080100000, 0x0000000080000000| Untracked 
|   1|0x0000000080100000, 0x0000000080200000, 0x0000000080200000|100%| O|  |TAMS 0x0000000080200000, 0x0000000080100000| Untracked 
|   2|0x0000000080200000, 0x0000000080300000, 0x0000000080300000|100%| O|  |TAMS 0x0000000080300000, 0x0000000080200000| Untracked 
|   3|0x0000000080300000, 0x0000000080400000, 0x0000000080400000|100%|HS|  |TAMS 0x0000000080400000, 0x0000000080300000| Complete 
|   4|0x0000000080400000, 0x0000000080500000, 0x0000000080500000|100%|HC|  |TAMS 0x0000000080500000, 0x0000000080400000| Complete 
|   5|0x0000000080500000, 0x0000000080600000, 0x0000000080600000|100%|HC|  |TAMS 0x0000000080600000, 0x0000000080500000| Complete 
|   6|0x0000000080600000, 0x0000000080700000, 0x0000000080700000|100%| O|  |TAMS 0x0000000080700000, 0x0000000080600000| Untracked 
|   7|0x0000000080700000, 0x0000000080800000, 0x0000000080800000|100%| O|  |TAMS 0x0000000080800000, 0x0000000080700000| Untracked 
|   8|0x0000000080800000, 0x0000000080900000, 0x0000000080900000|100%| O|  |TAMS 0x0000000080900000, 0x0000000080800000| Untracked 
|   9|0x0000000080900000, 0x0000000080a00000, 0x0000000080a00000|100%| O|  |TAMS 0x0000000080a00000, 0x0000000080900000| Untracked 
|  10|0x0000000080a00000, 0x0000000080b00000, 0x0000000080b00000|100%| O|  |TAMS 0x0000000080b00000, 0x0000000080a00000| Untracked 
|  11|0x0000000080b00000, 0x0000000080c00000, 0x0000000080c00000|100%| O|  |TAMS 0x0000000080c00000, 0x0000000080b00000| Untracked 
|  12|0x0000000080c00000, 0x0000000080d00000, 0x0000000080d00000|100%| O|  |TAMS 0x0000000080d00000, 0x0000000080c00000| Untracked 
|  13|0x0000000080d00000, 0x0000000080e00000, 0x0000000080e00000|100%| O|  |TAMS 0x0000000080e00000, 0x0000000080d00000| Untracked 
|  14|0x0000000080e00000, 0x0000000080f00000, 0x0000000080f00000|100%| O|  |TAMS 0x0000000080f00000, 0x0000000080e00000| Untracked 
|  15|0x0000000080f00000, 0x0000000081000000, 0x0000000081000000|100%| O|  |TAMS 0x0000000081000000, 0x0000000080f00000| Untracked 
|  16|0x0000000081000000, 0x0000000081100000, 0x0000000081100000|100%|HS|  |TAMS 0x0000000081100000, 0x0000000081000000| Complete 
|  17|0x0000000081100000, 0x0000000081200000, 0x0000000081200000|100%| O|  |TAMS 0x0000000081200000, 0x0000000081100000| Untracked 
|  18|0x0000000081200000, 0x0000000081300000, 0x0000000081300000|100%| O|  |TAMS 0x0000000081300000, 0x0000000081200000| Untracked 
|  19|0x0000000081300000, 0x0000000081400000, 0x0000000081400000|100%| O|  |TAMS 0x0000000081400000, 0x0000000081300000| Untracked 
|  20|0x0000000081400000, 0x0000000081500000, 0x0000000081500000|100%| O|  |TAMS 0x0000000081500000, 0x0000000081400000| Untracked 
|  21|0x0000000081500000, 0x0000000081600000, 0x0000000081600000|100%| O|  |TAMS 0x0000000081600000, 0x0000000081500000| Untracked 
|  22|0x0000000081600000, 0x0000000081700000, 0x0000000081700000|100%| O|  |TAMS 0x0000000081700000, 0x0000000081600000| Untracked 
|  23|0x0000000081700000, 0x0000000081800000, 0x0000000081800000|100%| O|  |TAMS 0x0000000081800000, 0x0000000081700000| Untracked 
|  24|0x0000000081800000, 0x0000000081900000, 0x0000000081900000|100%| O|  |TAMS 0x0000000081900000, 0x0000000081800000| Untracked 
|  25|0x0000000081900000, 0x0000000081a00000, 0x0000000081a00000|100%| O|  |TAMS 0x0000000081a00000, 0x0000000081900000| Untracked 
|  26|0x0000000081a00000, 0x0000000081b00000, 0x0000000081b00000|100%|HS|  |TAMS 0x0000000081b00000, 0x0000000081a00000| Complete 
|  27|0x0000000081b00000, 0x0000000081c00000, 0x0000000081c00000|100%|HS|  |TAMS 0x0000000081c00000, 0x0000000081b00000| Complete 
|  28|0x0000000081c00000, 0x0000000081d00000, 0x0000000081d00000|100%|HC|  |TAMS 0x0000000081d00000, 0x0000000081c00000| Complete 
|  29|0x0000000081d00000, 0x0000000081e00000, 0x0000000081e00000|100%| O|  |TAMS 0x0000000081e00000, 0x0000000081d00000| Untracked 
|  30|0x0000000081e00000, 0x0000000081f00000, 0x0000000081f00000|100%| O|  |TAMS 0x0000000081f00000, 0x0000000081e00000| Untracked 
|  31|0x0000000081f00000, 0x0000000082000000, 0x0000000082000000|100%| O|  |TAMS 0x0000000082000000, 0x0000000081f00000| Untracked 
|  32|0x0000000082000000, 0x0000000082100000, 0x0000000082100000|100%| O|  |TAMS 0x0000000082100000, 0x0000000082000000| Untracked 
|  33|0x0000000082100000, 0x0000000082200000, 0x0000000082200000|100%| O|  |TAMS 0x0000000082200000, 0x0000000082100000| Untracked 
|  34|0x0000000082200000, 0x0000000082300000, 0x0000000082300000|100%| O|  |TAMS 0x0000000082300000, 0x0000000082200000| Untracked 
|  35|0x0000000082300000, 0x0000000082400000, 0x0000000082400000|100%| O|  |TAMS 0x0000000082400000, 0x0000000082300000| Untracked 
|  36|0x0000000082400000, 0x0000000082500000, 0x0000000082500000|100%| O|  |TAMS 0x0000000082500000, 0x0000000082400000| Untracked 
|  37|0x0000000082500000, 0x0000000082600000, 0x0000000082600000|100%| O|  |TAMS 0x0000000082600000, 0x0000000082500000| Untracked 
|  38|0x0000000082600000, 0x0000000082700000, 0x0000000082700000|100%| O|  |TAMS 0x0000000082700000, 0x0000000082600000| Untracked 
|  39|0x0000000082700000, 0x0000000082800000, 0x0000000082800000|100%| O|  |TAMS 0x0000000082800000, 0x0000000082700000| Untracked 
|  40|0x0000000082800000, 0x0000000082900000, 0x0000000082900000|100%| O|  |TAMS 0x0000000082900000, 0x0000000082800000| Untracked 
|  41|0x0000000082900000, 0x0000000082a00000, 0x0000000082a00000|100%| O|  |TAMS 0x0000000082a00000, 0x0000000082900000| Untracked 
|  42|0x0000000082a00000, 0x0000000082b00000, 0x0000000082b00000|100%| O|  |TAMS 0x0000000082b00000, 0x0000000082a00000| Untracked 
|  43|0x0000000082b00000, 0x0000000082c00000, 0x0000000082c00000|100%| O|  |TAMS 0x0000000082c00000, 0x0000000082b00000| Untracked 
|  44|0x0000000082c00000, 0x0000000082d00000, 0x0000000082d00000|100%| O|  |TAMS 0x0000000082d00000, 0x0000000082c00000| Untracked 
|  45|0x0000000082d00000, 0x0000000082e00000, 0x0000000082e00000|100%| O|  |TAMS 0x0000000082e00000, 0x0000000082d00000| Untracked 
|  46|0x0000000082e00000, 0x0000000082f00000, 0x0000000082f00000|100%| O|  |TAMS 0x0000000082f00000, 0x0000000082e00000| Untracked 
|  47|0x0000000082f00000, 0x0000000083000000, 0x0000000083000000|100%| O|  |TAMS 0x0000000083000000, 0x0000000082f00000| Untracked 
|  48|0x0000000083000000, 0x0000000083100000, 0x0000000083100000|100%| O|  |TAMS 0x0000000083100000, 0x0000000083000000| Untracked 
|  49|0x0000000083100000, 0x0000000083200000, 0x0000000083200000|100%| O|  |TAMS 0x0000000083200000, 0x0000000083100000| Untracked 
|  50|0x0000000083200000, 0x0000000083300000, 0x0000000083300000|100%| O|  |TAMS 0x0000000083300000, 0x0000000083200000| Untracked 
|  51|0x0000000083300000, 0x0000000083400000, 0x0000000083400000|100%| O|  |TAMS 0x0000000083400000, 0x0000000083300000| Untracked 
|  52|0x0000000083400000, 0x0000000083500000, 0x0000000083500000|100%| O|  |TAMS 0x0000000083500000, 0x0000000083400000| Untracked 
|  53|0x0000000083500000, 0x0000000083600000, 0x0000000083600000|100%| O|  |TAMS 0x0000000083600000, 0x0000000083500000| Untracked 
|  54|0x0000000083600000, 0x0000000083700000, 0x0000000083700000|100%| O|  |TAMS 0x0000000083700000, 0x0000000083600000| Untracked 
|  55|0x0000000083700000, 0x0000000083800000, 0x0000000083800000|100%| O|  |TAMS 0x0000000083800000, 0x0000000083700000| Untracked 
|  56|0x0000000083800000, 0x0000000083900000, 0x0000000083900000|100%| O|  |TAMS 0x0000000083900000, 0x0000000083800000| Untracked 
|  57|0x0000000083900000, 0x0000000083a00000, 0x0000000083a00000|100%| O|  |TAMS 0x0000000083a00000, 0x0000000083900000| Untracked 
|  58|0x0000000083a00000, 0x0000000083b00000, 0x0000000083b00000|100%| O|  |TAMS 0x0000000083b00000, 0x0000000083a00000| Untracked 
|  59|0x0000000083b00000, 0x0000000083c00000, 0x0000000083c00000|100%| O|  |TAMS 0x0000000083b00000, 0x0000000083b00000| Untracked 
|  60|0x0000000083c00000, 0x0000000083d00000, 0x0000000083d00000|100%| O|  |TAMS 0x0000000083c00000, 0x0000000083c00000| Untracked 
|  61|0x0000000083d00000, 0x0000000083e00000, 0x0000000083e00000|100%| O|  |TAMS 0x0000000083d00000, 0x0000000083d00000| Untracked 
|  62|0x0000000083e00000, 0x0000000083f00000, 0x0000000083f00000|100%| O|  |TAMS 0x0000000083f00000, 0x0000000083e00000| Untracked 
|  63|0x0000000083f00000, 0x0000000084000000, 0x0000000084000000|100%| O|  |TAMS 0x0000000084000000, 0x0000000083f00000| Untracked 
|  64|0x0000000084000000, 0x0000000084100000, 0x0000000084100000|100%| O|  |TAMS 0x0000000084100000, 0x0000000084000000| Untracked 
|  65|0x0000000084100000, 0x0000000084200000, 0x0000000084200000|100%| O|  |TAMS 0x0000000084200000, 0x0000000084100000| Untracked 
|  66|0x0000000084200000, 0x0000000084300000, 0x0000000084300000|100%| O|  |TAMS 0x0000000084200000, 0x0000000084200000| Untracked 
|  67|0x0000000084300000, 0x0000000084400000, 0x0000000084400000|100%| O|  |TAMS 0x0000000084300000, 0x0000000084300000| Untracked 
|  68|0x0000000084400000, 0x0000000084500000, 0x0000000084500000|100%| O|  |TAMS 0x0000000084500000, 0x0000000084400000| Untracked 
|  69|0x0000000084500000, 0x0000000084600000, 0x0000000084600000|100%| O|  |TAMS 0x0000000084600000, 0x0000000084500000| Untracked 
|  70|0x0000000084600000, 0x000000008467e200, 0x0000000084700000| 49%| O|  |TAMS 0x0000000084600000, 0x0000000084600000| Untracked 
|  71|0x0000000084700000, 0x0000000084700000, 0x0000000084800000|  0%| F|  |TAMS 0x0000000084700000, 0x0000000084700000| Untracked 
|  72|0x0000000084800000, 0x0000000084800000, 0x0000000084900000|  0%| F|  |TAMS 0x0000000084800000, 0x0000000084800000| Untracked 
|  73|0x0000000084900000, 0x0000000084900000, 0x0000000084a00000|  0%| F|  |TAMS 0x0000000084900000, 0x0000000084900000| Untracked 
|  74|0x0000000084a00000, 0x0000000084a00000, 0x0000000084b00000|  0%| F|  |TAMS 0x0000000084a00000, 0x0000000084a00000| Untracked 
|  75|0x0000000084b00000, 0x0000000084b00000, 0x0000000084c00000|  0%| F|  |TAMS 0x0000000084b00000, 0x0000000084b00000| Untracked 
|  76|0x0000000084c00000, 0x0000000084d00000, 0x0000000084d00000|100%| O|  |TAMS 0x0000000084d00000, 0x0000000084c00000| Untracked 
|  77|0x0000000084d00000, 0x0000000084e00000, 0x0000000084e00000|100%| O|  |TAMS 0x0000000084e00000, 0x0000000084d00000| Untracked 
|  78|0x0000000084e00000, 0x0000000084e00000, 0x0000000084f00000|  0%| F|  |TAMS 0x0000000084e00000, 0x0000000084e00000| Untracked 
|  79|0x0000000084f00000, 0x0000000084f00000, 0x0000000085000000|  0%| F|  |TAMS 0x0000000084f00000, 0x0000000084f00000| Untracked 
|  80|0x0000000085000000, 0x0000000085000000, 0x0000000085100000|  0%| F|  |TAMS 0x0000000085000000, 0x0000000085000000| Untracked 
|  81|0x0000000085100000, 0x0000000085100000, 0x0000000085200000|  0%| F|  |TAMS 0x0000000085100000, 0x0000000085100000| Untracked 
|  82|0x0000000085200000, 0x0000000085300000, 0x0000000085300000|100%| O|  |TAMS 0x0000000085300000, 0x0000000085200000| Untracked 
|  83|0x0000000085300000, 0x0000000085300000, 0x0000000085400000|  0%| F|  |TAMS 0x0000000085300000, 0x0000000085300000| Untracked 
|  84|0x0000000085400000, 0x0000000085500000, 0x0000000085500000|100%| O|  |TAMS 0x0000000085500000, 0x0000000085400000| Untracked 
|  85|0x0000000085500000, 0x0000000085600000, 0x0000000085600000|100%| O|  |TAMS 0x0000000085600000, 0x0000000085500000| Untracked 
|  86|0x0000000085600000, 0x0000000085700000, 0x0000000085700000|100%| O|  |TAMS 0x0000000085700000, 0x0000000085600000| Untracked 
|  87|0x0000000085700000, 0x0000000085800000, 0x0000000085800000|100%| O|  |TAMS 0x0000000085800000, 0x0000000085700000| Untracked 
|  88|0x0000000085800000, 0x0000000085900000, 0x0000000085900000|100%| O|  |TAMS 0x0000000085804000, 0x0000000085800000| Untracked 
|  89|0x0000000085900000, 0x0000000085900000, 0x0000000085a00000|  0%| F|  |TAMS 0x0000000085900000, 0x0000000085900000| Untracked 
|  90|0x0000000085a00000, 0x0000000085b00000, 0x0000000085b00000|100%| O|  |TAMS 0x0000000085b00000, 0x0000000085a00000| Untracked 
|  91|0x0000000085b00000, 0x0000000085b00000, 0x0000000085c00000|  0%| F|  |TAMS 0x0000000085b00000, 0x0000000085b00000| Untracked 
|  92|0x0000000085c00000, 0x0000000085c00000, 0x0000000085d00000|  0%| F|  |TAMS 0x0000000085c00000, 0x0000000085c00000| Untracked 
|  93|0x0000000085d00000, 0x0000000085d00000, 0x0000000085e00000|  0%| F|  |TAMS 0x0000000085d00000, 0x0000000085d00000| Untracked 
|  94|0x0000000085e00000, 0x0000000085e00000, 0x0000000085f00000|  0%| F|  |TAMS 0x0000000085e00000, 0x0000000085e00000| Untracked 
|  95|0x0000000085f00000, 0x0000000085f00000, 0x0000000086000000|  0%| F|  |TAMS 0x0000000085f00000, 0x0000000085f00000| Untracked 
|  96|0x0000000086000000, 0x0000000086000000, 0x0000000086100000|  0%| F|  |TAMS 0x0000000086000000, 0x0000000086000000| Untracked 
|  97|0x0000000086100000, 0x0000000086100000, 0x0000000086200000|  0%| F|  |TAMS 0x0000000086100000, 0x0000000086100000| Untracked 
|  98|0x0000000086200000, 0x0000000086200000, 0x0000000086300000|  0%| F|  |TAMS 0x0000000086200000, 0x0000000086200000| Untracked 
|  99|0x0000000086300000, 0x0000000086300000, 0x0000000086400000|  0%| F|  |TAMS 0x0000000086300000, 0x0000000086300000| Untracked 
| 100|0x0000000086400000, 0x0000000086400000, 0x0000000086500000|  0%| F|  |TAMS 0x0000000086400000, 0x0000000086400000| Untracked 
| 101|0x0000000086500000, 0x0000000086500000, 0x0000000086600000|  0%| F|  |TAMS 0x0000000086500000, 0x0000000086500000| Untracked 
| 102|0x0000000086600000, 0x0000000086600000, 0x0000000086700000|  0%| F|  |TAMS 0x0000000086600000, 0x0000000086600000| Untracked 
| 103|0x0000000086700000, 0x0000000086700000, 0x0000000086800000|  0%| F|  |TAMS 0x0000000086700000, 0x0000000086700000| Untracked 
| 104|0x0000000086800000, 0x0000000086800000, 0x0000000086900000|  0%| F|  |TAMS 0x0000000086800000, 0x0000000086800000| Untracked 
| 105|0x0000000086900000, 0x0000000086900000, 0x0000000086a00000|  0%| F|  |TAMS 0x0000000086900000, 0x0000000086900000| Untracked 
| 106|0x0000000086a00000, 0x0000000086a00000, 0x0000000086b00000|  0%| F|  |TAMS 0x0000000086a00000, 0x0000000086a00000| Untracked 
| 107|0x0000000086b00000, 0x0000000086b00000, 0x0000000086c00000|  0%| F|  |TAMS 0x0000000086b00000, 0x0000000086b00000| Untracked 
| 108|0x0000000086c00000, 0x0000000086c00000, 0x0000000086d00000|  0%| F|  |TAMS 0x0000000086c00000, 0x0000000086c00000| Untracked 
| 109|0x0000000086d00000, 0x0000000086d00000, 0x0000000086e00000|  0%| F|  |TAMS 0x0000000086d00000, 0x0000000086d00000| Untracked 
| 110|0x0000000086e00000, 0x0000000086e00000, 0x0000000086f00000|  0%| F|  |TAMS 0x0000000086e00000, 0x0000000086e00000| Untracked 
| 111|0x0000000086f00000, 0x0000000086f00000, 0x0000000087000000|  0%| F|  |TAMS 0x0000000086f00000, 0x0000000086f00000| Untracked 
| 112|0x0000000087000000, 0x0000000087000000, 0x0000000087100000|  0%| F|  |TAMS 0x0000000087000000, 0x0000000087000000| Untracked 
| 113|0x0000000087100000, 0x0000000087100000, 0x0000000087200000|  0%| F|  |TAMS 0x0000000087100000, 0x0000000087100000| Untracked 
| 114|0x0000000087200000, 0x0000000087200000, 0x0000000087300000|  0%| F|  |TAMS 0x0000000087200000, 0x0000000087200000| Untracked 
| 115|0x0000000087300000, 0x00000000873a5eb0, 0x0000000087400000| 64%| S|CS|TAMS 0x0000000087300000, 0x0000000087300000| Complete 
| 116|0x0000000087400000, 0x0000000087500000, 0x0000000087500000|100%| S|CS|TAMS 0x0000000087400000, 0x0000000087400000| Complete 
| 117|0x0000000087500000, 0x0000000087600000, 0x0000000087600000|100%| S|CS|TAMS 0x0000000087500000, 0x0000000087500000| Complete 
| 118|0x0000000087600000, 0x0000000087600000, 0x0000000087700000|  0%| F|  |TAMS 0x0000000087600000, 0x0000000087600000| Untracked 
| 119|0x0000000087700000, 0x0000000087700000, 0x0000000087800000|  0%| F|  |TAMS 0x0000000087700000, 0x0000000087700000| Untracked 
| 120|0x0000000087800000, 0x0000000087800000, 0x0000000087900000|  0%| F|  |TAMS 0x0000000087800000, 0x0000000087800000| Untracked 
| 121|0x0000000087900000, 0x0000000087900000, 0x0000000087a00000|  0%| F|  |TAMS 0x0000000087900000, 0x0000000087900000| Untracked 
| 122|0x0000000087a00000, 0x0000000087a00000, 0x0000000087b00000|  0%| F|  |TAMS 0x0000000087a00000, 0x0000000087a00000| Untracked 
| 123|0x0000000087b00000, 0x0000000087b00000, 0x0000000087c00000|  0%| F|  |TAMS 0x0000000087b00000, 0x0000000087b00000| Untracked 
| 124|0x0000000087c00000, 0x0000000087c00000, 0x0000000087d00000|  0%| F|  |TAMS 0x0000000087c00000, 0x0000000087c00000| Untracked 
| 125|0x0000000087d00000, 0x0000000087d00000, 0x0000000087e00000|  0%| F|  |TAMS 0x0000000087d00000, 0x0000000087d00000| Untracked 
| 126|0x0000000087e00000, 0x0000000087e00000, 0x0000000087f00000|  0%| F|  |TAMS 0x0000000087e00000, 0x0000000087e00000| Untracked 
| 127|0x0000000087f00000, 0x0000000087f00000, 0x0000000088000000|  0%| F|  |TAMS 0x0000000087f00000, 0x0000000087f00000| Untracked 
| 128|0x0000000088000000, 0x0000000088000000, 0x0000000088100000|  0%| F|  |TAMS 0x0000000088000000, 0x0000000088000000| Untracked 
| 129|0x0000000088100000, 0x0000000088100000, 0x0000000088200000|  0%| F|  |TAMS 0x0000000088100000, 0x0000000088100000| Untracked 
| 130|0x0000000088200000, 0x0000000088200000, 0x0000000088300000|  0%| F|  |TAMS 0x0000000088200000, 0x0000000088200000| Untracked 
| 131|0x0000000088300000, 0x0000000088300000, 0x0000000088400000|  0%| F|  |TAMS 0x0000000088300000, 0x0000000088300000| Untracked 
| 132|0x0000000088400000, 0x0000000088400000, 0x0000000088500000|  0%| F|  |TAMS 0x0000000088400000, 0x0000000088400000| Untracked 
| 133|0x0000000088500000, 0x0000000088500000, 0x0000000088600000|  0%| F|  |TAMS 0x0000000088500000, 0x0000000088500000| Untracked 
| 134|0x0000000088600000, 0x0000000088600000, 0x0000000088700000|  0%| F|  |TAMS 0x0000000088600000, 0x0000000088600000| Untracked 
| 135|0x0000000088700000, 0x0000000088700000, 0x0000000088800000|  0%| F|  |TAMS 0x0000000088700000, 0x0000000088700000| Untracked 
| 136|0x0000000088800000, 0x0000000088800000, 0x0000000088900000|  0%| F|  |TAMS 0x0000000088800000, 0x0000000088800000| Untracked 
| 137|0x0000000088900000, 0x0000000088900000, 0x0000000088a00000|  0%| F|  |TAMS 0x0000000088900000, 0x0000000088900000| Untracked 
| 138|0x0000000088a00000, 0x0000000088a00000, 0x0000000088b00000|  0%| F|  |TAMS 0x0000000088a00000, 0x0000000088a00000| Untracked 
| 139|0x0000000088b00000, 0x0000000088b00000, 0x0000000088c00000|  0%| F|  |TAMS 0x0000000088b00000, 0x0000000088b00000| Untracked 
| 140|0x0000000088c00000, 0x0000000088c00000, 0x0000000088d00000|  0%| F|  |TAMS 0x0000000088c00000, 0x0000000088c00000| Untracked 
| 141|0x0000000088d00000, 0x0000000088d00000, 0x0000000088e00000|  0%| F|  |TAMS 0x0000000088d00000, 0x0000000088d00000| Untracked 
| 142|0x0000000088e00000, 0x0000000088e00000, 0x0000000088f00000|  0%| F|  |TAMS 0x0000000088e00000, 0x0000000088e00000| Untracked 
| 143|0x0000000088f00000, 0x0000000088f00000, 0x0000000089000000|  0%| F|  |TAMS 0x0000000088f00000, 0x0000000088f00000| Untracked 
| 144|0x0000000089000000, 0x0000000089000000, 0x0000000089100000|  0%| F|  |TAMS 0x0000000089000000, 0x0000000089000000| Untracked 
| 145|0x0000000089100000, 0x0000000089100000, 0x0000000089200000|  0%| F|  |TAMS 0x0000000089100000, 0x0000000089100000| Untracked 
| 146|0x0000000089200000, 0x0000000089200000, 0x0000000089300000|  0%| F|  |TAMS 0x0000000089200000, 0x0000000089200000| Untracked 
| 147|0x0000000089300000, 0x0000000089300000, 0x0000000089400000|  0%| F|  |TAMS 0x0000000089300000, 0x0000000089300000| Untracked 
| 148|0x0000000089400000, 0x0000000089400000, 0x0000000089500000|  0%| F|  |TAMS 0x0000000089400000, 0x0000000089400000| Untracked 
| 149|0x0000000089500000, 0x0000000089500000, 0x0000000089600000|  0%| F|  |TAMS 0x0000000089500000, 0x0000000089500000| Untracked 
| 150|0x0000000089600000, 0x0000000089600000, 0x0000000089700000|  0%| F|  |TAMS 0x0000000089600000, 0x0000000089600000| Untracked 
| 151|0x0000000089700000, 0x0000000089700000, 0x0000000089800000|  0%| F|  |TAMS 0x0000000089700000, 0x0000000089700000| Untracked 
| 152|0x0000000089800000, 0x0000000089800000, 0x0000000089900000|  0%| F|  |TAMS 0x0000000089800000, 0x0000000089800000| Untracked 
| 153|0x0000000089900000, 0x0000000089900000, 0x0000000089a00000|  0%| F|  |TAMS 0x0000000089900000, 0x0000000089900000| Untracked 
| 154|0x0000000089a00000, 0x0000000089a00000, 0x0000000089b00000|  0%| F|  |TAMS 0x0000000089a00000, 0x0000000089a00000| Untracked 
| 155|0x0000000089b00000, 0x0000000089b00000, 0x0000000089c00000|  0%| F|  |TAMS 0x0000000089b00000, 0x0000000089b00000| Untracked 
| 156|0x0000000089c00000, 0x0000000089c00000, 0x0000000089d00000|  0%| F|  |TAMS 0x0000000089c00000, 0x0000000089c00000| Untracked 
| 157|0x0000000089d00000, 0x0000000089d00000, 0x0000000089e00000|  0%| F|  |TAMS 0x0000000089d00000, 0x0000000089d00000| Untracked 
| 158|0x0000000089e00000, 0x0000000089e00000, 0x0000000089f00000|  0%| F|  |TAMS 0x0000000089e00000, 0x0000000089e00000| Untracked 
| 159|0x0000000089f00000, 0x0000000089f00000, 0x000000008a000000|  0%| F|  |TAMS 0x0000000089f00000, 0x0000000089f00000| Untracked 
| 160|0x000000008a000000, 0x000000008a000000, 0x000000008a100000|  0%| F|  |TAMS 0x000000008a000000, 0x000000008a000000| Untracked 
| 161|0x000000008a100000, 0x000000008a100000, 0x000000008a200000|  0%| F|  |TAMS 0x000000008a100000, 0x000000008a100000| Untracked 
| 162|0x000000008a200000, 0x000000008a200000, 0x000000008a300000|  0%| F|  |TAMS 0x000000008a200000, 0x000000008a200000| Untracked 
| 163|0x000000008a300000, 0x000000008a300000, 0x000000008a400000|  0%| F|  |TAMS 0x000000008a300000, 0x000000008a300000| Untracked 
| 164|0x000000008a400000, 0x000000008a400000, 0x000000008a500000|  0%| F|  |TAMS 0x000000008a400000, 0x000000008a400000| Untracked 
| 165|0x000000008a500000, 0x000000008a500000, 0x000000008a600000|  0%| F|  |TAMS 0x000000008a500000, 0x000000008a500000| Untracked 
| 166|0x000000008a600000, 0x000000008a600000, 0x000000008a700000|  0%| F|  |TAMS 0x000000008a600000, 0x000000008a600000| Untracked 
| 167|0x000000008a700000, 0x000000008a700000, 0x000000008a800000|  0%| F|  |TAMS 0x000000008a700000, 0x000000008a700000| Untracked 
| 168|0x000000008a800000, 0x000000008a800000, 0x000000008a900000|  0%| F|  |TAMS 0x000000008a800000, 0x000000008a800000| Untracked 
| 169|0x000000008a900000, 0x000000008a900000, 0x000000008aa00000|  0%| F|  |TAMS 0x000000008a900000, 0x000000008a900000| Untracked 
| 170|0x000000008aa00000, 0x000000008aa00000, 0x000000008ab00000|  0%| F|  |TAMS 0x000000008aa00000, 0x000000008aa00000| Untracked 
| 171|0x000000008ab00000, 0x000000008ab9cbd0, 0x000000008ac00000| 61%| E|  |TAMS 0x000000008ab00000, 0x000000008ab00000| Complete 
| 172|0x000000008ac00000, 0x000000008ad00000, 0x000000008ad00000|100%| E|  |TAMS 0x000000008ac00000, 0x000000008ac00000| Complete 
| 173|0x000000008ad00000, 0x000000008ae00000, 0x000000008ae00000|100%| E|CS|TAMS 0x000000008ad00000, 0x000000008ad00000| Complete 
| 174|0x000000008ae00000, 0x000000008af00000, 0x000000008af00000|100%| E|CS|TAMS 0x000000008ae00000, 0x000000008ae00000| Complete 

Card table byte_map: [0x0000020e991e0000,0x0000020e995e0000] _byte_map_base: 0x0000020e98de0000

Marking Bits (Prev, Next): (CMBitMap*) 0x0000020e8588d598, (CMBitMap*) 0x0000020e8588d5d0
 Prev Bits: [0x0000020e999e0000, 0x0000020e9b9e0000)
 Next Bits: [0x0000020e9b9e0000, 0x0000020e9d9e0000)

Polling page: 0x0000020e89340000

Metaspace:

Usage:
  Non-class:     81.71 MB capacity,    80.24 MB ( 98%) used,     1.22 MB (  1%) free+waste,   258.63 KB ( <1%) overhead. 
      Class:     12.33 MB capacity,    11.51 MB ( 93%) used,   721.05 KB (  6%) free+waste,   114.94 KB ( <1%) overhead. 
       Both:     94.04 MB capacity,    91.75 MB ( 98%) used,     1.92 MB (  2%) free+waste,   373.56 KB ( <1%) overhead. 

Virtual space:
  Non-class space:       82.00 MB reserved,      81.75 MB (>99%) committed 
      Class space:        1.00 GB reserved,      12.45 MB (  1%) committed 
             Both:        1.08 GB reserved,      94.20 MB (  9%) committed 

Chunk freelists:
   Non-Class:  39.00 KB
       Class:  17.00 KB
        Both:  56.00 KB

MaxMetaspaceSize: 17179869184.00 GB
CompressedClassSpaceSize: 1.00 GB

CodeHeap 'non-profiled nmethods': size=120000Kb used=5777Kb max_used=5777Kb free=114222Kb
 bounds [0x0000020e90e30000, 0x0000020e913e0000, 0x0000020e98360000]
CodeHeap 'profiled nmethods': size=120000Kb used=24891Kb max_used=24891Kb free=95108Kb
 bounds [0x0000020e89900000, 0x0000020e8b150000, 0x0000020e90e30000]
CodeHeap 'non-nmethods': size=5760Kb used=2299Kb max_used=2339Kb free=3460Kb
 bounds [0x0000020e89360000, 0x0000020e895d0000, 0x0000020e89900000]
 total_blobs=13469 nmethods=12560 adapters=820
 compilation: enabled
              stopped_count=0, restarted_count=0
 full_count=0

Compilation events (20 events):
Event: 27.965 Thread 0x0000020ea04c2800 nmethod 12864 0x0000020e8b146290 code [0x0000020e8b146440, 0x0000020e8b146598]
Event: 27.965 Thread 0x0000020ea04c2800 12865       2       com.sun.org.apache.xerces.internal.parsers.XIncludeAwareParserConfiguration::getFeatureState (40 bytes)
Event: 27.966 Thread 0x0000020ea04c2800 nmethod 12865 0x0000020e8b146610 code [0x0000020e8b146800, 0x0000020e8b146b68]
Event: 27.966 Thread 0x0000020ea04c2800 12866       2       com.sun.org.apache.xerces.internal.util.FeatureState::is (12 bytes)
Event: 27.966 Thread 0x0000020ea04c2800 nmethod 12866 0x0000020e8b146d10 code [0x0000020e8b146ec0, 0x0000020e8b147058]
Event: 27.966 Thread 0x0000020ea04c2800 12867       2       com.google.common.util.concurrent.AbstractFuture$TrustedFuture::get (5 bytes)
Event: 27.966 Thread 0x0000020ea04c2800 nmethod 12867 0x0000020e8b147110 code [0x0000020e8b1472c0, 0x0000020e8b1473c8]
Event: 27.966 Thread 0x0000020ea04c2800 12868       2       com.sun.org.apache.xerces.internal.util.ParserConfigurationSettings::getFeature (20 bytes)
Event: 27.967 Thread 0x0000020ea04c2800 nmethod 12868 0x0000020e8b147490 code [0x0000020e8b147640, 0x0000020e8b1477a8]
Event: 27.968 Thread 0x0000020ea04c2800 12869       2       com.google.common.io.Closer::register (16 bytes)
Event: 27.968 Thread 0x0000020ea04c2800 nmethod 12869 0x0000020e8b147910 code [0x0000020e8b147ac0, 0x0000020e8b147c08]
Event: 27.970 Thread 0x0000020ea04c2800 12870       2       com.google.common.collect.HashBiMap::insert (188 bytes)
Event: 27.971 Thread 0x0000020ea04c2800 nmethod 12870 0x0000020e8b147c90 code [0x0000020e8b147ea0, 0x0000020e8b148698]
Event: 27.971 Thread 0x0000020ea04c2800 12871  s    2       com.android.tools.build.apkzlib.bytestorage.SwitchableDelegateInputStream::read (28 bytes)
Event: 27.971 Thread 0x0000020ea04c2800 nmethod 12871 0x0000020e8b148910 code [0x0000020e8b148ae0, 0x0000020e8b148e98]
Event: 27.973 Thread 0x0000020ea04c2800 12872       2       sun.util.locale.LocaleUtils::isAlphaNumeric (20 bytes)
Event: 27.973 Thread 0x0000020ea04c2800 nmethod 12872 0x0000020e8b148f90 code [0x0000020e8b149140, 0x0000020e8b1492b8]
Event: 27.974 Thread 0x0000020ea04c2800 12874  s    1       com.android.tools.build.apkzlib.bytestorage.InMemoryByteStorage::getBytesUsed (5 bytes)
Event: 27.975 Thread 0x0000020ea04c2800 nmethod 12874 0x0000020e913d3a10 code [0x0000020e913d3bc0, 0x0000020e913d3dd8]
Event: 27.975 Thread 0x0000020ea04c2800 12875       2       sun.util.calendar.BaseCalendar::getFixedDate (324 bytes)

GC Heap History (20 events):
Event: 21.521 GC heap before
{Heap before GC invocations=40 (full 0):
 garbage-first heap   total 143360K, used 108685K [0x0000000080000000, 0x0000000100000000)
  region size 1024K, 24 young (24576K), 3 survivors (3072K)
 Metaspace       used 81929K, capacity 84062K, committed 84428K, reserved 1122304K
  class space    used 10594K, capacity 11350K, committed 11468K, reserved 1048576K
}
Event: 21.529 GC heap after
{Heap after GC invocations=41 (full 0):
 garbage-first heap   total 179200K, used 87858K [0x0000000080000000, 0x0000000100000000)
  region size 1024K, 1 young (1024K), 1 survivors (1024K)
 Metaspace       used 81929K, capacity 84062K, committed 84428K, reserved 1122304K
  class space    used 10594K, capacity 11350K, committed 11468K, reserved 1048576K
}
Event: 21.894 GC heap before
{Heap before GC invocations=42 (full 0):
 garbage-first heap   total 179200K, used 121650K [0x0000000080000000, 0x0000000100000000)
  region size 1024K, 34 young (34816K), 1 survivors (1024K)
 Metaspace       used 81936K, capacity 84062K, committed 84428K, reserved 1122304K
  class space    used 10594K, capacity 11350K, committed 11468K, reserved 1048576K
}
Event: 21.895 GC heap after
{Heap after GC invocations=43 (full 0):
 garbage-first heap   total 179200K, used 87532K [0x0000000080000000, 0x0000000100000000)
  region size 1024K, 1 young (1024K), 1 survivors (1024K)
 Metaspace       used 81936K, capacity 84062K, committed 84428K, reserved 1122304K
  class space    used 10594K, capacity 11350K, committed 11468K, reserved 1048576K
}
Event: 22.094 GC heap before
{Heap before GC invocations=43 (full 0):
 garbage-first heap   total 179200K, used 93676K [0x0000000080000000, 0x0000000100000000)
  region size 1024K, 9 young (9216K), 1 survivors (1024K)
 Metaspace       used 81963K, capacity 84068K, committed 84428K, reserved 1122304K
  class space    used 10597K, capacity 11352K, committed 11468K, reserved 1048576K
}
Event: 22.099 GC heap after
{Heap after GC invocations=44 (full 0):
 garbage-first heap   total 179200K, used 91648K [0x0000000080000000, 0x0000000100000000)
  region size 1024K, 5 young (5120K), 5 survivors (5120K)
 Metaspace       used 81963K, capacity 84068K, committed 84428K, reserved 1122304K
  class space    used 10597K, capacity 11352K, committed 11468K, reserved 1048576K
}
Event: 22.702 GC heap before
{Heap before GC invocations=45 (full 0):
 garbage-first heap   total 179200K, used 143872K [0x0000000080000000, 0x0000000100000000)
  region size 1024K, 41 young (41984K), 5 survivors (5120K)
 Metaspace       used 85512K, capacity 87606K, committed 87756K, reserved 1126400K
  class space    used 10885K, capacity 11654K, committed 11724K, reserved 1048576K
}
Event: 22.707 GC heap after
{Heap after GC invocations=46 (full 0):
 garbage-first heap   total 179200K, used 91839K [0x0000000080000000, 0x0000000100000000)
  region size 1024K, 5 young (5120K), 5 survivors (5120K)
 Metaspace       used 85512K, capacity 87606K, committed 87756K, reserved 1126400K
  class space    used 10885K, capacity 11654K, committed 11724K, reserved 1048576K
}
Event: 23.060 GC heap before
{Heap before GC invocations=46 (full 0):
 garbage-first heap   total 179200K, used 130751K [0x0000000080000000, 0x0000000100000000)
  region size 1024K, 43 young (44032K), 5 survivors (5120K)
 Metaspace       used 86021K, capacity 88151K, committed 88396K, reserved 1126400K
  class space    used 10899K, capacity 11686K, committed 11852K, reserved 1048576K
}
Event: 23.078 GC heap after
{Heap after GC invocations=47 (full 0):
 garbage-first heap   total 179200K, used 93737K [0x0000000080000000, 0x0000000100000000)
  region size 1024K, 3 young (3072K), 3 survivors (3072K)
 Metaspace       used 86021K, capacity 88151K, committed 88396K, reserved 1126400K
  class space    used 10899K, capacity 11686K, committed 11852K, reserved 1048576K
}
Event: 23.460 GC heap before
{Heap before GC invocations=48 (full 0):
 garbage-first heap   total 179200K, used 126505K [0x0000000080000000, 0x0000000100000000)
  region size 1024K, 43 young (44032K), 3 survivors (3072K)
 Metaspace       used 87263K, capacity 89401K, committed 89676K, reserved 1126400K
  class space    used 11002K, capacity 11782K, committed 11852K, reserved 1048576K
}
Event: 23.465 GC heap after
{Heap after GC invocations=49 (full 0):
 garbage-first heap   total 179200K, used 85908K [0x0000000080000000, 0x0000000100000000)
  region size 1024K, 3 young (3072K), 3 survivors (3072K)
 Metaspace       used 87263K, capacity 89401K, committed 89676K, reserved 1126400K
  class space    used 11002K, capacity 11782K, committed 11852K, reserved 1048576K
}
Event: 23.522 GC heap before
{Heap before GC invocations=49 (full 0):
 garbage-first heap   total 179200K, used 91028K [0x0000000080000000, 0x0000000100000000)
  region size 1024K, 8 young (8192K), 3 survivors (3072K)
 Metaspace       used 87307K, capacity 89471K, committed 89676K, reserved 1126400K
  class space    used 11002K, capacity 11782K, committed 11852K, reserved 1048576K
}
Event: 23.527 GC heap after
{Heap after GC invocations=50 (full 0):
 garbage-first heap   total 179200K, used 77939K [0x0000000080000000, 0x0000000100000000)
  region size 1024K, 1 young (1024K), 1 survivors (1024K)
 Metaspace       used 87307K, capacity 89471K, committed 89676K, reserved 1126400K
  class space    used 11002K, capacity 11782K, committed 11852K, reserved 1048576K
}
Event: 25.039 GC heap before
{Heap before GC invocations=50 (full 0):
 garbage-first heap   total 179200K, used 130163K [0x0000000080000000, 0x0000000100000000)
  region size 1024K, 53 young (54272K), 1 survivors (1024K)
 Metaspace       used 90366K, capacity 92504K, committed 92620K, reserved 1130496K
  class space    used 11398K, capacity 12148K, committed 12236K, reserved 1048576K
}
Event: 25.045 GC heap after
{Heap after GC invocations=51 (full 0):
 garbage-first heap   total 179200K, used 78881K [0x0000000080000000, 0x0000000100000000)
  region size 1024K, 2 young (2048K), 2 survivors (2048K)
 Metaspace       used 90366K, capacity 92504K, committed 92620K, reserved 1130496K
  class space    used 11398K, capacity 12148K, committed 12236K, reserved 1048576K
}
Event: 26.630 GC heap before
{Heap before GC invocations=51 (full 0):
 garbage-first heap   total 179200K, used 133153K [0x0000000080000000, 0x0000000100000000)
  region size 1024K, 56 young (57344K), 2 survivors (2048K)
 Metaspace       used 91669K, capacity 93789K, committed 94028K, reserved 1130496K
  class space    used 11516K, capacity 12287K, committed 12364K, reserved 1048576K
}
Event: 26.638 GC heap after
{Heap after GC invocations=52 (full 0):
 garbage-first heap   total 179200K, used 81695K [0x0000000080000000, 0x0000000100000000)
  region size 1024K, 5 young (5120K), 5 survivors (5120K)
 Metaspace       used 91669K, capacity 93789K, committed 94028K, reserved 1130496K
  class space    used 11516K, capacity 12287K, committed 12364K, reserved 1048576K
}
Event: 27.371 GC heap before
{Heap before GC invocations=52 (full 0):
 garbage-first heap   total 179200K, used 136991K [0x0000000080000000, 0x0000000100000000)
  region size 1024K, 60 young (61440K), 5 survivors (5120K)
 Metaspace       used 92840K, capacity 95037K, committed 95180K, reserved 1132544K
  class space    used 11646K, capacity 12422K, committed 12492K, reserved 1048576K
}
Event: 27.381 GC heap after
{Heap after GC invocations=53 (full 0):
 garbage-first heap   total 179200K, used 83762K [0x0000000080000000, 0x0000000100000000)
  region size 1024K, 7 young (7168K), 7 survivors (7168K)
 Metaspace       used 92840K, capacity 95037K, committed 95180K, reserved 1132544K
  class space    used 11646K, capacity 12422K, committed 12492K, reserved 1048576K
}

Deoptimization events (20 events):
Event: 27.844 Thread 0x0000020ea7294000 DEOPT PACKING pc=0x0000020e8b0798c4 sp=0x0000006084cfd300
Event: 27.844 Thread 0x0000020ea7294000 DEOPT UNPACKING pc=0x0000020e893876ce sp=0x0000006084cfc8b8 mode 0
Event: 27.910 Thread 0x0000020ea7294000 DEOPT PACKING pc=0x0000020e8b0798c4 sp=0x0000006084cfd250
Event: 27.910 Thread 0x0000020ea7294000 DEOPT UNPACKING pc=0x0000020e893876ce sp=0x0000006084cfc7f0 mode 0
Event: 27.918 Thread 0x0000020ea686e000 DEOPT PACKING pc=0x0000020e8b0798c4 sp=0x00000060846f6ae0
Event: 27.920 Thread 0x0000020ea686e000 DEOPT UNPACKING pc=0x0000020e893876ce sp=0x00000060846f6080 mode 0
Event: 27.928 Thread 0x0000020ea7294000 DEOPT PACKING pc=0x0000020e8b0798c4 sp=0x0000006084cfd340
Event: 27.928 Thread 0x0000020ea7294000 DEOPT UNPACKING pc=0x0000020e893876ce sp=0x0000006084cfc8e0 mode 0
Event: 27.936 Thread 0x0000020ea7294000 DEOPT PACKING pc=0x0000020e8b0798c4 sp=0x0000006084cfd340
Event: 27.936 Thread 0x0000020ea7294000 DEOPT UNPACKING pc=0x0000020e893876ce sp=0x0000006084cfc8e0 mode 0
Event: 27.943 Thread 0x0000020ea7294000 DEOPT PACKING pc=0x0000020e8b0798c4 sp=0x0000006084cfd340
Event: 27.943 Thread 0x0000020ea7294000 DEOPT UNPACKING pc=0x0000020e893876ce sp=0x0000006084cfc8e0 mode 0
Event: 27.951 Thread 0x0000020ea7294000 DEOPT PACKING pc=0x0000020e8b0798c4 sp=0x0000006084cfd340
Event: 27.951 Thread 0x0000020ea7294000 DEOPT UNPACKING pc=0x0000020e893876ce sp=0x0000006084cfc8e0 mode 0
Event: 27.956 Thread 0x0000020ea4559800 DEOPT PACKING pc=0x0000020e8ac3db30 sp=0x0000006083afb120
Event: 27.956 Thread 0x0000020ea4559800 DEOPT UNPACKING pc=0x0000020e893876ce sp=0x0000006083afa640 mode 0
Event: 27.960 Thread 0x0000020ea7294000 DEOPT PACKING pc=0x0000020e8b0798c4 sp=0x0000006084cfd340
Event: 27.960 Thread 0x0000020ea7294000 DEOPT UNPACKING pc=0x0000020e893876ce sp=0x0000006084cfc8e0 mode 0
Event: 27.967 Thread 0x0000020ea7294000 DEOPT PACKING pc=0x0000020e8b0798c4 sp=0x0000006084cfd340
Event: 27.967 Thread 0x0000020ea7294000 DEOPT UNPACKING pc=0x0000020e893876ce sp=0x0000006084cfc8e0 mode 0

Classes redefined (0 events):
No events

Internal exceptions (20 events):
Event: 27.336 Thread 0x0000020ea4558800 Exception <a 'sun/nio/fs/WindowsException'{0x0000000087c4bd00}> (0x0000000087c4bd00) thrown at [./src/hotspot/share/prims/jni.cpp, line 615]
Event: 27.341 Thread 0x0000020ea29cd800 Exception <a 'sun/nio/fs/WindowsException'{0x0000000087c45bf0}> (0x0000000087c45bf0) thrown at [./src/hotspot/share/prims/jni.cpp, line 615]
Event: 27.345 Thread 0x0000020ea455c000 Exception <a 'sun/nio/fs/WindowsException'{0x0000000087f9d620}> (0x0000000087f9d620) thrown at [./src/hotspot/share/prims/jni.cpp, line 615]
Event: 27.345 Thread 0x0000020ea4557000 Exception <a 'sun/nio/fs/WindowsException'{0x0000000087bde998}> (0x0000000087bde998) thrown at [./src/hotspot/share/prims/jni.cpp, line 615]
Event: 27.350 Thread 0x0000020ea4558000 Exception <a 'sun/nio/fs/WindowsException'{0x0000000087bcf270}> (0x0000000087bcf270) thrown at [./src/hotspot/share/prims/jni.cpp, line 615]
Event: 27.367 Thread 0x0000020ea455b000 Exception <a 'sun/nio/fs/WindowsException'{0x000000008797ba88}> (0x000000008797ba88) thrown at [./src/hotspot/share/prims/jni.cpp, line 615]
Event: 27.367 Thread 0x0000020ea4557000 Exception <a 'sun/nio/fs/WindowsException'{0x00000000879d7150}> (0x00000000879d7150) thrown at [./src/hotspot/share/prims/jni.cpp, line 615]
Event: 27.388 Thread 0x0000020ea455a800 Exception <a 'sun/nio/fs/WindowsException'{0x000000008ae04f88}> (0x000000008ae04f88) thrown at [./src/hotspot/share/prims/jni.cpp, line 615]
Event: 27.396 Thread 0x0000020ea455c000 Exception <a 'sun/nio/fs/WindowsException'{0x000000008ad32488}> (0x000000008ad32488) thrown at [./src/hotspot/share/prims/jni.cpp, line 615]
Event: 27.399 Thread 0x0000020ea720e800 Exception <a 'sun/nio/fs/WindowsException'{0x000000008ab04870}> (0x000000008ab04870) thrown at [./src/hotspot/share/prims/jni.cpp, line 615]
Event: 27.424 Thread 0x0000020ea455a800 Exception <a 'sun/nio/fs/WindowsException'{0x000000008a902df8}> (0x000000008a902df8) thrown at [./src/hotspot/share/prims/jni.cpp, line 615]
Event: 27.463 Thread 0x0000020ea37cf800 Exception <a 'java/lang/NoSuchMethodError'{0x000000008a2ad7a0}: <clinit>> (0x000000008a2ad7a0) thrown at [./src/hotspot/share/prims/jni.cpp, line 1362]
Event: 27.466 Thread 0x0000020ea37cf800 Exception <a 'java/lang/NoSuchMethodError'{0x000000008a2c9090}: <clinit>> (0x000000008a2c9090) thrown at [./src/hotspot/share/prims/jni.cpp, line 1362]
Event: 27.794 Thread 0x0000020ea29cd800 Exception <a 'sun/nio/fs/WindowsException'{0x0000000088e703d0}> (0x0000000088e703d0) thrown at [./src/hotspot/share/prims/jni.cpp, line 615]
Event: 27.795 Thread 0x0000020ea29cd800 Exception <a 'sun/nio/fs/WindowsException'{0x0000000088e71a40}> (0x0000000088e71a40) thrown at [./src/hotspot/share/prims/jni.cpp, line 615]
Event: 27.795 Thread 0x0000020ea29cd800 Exception <a 'sun/nio/fs/WindowsException'{0x0000000088e71ce0}> (0x0000000088e71ce0) thrown at [./src/hotspot/share/prims/jni.cpp, line 615]
Event: 27.812 Thread 0x0000020ea7294000 Exception <a 'java/lang/NoSuchMethodError'{0x0000000088c6d7c0}: 'java.lang.Object java.lang.invoke.DirectMethodHandle$Holder.invokeVirtual(java.lang.Object, java.lang.Object, int)'> (0x0000000088c6d7c0) thrown at [./src/hotspot/share/interpreter/linkResolver.cpp, line 773]
Event: 27.817 Thread 0x0000020ea29cd800 Exception <a 'sun/nio/fs/WindowsException'{0x0000000088c0e298}> (0x0000000088c0e298) thrown at [./src/hotspot/share/prims/jni.cpp, line 615]
Event: 27.818 Thread 0x0000020ea29cd800 Exception <a 'sun/nio/fs/WindowsException'{0x0000000088c0f928}> (0x0000000088c0f928) thrown at [./src/hotspot/share/prims/jni.cpp, line 615]
Event: 27.820 Thread 0x0000020ea7294000 Exception <a 'java/lang/NoSuchMethodError'{0x0000000088c8d418}: 'void java.lang.invoke.DirectMethodHandle$Holder.invokeStatic(java.lang.Object, java.lang.Object, java.lang.Object, int)'> (0x0000000088c8d418) thrown at [./src/hotspot/share/interpreter/linkResolver.cpp, line 773]

Events (20 events):
Event: 27.952 loading class com/android/ide/common/xml/ManifestData done
Event: 27.958 Loaded shared library C:\Program Files\Android\Android Studio\jre\bin\java.dll
Event: 27.958 loading class com/android/build/gradle/internal/dependency/AarResourcesCompilerTransform$transform$resourceFolders$1
Event: 27.958 loading class com/android/build/gradle/internal/dependency/AarResourcesCompilerTransform$transform$resourceFolders$1 done
Event: 27.960 loading class com/android/build/gradle/internal/services/Aapt2Daemon
Event: 27.960 loading class com/android/build/gradle/internal/services/Aapt2Daemon done
Event: 27.964 loading class com/android/build/gradle/internal/workeractions/WorkerActionServiceRegistry
Event: 27.964 loading class com/android/build/gradle/internal/workeractions/WorkerActionServiceRegistry done
Event: 27.966 loading class com/android/builder/internal/aapt/v2/Aapt2DaemonTimeouts
Event: 27.966 loading class com/android/builder/internal/aapt/v2/Aapt2DaemonTimeouts done
Event: 27.967 loading class com/android/ide/common/xml/ManifestData$KeepClass
Event: 27.967 loading class com/android/ide/common/xml/ManifestData$KeepClass done
Event: 27.968 Executing VM operation: RevokeBias
Event: 27.969 Executing VM operation: RevokeBias done
Event: 27.973 loading class com/android/build/gradle/internal/services/Aapt2DaemonServiceKey
Event: 27.973 loading class com/android/build/gradle/internal/services/Aapt2DaemonServiceKey done
Event: 27.974 loading class com/android/build/gradle/internal/workeractions/WorkerActionServiceRegistry$ServiceKey
Event: 27.974 loading class com/android/build/gradle/internal/workeractions/WorkerActionServiceRegistry$ServiceKey done
Event: 27.975 loading class com/android/builder/internal/aapt/v2/Aapt2DaemonManager
Event: 27.975 loading class com/android/builder/internal/aapt/v2/Aapt2DaemonManager done


Dynamic libraries:
0x00007ff695e50000 - 0x00007ff695e5a000 	C:\Program Files\Android\Android Studio\jre\bin\java.exe
0x00007fff1b710000 - 0x00007fff1b905000 	C:\WINDOWS\SYSTEM32\ntdll.dll
0x00007fff19a70000 - 0x00007fff19b2e000 	C:\WINDOWS\System32\KERNEL32.DLL
0x00007fff19170000 - 0x00007fff19439000 	C:\WINDOWS\System32\KERNELBASE.dll
0x00007fff19440000 - 0x00007fff19540000 	C:\WINDOWS\System32\ucrtbase.dll
0x00007fff0adb0000 - 0x00007fff0adc7000 	C:\Program Files\Android\Android Studio\jre\bin\VCRUNTIME140.dll
0x00007fff12800000 - 0x00007fff12819000 	C:\Program Files\Android\Android Studio\jre\bin\jli.dll
0x00007fff19f50000 - 0x00007fff1a0f1000 	C:\WINDOWS\System32\USER32.dll
0x00007fff02920000 - 0x00007fff02bba000 	C:\WINDOWS\WinSxS\amd64_microsoft.windows.common-controls_6595b64144ccf1df_6.0.19041.1110_none_60b5254171f9507e\COMCTL32.dll
0x00007fff19680000 - 0x00007fff196a2000 	C:\WINDOWS\System32\win32u.dll
0x00007fff1b5a0000 - 0x00007fff1b63e000 	C:\WINDOWS\System32\msvcrt.dll
0x00007fff1aa70000 - 0x00007fff1aa9b000 	C:\WINDOWS\System32\GDI32.dll
0x00007fff19570000 - 0x00007fff1967b000 	C:\WINDOWS\System32\gdi32full.dll
0x00007fff18f90000 - 0x00007fff1902d000 	C:\WINDOWS\System32\msvcp_win.dll
0x00007fff1ae00000 - 0x00007fff1ae30000 	C:\WINDOWS\System32\IMM32.DLL
0x00007ffefd2f0000 - 0x00007ffefd38d000 	C:\Program Files\Android\Android Studio\jre\bin\msvcp140.dll
0x00007ffed8100000 - 0x00007ffed8bcf000 	C:\Program Files\Android\Android Studio\jre\bin\server\jvm.dll
0x00007fff19810000 - 0x00007fff198bc000 	C:\WINDOWS\System32\ADVAPI32.dll
0x00007fff1ae40000 - 0x00007fff1aedb000 	C:\WINDOWS\System32\sechost.dll
0x00007fff1a940000 - 0x00007fff1aa6a000 	C:\WINDOWS\System32\RPCRT4.dll
0x00007fff19f40000 - 0x00007fff19f48000 	C:\WINDOWS\System32\PSAPI.DLL
0x00007fff0eb00000 - 0x00007fff0eb27000 	C:\WINDOWS\SYSTEM32\WINMM.dll
0x00007fff0df80000 - 0x00007fff0df89000 	C:\WINDOWS\SYSTEM32\WSOCK32.dll
0x00007fff0ebd0000 - 0x00007fff0ebda000 	C:\WINDOWS\SYSTEM32\VERSION.dll
0x00007fff19c00000 - 0x00007fff19c6b000 	C:\WINDOWS\System32\WS2_32.dll
0x00007fff176b0000 - 0x00007fff176c2000 	C:\WINDOWS\SYSTEM32\kernel.appcore.dll
0x00007fff12710000 - 0x00007fff12721000 	C:\Program Files\Android\Android Studio\jre\bin\verify.dll
0x00007fff174a0000 - 0x00007fff17684000 	C:\WINDOWS\SYSTEM32\DBGHELP.DLL
0x00007fff0e7f0000 - 0x00007fff0e81c000 	C:\WINDOWS\SYSTEM32\dbgcore.DLL
0x00007fff19080000 - 0x00007fff19103000 	C:\WINDOWS\System32\bcryptPrimitives.dll
0x00007fff12610000 - 0x00007fff12639000 	C:\Program Files\Android\Android Studio\jre\bin\java.dll
0x00007fff145d0000 - 0x00007fff145db000 	C:\Program Files\Android\Android Studio\jre\bin\jimage.dll
0x00007fff0e540000 - 0x00007fff0e558000 	C:\Program Files\Android\Android Studio\jre\bin\zip.dll
0x00007fff1a1a0000 - 0x00007fff1a8df000 	C:\WINDOWS\System32\SHELL32.dll
0x00007fff16bd0000 - 0x00007fff17360000 	C:\WINDOWS\SYSTEM32\windows.storage.dll
0x00007fff1aaa0000 - 0x00007fff1adf5000 	C:\WINDOWS\System32\combase.dll
0x00007fff187b0000 - 0x00007fff187dc000 	C:\WINDOWS\SYSTEM32\Wldp.dll
0x00007fff19760000 - 0x00007fff1980d000 	C:\WINDOWS\System32\SHCORE.dll
0x00007fff19b90000 - 0x00007fff19be5000 	C:\WINDOWS\System32\shlwapi.dll
0x00007fff18d70000 - 0x00007fff18d8f000 	C:\WINDOWS\SYSTEM32\profapi.dll
0x00007fff0e520000 - 0x00007fff0e53a000 	C:\Program Files\Android\Android Studio\jre\bin\net.dll
0x00007fff0cc80000 - 0x00007fff0cd88000 	C:\WINDOWS\SYSTEM32\WINHTTP.dll
0x00007fff18510000 - 0x00007fff1857a000 	C:\WINDOWS\system32\mswsock.dll
0x00007fff0d7f0000 - 0x00007fff0d804000 	C:\Program Files\Android\Android Studio\jre\bin\nio.dll
0x00007fff012b0000 - 0x00007fff012d7000 	C:\Users\chris\.gradle\native\8bec1ad78214c89d9ad589b4d07fe93259594b29d510b10fafb7a158f7737e5d\windows-amd64\native-platform.dll
0x00007ffefb320000 - 0x00007ffefb45d000 	C:\Users\chris\.gradle\native\53dbd7edfb1c66fb8903c78663c9afc45aea4f116125fa6feffd364cf09443e8\windows-amd64\native-platform-file-events.dll
0x00007fff12850000 - 0x00007fff1285a000 	C:\Program Files\Android\Android Studio\jre\bin\management.dll
0x00007fff125d0000 - 0x00007fff125dc000 	C:\Program Files\Android\Android Studio\jre\bin\management_ext.dll
0x00007fff18710000 - 0x00007fff18728000 	C:\WINDOWS\SYSTEM32\CRYPTSP.dll
0x00007fff17e90000 - 0x00007fff17ec4000 	C:\WINDOWS\system32\rsaenh.dll
0x00007fff19540000 - 0x00007fff19567000 	C:\WINDOWS\System32\bcrypt.dll
0x00007fff18cf0000 - 0x00007fff18d1e000 	C:\WINDOWS\SYSTEM32\USERENV.dll
0x00007fff18700000 - 0x00007fff1870c000 	C:\WINDOWS\SYSTEM32\CRYPTBASE.dll
0x00007fff18200000 - 0x00007fff1823b000 	C:\WINDOWS\SYSTEM32\IPHLPAPI.DLL
0x00007fff19bf0000 - 0x00007fff19bf8000 	C:\WINDOWS\System32\NSI.dll
0x00007fff0d1a0000 - 0x00007fff0d1b7000 	C:\WINDOWS\SYSTEM32\dhcpcsvc6.DLL
0x00007fff0eed0000 - 0x00007fff0eeed000 	C:\WINDOWS\SYSTEM32\dhcpcsvc.DLL
0x00007fff18240000 - 0x00007fff1830c000 	C:\WINDOWS\SYSTEM32\DNSAPI.dll

dbghelp: loaded successfully - version: 4.0.5 - missing functions: none
symbol engine: initialized successfully - sym options: 0x614 - pdb path: .;C:\Program Files\Android\Android Studio\jre\bin;C:\WINDOWS\SYSTEM32;C:\WINDOWS\WinSxS\amd64_microsoft.windows.common-controls_6595b64144ccf1df_6.0.19041.1110_none_60b5254171f9507e;C:\Program Files\Android\Android Studio\jre\bin\server;C:\Users\chris\.gradle\native\8bec1ad78214c89d9ad589b4d07fe93259594b29d510b10fafb7a158f7737e5d\windows-amd64;C:\Users\chris\.gradle\native\53dbd7edfb1c66fb8903c78663c9afc45aea4f116125fa6feffd364cf09443e8\windows-amd64

VM Arguments:
jvm_args: --add-opens=java.base/java.util=ALL-UNNAMED --add-opens=java.base/java.lang=ALL-UNNAMED --add-opens=java.base/java.lang.invoke=ALL-UNNAMED --add-opens=java.base/java.util=ALL-UNNAMED --add-opens=java.prefs/java.util.prefs=ALL-UNNAMED --add-opens=java.prefs/java.util.prefs=ALL-UNNAMED --add-opens=java.base/java.nio.charset=ALL-UNNAMED --add-opens=java.base/java.net=ALL-UNNAMED --add-opens=java.base/java.util.concurrent.atomic=ALL-UNNAMED -Xmx2048m -Dfile.encoding=UTF-8 -Duser.country=US -Duser.language=en -Duser.variant 
java_command: org.gradle.launcher.daemon.bootstrap.GradleDaemon 7.0.2
java_class_path (initial): C:\Users\chris\.gradle\wrapper\dists\gradle-7.0.2-bin\857tjihv64xamwrf0h14cai3r\gradle-7.0.2\lib\gradle-launcher-7.0.2.jar
Launcher Type: SUN_STANDARD

[Global flags]
     intx CICompilerCount                          = 4                                         {product} {ergonomic}
     uint ConcGCThreads                            = 2                                         {product} {ergonomic}
     uint G1ConcRefinementThreads                  = 8                                         {product} {ergonomic}
   size_t G1HeapRegionSize                         = 1048576                                   {product} {ergonomic}
    uintx GCDrainStackTargetSize                   = 64                                        {product} {ergonomic}
   size_t InitialHeapSize                          = 100663296                                 {product} {ergonomic}
   size_t MarkStackSize                            = 4194304                                   {product} {ergonomic}
   size_t MaxHeapSize                              = 2147483648                                {product} {command line}
   size_t MaxNewSize                               = 1287651328                                {product} {ergonomic}
   size_t MinHeapDeltaBytes                        = 1048576                                   {product} {ergonomic}
    uintx NonNMethodCodeHeapSize                   = 5836300                                {pd product} {ergonomic}
    uintx NonProfiledCodeHeapSize                  = 122910970                              {pd product} {ergonomic}
    uintx ProfiledCodeHeapSize                     = 122910970                              {pd product} {ergonomic}
    uintx ReservedCodeCacheSize                    = 251658240                              {pd product} {ergonomic}
     bool SegmentedCodeCache                       = true                                      {product} {ergonomic}
     bool UseCompressedClassPointers               = true                                 {lp64_product} {ergonomic}
     bool UseCompressedOops                        = true                                 {lp64_product} {ergonomic}
     bool UseG1GC                                  = true                                      {product} {ergonomic}
     bool UseLargePagesIndividualAllocation        = false                                  {pd product} {ergonomic}

Logging:
Log output configuration:
 #0: stdout all=warning uptime,level,tags
 #1: stderr all=off uptime,level,tags

Environment Variables:
PATH=C:\Program Files\Oculus\Support\oculus-runtime;C:\Windows\system32;C:\Windows;C:\Windows\System32\Wbem;C:\Windows\System32\WindowsPowerShell\v1.0\;C:\Windows\System32\OpenSSH\;C:\Program Files\nodejs\;C:\Program Files\Git\cmd;%SystemRoot%\system32;%SystemRoot%;%SystemRoot%\System32\Wbem;%SYSTEMROOT%\System32\WindowsPowerShell\v1.0\;%SYSTEMROOT%\System32\OpenSSH\;C:\Users\chris\AppData\Local\Microsoft\WindowsApps;C:\Users\chris\AppData\Roaming\npm;C:\Users\chris\AppData\Local\GitHubDesktop\bin;C:\Users\chris\AppData\Local\Programs\Microsoft VS Code\bin;
USERNAME=chris
OS=Windows_NT
PROCESSOR_IDENTIFIER=AMD64 Family 23 Model 24 Stepping 1, AuthenticAMD



---------------  S Y S T E M  ---------------

OS: Windows 10 , 64 bit Build 19041 (10.0.19041.1202)
OS uptime: 16 days 18:04 hours

CPU:total 8 (initial active 8) (8 cores per cpu, 2 threads per core) family 23 model 24 stepping 1 microcode 0x0, cmov, cx8, fxsr, mmx, sse, sse2, sse3, ssse3, sse4.1, sse4.2, popcnt, avx, avx2, aes, clmul, mmxext, 3dnowpref, lzcnt, sse4a, ht, tsc, tscinvbit, tscinv, bmi1, bmi2, adx, s

Memory: 4k page, system-wide physical 6020M (101M free)
TotalPageFile size 24452M (AvailPageFile size 5M)
current process WorkingSet (physical memory assigned to process): 289M, peak: 368M
current process commit charge ("private bytes"): 453M, peak: 461M

vm_info: OpenJDK 64-Bit Server VM (11.0.10+0-b96-7249189) for windows-amd64 JRE (11.0.10+0-b96-7249189), built on Mar 31 2021 21:44:00 by "builder" with MS VC++ 14.0 (VS2015)

END.
