#
# There is insufficient memory for the Java Runtime Environment to continue.
# Native memory allocation (mmap) failed to map 314572800 bytes for Failed to commit area from 0x0000000092c00000 to 0x00000000a5800000 of length 314572800.
# Possible reasons:
#   The system is out of physical RAM or swap space
#   The process is running with CompressedOops enabled, and the Java Heap may be blocking the growth of the native heap
# Possible solutions:
#   Reduce memory load on the system
#   Increase physical memory or swap space
#   Check if swap backing store is full
#   Decrease Java heap size (-Xmx/-Xms)
#   Decrease number of Java threads
#   Decrease Java thread stack sizes (-Xss)
#   Set larger code cache with -XX:ReservedCodeCacheSize=
#   JVM is running with Unscaled Compressed Oops mode in which the Java heap is
#     placed in the first 4GB address space. The Java Heap base address is the
#     maximum limit for the native heap growth. Please use -XX:HeapBaseMinAddress
#     to set the Java Heap base and to place the Java Heap above 4GB virtual address.
# This output file may be truncated or incomplete.
#
#  Out of Memory Error (./src/hotspot/os/windows/os_windows.cpp:3301), pid=6128, tid=19340
#
# JRE version: OpenJDK Runtime Environment (11.0.10) (build 11.0.10+0-b96-7249189)
# Java VM: OpenJDK 64-Bit Server VM (11.0.10+0-b96-7249189, mixed mode, tiered, compressed oops, g1 gc, windows-amd64)
# No core dump will be written. Minidumps are not enabled by default on client versions of Windows
#

---------------  S U M M A R Y ------------

Command Line: --add-opens=java.base/java.util=ALL-UNNAMED --add-opens=java.base/java.lang=ALL-UNNAMED --add-opens=java.base/java.lang.invoke=ALL-UNNAMED --add-opens=java.base/java.util=ALL-UNNAMED --add-opens=java.prefs/java.util.prefs=ALL-UNNAMED --add-opens=java.prefs/java.util.prefs=ALL-UNNAMED --add-opens=java.base/java.nio.charset=ALL-UNNAMED --add-opens=java.base/java.net=ALL-UNNAMED --add-opens=java.base/java.util.concurrent.atomic=ALL-UNNAMED -Xmx2048m -Dfile.encoding=UTF-8 -Duser.country=US -Duser.language=en -Duser.variant org.gradle.launcher.daemon.bootstrap.GradleDaemon 7.0.2

Host: AMD Ryzen 5 3500U with Radeon Vega Mobile Gfx  , 8 cores, 5G,  Windows 10 , 64 bit Build 19041 (10.0.19041.1202)
Time: Wed Nov 17 16:45:29 2021 Eastern Standard Time elapsed time: 25.435333 seconds (0d 0h 0m 25s)

---------------  T H R E A D  ---------------

Current thread (0x000002d2b414e000):  VMThread "VM Thread" [stack: 0x000000d2c2200000,0x000000d2c2300000] [id=19340]

Stack: [0x000000d2c2200000,0x000000d2c2300000]
[error occurred during error reporting (printing stack bounds), id 0xc0000005, EXCEPTION_ACCESS_VIOLATION (0xc0000005) at pc=0x000002d29cff0f2d]

Native frames: (J=compiled Java code, j=interpreted, Vv=VM code, C=native code)
V  [jvm.dll+0x5ecfaa]
V  [jvm.dll+0x722bd5]
V  [jvm.dll+0x72412d]
V  [jvm.dll+0x724745]
V  [jvm.dll+0x7246fb]
V  [jvm.dll+0x5ec348]
V  [jvm.dll+0x5ecad8]
C  [ntdll.dll+0xa20cf]
C  [ntdll.dll+0x51454]
C  [ntdll.dll+0xa0bfe]
C  0x000002d29cff0f2d

VM_Operation (0x000000d2c50f9150): G1CollectForAllocation, mode: safepoint, requested by thread 0x000002d2b7136000


---------------  P R O C E S S  ---------------

Threads class SMR info:
_java_thread_list=0x000002d2bcebd180, length=68, elements={
0x000002d2994fd000, 0x000002d2b4150000, 0x000002d2b415d000, 0x000002d2b416c000,
0x000002d2b416e000, 0x000002d2b4170000, 0x000002d2b417a800, 0x000002d2b417f000,
0x000002d2b418c800, 0x000002d2b4b77800, 0x000002d2b6deb000, 0x000002d2b6b32000,
0x000002d2b7040000, 0x000002d2b65a1800, 0x000002d2b6030800, 0x000002d2b5e92000,
0x000002d2b5dfe800, 0x000002d2b6d1c800, 0x000002d2b5e1d800, 0x000002d2b6960800,
0x000002d2b6960000, 0x000002d2b695e000, 0x000002d2b695f000, 0x000002d2b6961800,
0x000002d2b695c800, 0x000002d2b6962000, 0x000002d2b6963000, 0x000002d2b695d800,
0x000002d2b712e800, 0x000002d2b712c000, 0x000002d2b7130000, 0x000002d2b712b800,
0x000002d2b7131000, 0x000002d2b7132800, 0x000002d2b712d000, 0x000002d2b7139000,
0x000002d2b7135000, 0x000002d2b7136000, 0x000002d2b7134800, 0x000002d2b7133800,
0x000002d2b7136800, 0x000002d2b7137800, 0x000002d2b7138800, 0x000002d2b713a000,
0x000002d2b8c76000, 0x000002d2b8c79800, 0x000002d2b8c77000, 0x000002d2b8c7a000,
0x000002d2b8c77800, 0x000002d2b8c7b000, 0x000002d2b8c75000, 0x000002d2b8c80800,
0x000002d2b8c80000, 0x000002d2b8c7e000, 0x000002d2b8c7c800, 0x000002d2b8c81800,
0x000002d2b8c7c000, 0x000002d2b8c7d800, 0x000002d2b8c82800, 0x000002d2b8c83000,
0x000002d2b8c84000, 0x000002d2b8c7f000, 0x000002d2b5aca000, 0x000002d2b5ac6000,
0x000002d2b9aab000, 0x000002d2b5acb800, 0x000002d2b5ac7800, 0x000002d2b5aca800
}

Java Threads: ( => current thread )
  0x000002d2994fd000 JavaThread "main" [_thread_blocked, id=13384, stack(0x000000d2c1c00000,0x000000d2c1d00000)]
  0x000002d2b4150000 JavaThread "Reference Handler" daemon [_thread_blocked, id=15096, stack(0x000000d2c2300000,0x000000d2c2400000)]
  0x000002d2b415d000 JavaThread "Finalizer" daemon [_thread_blocked, id=31720, stack(0x000000d2c2400000,0x000000d2c2500000)]
  0x000002d2b416c000 JavaThread "Signal Dispatcher" daemon [_thread_blocked, id=16980, stack(0x000000d2c2500000,0x000000d2c2600000)]
  0x000002d2b416e000 JavaThread "Attach Listener" daemon [_thread_blocked, id=19276, stack(0x000000d2c2600000,0x000000d2c2700000)]
  0x000002d2b4170000 JavaThread "Service Thread" daemon [_thread_blocked, id=26504, stack(0x000000d2c2700000,0x000000d2c2800000)]
  0x000002d2b417a800 JavaThread "C2 CompilerThread0" daemon [_thread_blocked, id=9552, stack(0x000000d2c2800000,0x000000d2c2900000)]
  0x000002d2b417f000 JavaThread "C1 CompilerThread0" daemon [_thread_blocked, id=10908, stack(0x000000d2c2900000,0x000000d2c2a00000)]
  0x000002d2b418c800 JavaThread "Sweeper thread" daemon [_thread_blocked, id=11984, stack(0x000000d2c2a00000,0x000000d2c2b00000)]
  0x000002d2b4b77800 JavaThread "Common-Cleaner" daemon [_thread_blocked, id=22456, stack(0x000000d2c2b00000,0x000000d2c2c00000)]
  0x000002d2b6deb000 JavaThread "Daemon health stats" [_thread_blocked, id=4228, stack(0x000000d2c2e00000,0x000000d2c2f00000)]
  0x000002d2b6b32000 JavaThread "Incoming local TCP Connector on port 64189" [_thread_in_native, id=18512, stack(0x000000d2c3100000,0x000000d2c3200000)]
  0x000002d2b7040000 JavaThread "Daemon periodic checks" [_thread_blocked, id=22408, stack(0x000000d2c3200000,0x000000d2c3300000)]
  0x000002d2b65a1800 JavaThread "Daemon" [_thread_blocked, id=29152, stack(0x000000d2c3300000,0x000000d2c3400000)]
  0x000002d2b6030800 JavaThread "Handler for socket connection from /127.0.0.1:64189 to /127.0.0.1:64190" [_thread_in_native, id=27460, stack(0x000000d2c3400000,0x000000d2c3500000)]
  0x000002d2b5e92000 JavaThread "Cancel handler" [_thread_blocked, id=13488, stack(0x000000d2c3500000,0x000000d2c3600000)]
  0x000002d2b5dfe800 JavaThread "Daemon worker" [_thread_blocked, id=22712, stack(0x000000d2c3600000,0x000000d2c3700000)]
  0x000002d2b6d1c800 JavaThread "Asynchronous log dispatcher for DefaultDaemonConnection: socket connection from /127.0.0.1:64189 to /127.0.0.1:64190" [_thread_blocked, id=10560, stack(0x000000d2c3700000,0x000000d2c3800000)]
  0x000002d2b5e1d800 JavaThread "Stdin handler" [_thread_blocked, id=30300, stack(0x000000d2c3800000,0x000000d2c3900000)]
  0x000002d2b6960800 JavaThread "Daemon client event forwarder" [_thread_blocked, id=26852, stack(0x000000d2c3900000,0x000000d2c3a00000)]
  0x000002d2b6960000 JavaThread "Cache worker for file hash cache (C:\Users\chris\.gradle\caches\7.0.2\fileHashes)" [_thread_blocked, id=11788, stack(0x000000d2c3e00000,0x000000d2c3f00000)]
  0x000002d2b695e000 JavaThread "File lock request listener" [_thread_in_native, id=25092, stack(0x000000d2c3f00000,0x000000d2c4000000)]
  0x000002d2b695f000 JavaThread "Cache worker for journal cache (C:\Users\chris\.gradle\caches\journal-1)" [_thread_blocked, id=30936, stack(0x000000d2c4100000,0x000000d2c4200000)]
  0x000002d2b6961800 JavaThread "Cache worker for file hash cache (C:\Users\chris\Desktop\group\.gradle\7.0.2\fileHashes)" [_thread_blocked, id=8932, stack(0x000000d2c4200000,0x000000d2c4300000)]
  0x000002d2b695c800 JavaThread "File watcher server" daemon [_thread_blocked, id=28108, stack(0x000000d2c4300000,0x000000d2c4400000)]
  0x000002d2b6962000 JavaThread "File watcher consumer" daemon [_thread_blocked, id=25928, stack(0x000000d2c4400000,0x000000d2c4500000)]
  0x000002d2b6963000 JavaThread "Cache worker for checksums cache (C:\Users\chris\Desktop\group\.gradle\checksums)" [_thread_blocked, id=27048, stack(0x000000d2c4500000,0x000000d2c4600000)]
  0x000002d2b695d800 JavaThread "Cache worker for cache directory md-supplier (C:\Users\chris\.gradle\caches\7.0.2\md-supplier)" [_thread_blocked, id=2856, stack(0x000000d2c4600000,0x000000d2c4700000)]
  0x000002d2b712e800 JavaThread "Cache worker for cache directory md-rule (C:\Users\chris\.gradle\caches\7.0.2\md-rule)" [_thread_blocked, id=26712, stack(0x000000d2c4700000,0x000000d2c4800000)]
  0x000002d2b712c000 JavaThread "Cache worker for execution history cache (C:\Users\chris\.gradle\caches\7.0.2\executionHistory)" [_thread_blocked, id=8144, stack(0x000000d2c4800000,0x000000d2c4900000)]
  0x000002d2b7130000 JavaThread "jar transforms" [_thread_blocked, id=6344, stack(0x000000d2c4900000,0x000000d2c4a00000)]
  0x000002d2b712b800 JavaThread "jar transforms Thread 2" [_thread_blocked, id=13172, stack(0x000000d2c4a00000,0x000000d2c4b00000)]
  0x000002d2b7131000 JavaThread "Cache worker for file content cache (C:\Users\chris\.gradle\caches\7.0.2\fileContent)" [_thread_blocked, id=15912, stack(0x000000d2c4b00000,0x000000d2c4c00000)]
  0x000002d2b7132800 JavaThread "Cache worker for dependencies-accessors (C:\Users\chris\Desktop\group\.gradle\7.0.2\dependencies-accessors)" [_thread_blocked, id=19120, stack(0x000000d2c4c00000,0x000000d2c4d00000)]
  0x000002d2b712d000 JavaThread "jar transforms Thread 3" [_thread_blocked, id=21960, stack(0x000000d2c4d00000,0x000000d2c4e00000)]
  0x000002d2b7139000 JavaThread "Cache worker for Build Output Cleanup Cache (C:\Users\chris\Desktop\group\.gradle\buildOutputCleanup)" [_thread_blocked, id=11004, stack(0x000000d2c4e00000,0x000000d2c4f00000)]
  0x000002d2b7135000 JavaThread "Build operations" [_thread_blocked, id=16724, stack(0x000000d2c4f00000,0x000000d2c5000000)]
  0x000002d2b7136000 JavaThread "Build operations Thread 2" [_thread_blocked, id=15100, stack(0x000000d2c5000000,0x000000d2c5100000)]
  0x000002d2b7134800 JavaThread "Build operations Thread 3" [_thread_blocked, id=21588, stack(0x000000d2c5100000,0x000000d2c5200000)]
  0x000002d2b7133800 JavaThread "Build operations Thread 4" [_thread_blocked, id=21692, stack(0x000000d2c5200000,0x000000d2c5300000)]
  0x000002d2b7136800 JavaThread "Build operations Thread 5" [_thread_blocked, id=21268, stack(0x000000d2c5300000,0x000000d2c5400000)]
  0x000002d2b7137800 JavaThread "Build operations Thread 6" [_thread_blocked, id=2332, stack(0x000000d2c5400000,0x000000d2c5500000)]
  0x000002d2b7138800 JavaThread "Build operations Thread 7" [_thread_blocked, id=3088, stack(0x000000d2c5500000,0x000000d2c5600000)]
  0x000002d2b713a000 JavaThread "Build operations Thread 8" [_thread_blocked, id=5176, stack(0x000000d2c5600000,0x000000d2c5700000)]
  0x000002d2b8c76000 JavaThread "jar transforms Thread 4" [_thread_blocked, id=6232, stack(0x000000d2c5700000,0x000000d2c5800000)]
  0x000002d2b8c79800 JavaThread "jar transforms Thread 5" [_thread_blocked, id=27472, stack(0x000000d2c5800000,0x000000d2c5900000)]
  0x000002d2b8c77000 JavaThread "jar transforms Thread 6" [_thread_blocked, id=10576, stack(0x000000d2c5900000,0x000000d2c5a00000)]
  0x000002d2b8c7a000 JavaThread "jar transforms Thread 7" [_thread_blocked, id=27600, stack(0x000000d2c5a00000,0x000000d2c5b00000)]
  0x000002d2b8c77800 JavaThread "jar transforms Thread 8" [_thread_blocked, id=24772, stack(0x000000d2c5b00000,0x000000d2c5c00000)]
  0x000002d2b8c7b000 JavaThread "Memory manager" [_thread_blocked, id=23876, stack(0x000000d2c5c00000,0x000000d2c5d00000)]
  0x000002d2b8c75000 JavaThread "build event listener" [_thread_blocked, id=22236, stack(0x000000d2c5e00000,0x000000d2c5f00000)]
  0x000002d2b8c80800 JavaThread "Execution worker for ':'" [_thread_blocked, id=21276, stack(0x000000d2c5f00000,0x000000d2c6000000)]
  0x000002d2b8c80000 JavaThread "Execution worker for ':' Thread 2" [_thread_blocked, id=17172, stack(0x000000d2c6000000,0x000000d2c6100000)]
  0x000002d2b8c7e000 JavaThread "Execution worker for ':' Thread 3" [_thread_blocked, id=27072, stack(0x000000d2c6100000,0x000000d2c6200000)]
  0x000002d2b8c7c800 JavaThread "Execution worker for ':' Thread 4" [_thread_blocked, id=19952, stack(0x000000d2c6200000,0x000000d2c6300000)]
  0x000002d2b8c81800 JavaThread "Execution worker for ':' Thread 5" [_thread_blocked, id=3420, stack(0x000000d2c6300000,0x000000d2c6400000)]
  0x000002d2b8c7c000 JavaThread "Execution worker for ':' Thread 6" [_thread_blocked, id=30448, stack(0x000000d2c6400000,0x000000d2c6500000)]
  0x000002d2b8c7d800 JavaThread "Execution worker for ':' Thread 7" [_thread_blocked, id=804, stack(0x000000d2c6500000,0x000000d2c6600000)]
  0x000002d2b8c82800 JavaThread "Cache worker for execution history cache (C:\Users\chris\Desktop\group\.gradle\7.0.2\executionHistory)" [_thread_blocked, id=24996, stack(0x000000d2c6600000,0x000000d2c6700000)]
  0x000002d2b8c83000 JavaThread "pool-2-thread-1" [_thread_blocked, id=28336, stack(0x000000d2c6700000,0x000000d2c6800000)]
  0x000002d2b8c84000 JavaThread "stderr" [_thread_in_native, id=15132, stack(0x000000d2c6800000,0x000000d2c6900000)]
  0x000002d2b8c7f000 JavaThread "stdout" [_thread_in_native, id=30632, stack(0x000000d2c6900000,0x000000d2c6a00000)]
  0x000002d2b5aca000 JavaThread "stderr" [_thread_in_native, id=13656, stack(0x000000d2c6a00000,0x000000d2c6b00000)]
  0x000002d2b5ac6000 JavaThread "stdout" [_thread_in_native, id=16572, stack(0x000000d2c6b00000,0x000000d2c6c00000)]
  0x000002d2b9aab000 JavaThread "C2 CompilerThread1" daemon [_thread_blocked, id=9376, stack(0x000000d2c5d00000,0x000000d2c5e00000)]
  0x000002d2b5acb800 JavaThread "WorkerExecutor Queue" [_thread_blocked, id=29136, stack(0x000000d2c6c00000,0x000000d2c6d00000)]
  0x000002d2b5ac7800 JavaThread "WorkerExecutor Queue Thread 2" [_thread_blocked, id=26048, stack(0x000000d2c6d00000,0x000000d2c6e00000)]
  0x000002d2b5aca800 JavaThread "WorkerExecutor Queue Thread 3" [_thread_blocked, id=21964, stack(0x000000d2c6e00000,0x000000d2c6f00000)]

Other Threads:
=>0x000002d2b414e000 VMThread "VM Thread" [stack: 0x000000d2c2200000,0x000000d2c2300000] [id=19340]
  0x000002d2b4ba2800 WatcherThread [stack: 0x000000d2c2c00000,0x000000d2c2d00000] [id=12296]
  0x000002d299512800 GCTaskThread "GC Thread#0" [stack: 0x000000d2c1d00000,0x000000d2c1e00000] [id=8588]
  0x000002d2b54ad000 GCTaskThread "GC Thread#1" [stack: 0x000000d2c2d00000,0x000000d2c2e00000] [id=29456]
  0x000002d2b644d800 GCTaskThread "GC Thread#2" [stack: 0x000000d2c2f00000,0x000000d2c3000000] [id=6872]
  0x000002d2b5a8f000 GCTaskThread "GC Thread#3" [stack: 0x000000d2c3000000,0x000000d2c3100000] [id=30332]
  0x000002d2b58fc800 GCTaskThread "GC Thread#4" [stack: 0x000000d2c3a00000,0x000000d2c3b00000] [id=11256]
  0x000002d2b69b9800 GCTaskThread "GC Thread#5" [stack: 0x000000d2c3b00000,0x000000d2c3c00000] [id=26888]
  0x000002d2b6ddd000 GCTaskThread "GC Thread#6" [stack: 0x000000d2c3c00000,0x000000d2c3d00000] [id=26288]
  0x000002d2b69a5000 GCTaskThread "GC Thread#7" [stack: 0x000000d2c3d00000,0x000000d2c3e00000] [id=30228]
  0x000002d299548000 ConcurrentGCThread "G1 Main Marker" [stack: 0x000000d2c1e00000,0x000000d2c1f00000] [id=15172]
  0x000002d299549000 ConcurrentGCThread "G1 Conc#0" [stack: 0x000000d2c1f00000,0x000000d2c2000000] [id=12400]
  0x000002d2b6c4c000 ConcurrentGCThread "G1 Conc#1" [stack: 0x000000d2c4000000,0x000000d2c4100000] [id=27584]
  0x000002d2b3fb6800 ConcurrentGCThread "G1 Refine#0" [stack: 0x000000d2c2000000,0x000000d2c2100000] [id=17472]
  0x000002d2b3fb9800 ConcurrentGCThread "G1 Young RemSet Sampling" [stack: 0x000000d2c2100000,0x000000d2c2200000] [id=30800]

Threads with active compile tasks:
C2 CompilerThread0  25492 13715       4       com.android.tools.r8.internal.Nv::a (455 bytes)
C1 CompilerThread0  25492 13795 %     3       com.android.tools.r8.internal.Mv::a @ 322 (1305 bytes)
C2 CompilerThread1  25492 13598       4       com.android.tools.r8.internal.Ne::G (324 bytes)

VM state:at safepoint (normal execution)

VM Mutex/Monitor currently owned by a thread:  ([mutex/lock_event])
[0x000002d2994f7860] Threads_lock - owner thread: 0x000002d2b414e000
[0x000002d2994f80d0] Heap_lock - owner thread: 0x000002d2b7136000

Heap address: 0x0000000080000000, size: 2048 MB, Compressed Oops mode: 32-bit
Narrow klass base: 0x0000000000000000, Narrow klass shift: 3
Compressed class space size: 1073741824 Address: 0x0000000100000000

Heap:
 garbage-first heap   total 614400K, used 133937K [0x0000000080000000, 0x0000000100000000)
  region size 1024K, 3 young (3072K), 3 survivors (3072K)
 Metaspace       used 100233K, capacity 103013K, committed 103244K, reserved 1138688K
  class space    used 13026K, capacity 14058K, committed 14156K, reserved 1048576K
Heap Regions: E=young(eden), S=young(survivor), O=old, HS=humongous(starts), HC=humongous(continues), CS=collection set, F=free, A=archive, TAMS=top-at-mark-start (previous, next)
|   0|0x0000000080000000, 0x0000000080100000, 0x0000000080100000|100%| O|  |TAMS 0x0000000080100000, 0x0000000080000000| Untracked 
|   1|0x0000000080100000, 0x0000000080200000, 0x0000000080200000|100%| O|  |TAMS 0x0000000080200000, 0x0000000080100000| Untracked 
|   2|0x0000000080200000, 0x0000000080300000, 0x0000000080300000|100%| O|  |TAMS 0x0000000080300000, 0x0000000080200000| Untracked 
|   3|0x0000000080300000, 0x0000000080400000, 0x0000000080400000|100%|HS|  |TAMS 0x0000000080400000, 0x0000000080300000| Complete 
|   4|0x0000000080400000, 0x0000000080500000, 0x0000000080500000|100%|HC|  |TAMS 0x0000000080500000, 0x0000000080400000| Complete 
|   5|0x0000000080500000, 0x0000000080600000, 0x0000000080600000|100%|HC|  |TAMS 0x0000000080600000, 0x0000000080500000| Complete 
|   6|0x0000000080600000, 0x0000000080700000, 0x0000000080700000|100%| O|  |TAMS 0x0000000080700000, 0x0000000080600000| Untracked 
|   7|0x0000000080700000, 0x0000000080800000, 0x0000000080800000|100%| O|  |TAMS 0x0000000080800000, 0x0000000080700000| Untracked 
|   8|0x0000000080800000, 0x0000000080900000, 0x0000000080900000|100%| O|  |TAMS 0x0000000080900000, 0x0000000080800000| Untracked 
|   9|0x0000000080900000, 0x0000000080a00000, 0x0000000080a00000|100%| O|  |TAMS 0x0000000080a00000, 0x0000000080900000| Untracked 
|  10|0x0000000080a00000, 0x0000000080b00000, 0x0000000080b00000|100%| O|  |TAMS 0x0000000080b00000, 0x0000000080a00000| Untracked 
|  11|0x0000000080b00000, 0x0000000080c00000, 0x0000000080c00000|100%| O|  |TAMS 0x0000000080c00000, 0x0000000080b00000| Untracked 
|  12|0x0000000080c00000, 0x0000000080d00000, 0x0000000080d00000|100%| O|  |TAMS 0x0000000080d00000, 0x0000000080c00000| Untracked 
|  13|0x0000000080d00000, 0x0000000080e00000, 0x0000000080e00000|100%| O|  |TAMS 0x0000000080e00000, 0x0000000080d00000| Untracked 
|  14|0x0000000080e00000, 0x0000000080f00000, 0x0000000080f00000|100%| O|  |TAMS 0x0000000080f00000, 0x0000000080e00000| Untracked 
|  15|0x0000000080f00000, 0x0000000081000000, 0x0000000081000000|100%| O|  |TAMS 0x0000000081000000, 0x0000000080f00000| Untracked 
|  16|0x0000000081000000, 0x0000000081100000, 0x0000000081100000|100%| O|  |TAMS 0x0000000081100000, 0x0000000081000000| Untracked 
|  17|0x0000000081100000, 0x0000000081200000, 0x0000000081200000|100%| O|  |TAMS 0x0000000081200000, 0x0000000081100000| Untracked 
|  18|0x0000000081200000, 0x0000000081300000, 0x0000000081300000|100%| O|  |TAMS 0x0000000081300000, 0x0000000081200000| Untracked 
|  19|0x0000000081300000, 0x0000000081400000, 0x0000000081400000|100%| O|  |TAMS 0x0000000081400000, 0x0000000081300000| Untracked 
|  20|0x0000000081400000, 0x0000000081500000, 0x0000000081500000|100%| O|  |TAMS 0x0000000081500000, 0x0000000081400000| Untracked 
|  21|0x0000000081500000, 0x0000000081600000, 0x0000000081600000|100%| O|  |TAMS 0x0000000081600000, 0x0000000081500000| Untracked 
|  22|0x0000000081600000, 0x0000000081700000, 0x0000000081700000|100%| O|  |TAMS 0x0000000081700000, 0x0000000081600000| Untracked 
|  23|0x0000000081700000, 0x0000000081800000, 0x0000000081800000|100%| O|  |TAMS 0x0000000081800000, 0x0000000081700000| Untracked 
|  24|0x0000000081800000, 0x0000000081900000, 0x0000000081900000|100%| O|  |TAMS 0x0000000081900000, 0x0000000081800000| Untracked 
|  25|0x0000000081900000, 0x0000000081a00000, 0x0000000081a00000|100%| O|  |TAMS 0x0000000081a00000, 0x0000000081900000| Untracked 
|  26|0x0000000081a00000, 0x0000000081b00000, 0x0000000081b00000|100%| O|  |TAMS 0x0000000081b00000, 0x0000000081a00000| Untracked 
|  27|0x0000000081b00000, 0x0000000081c00000, 0x0000000081c00000|100%|HS|  |TAMS 0x0000000081c00000, 0x0000000081b00000| Complete 
|  28|0x0000000081c00000, 0x0000000081d00000, 0x0000000081d00000|100%|HS|  |TAMS 0x0000000081d00000, 0x0000000081c00000| Complete 
|  29|0x0000000081d00000, 0x0000000081e00000, 0x0000000081e00000|100%|HS|  |TAMS 0x0000000081e00000, 0x0000000081d00000| Complete 
|  30|0x0000000081e00000, 0x0000000081f00000, 0x0000000081f00000|100%|HC|  |TAMS 0x0000000081f00000, 0x0000000081e00000| Complete 
|  31|0x0000000081f00000, 0x0000000082000000, 0x0000000082000000|100%| O|  |TAMS 0x0000000082000000, 0x0000000081f00000| Untracked 
|  32|0x0000000082000000, 0x0000000082100000, 0x0000000082100000|100%| O|  |TAMS 0x0000000082100000, 0x0000000082000000| Untracked 
|  33|0x0000000082100000, 0x0000000082200000, 0x0000000082200000|100%| O|  |TAMS 0x0000000082200000, 0x0000000082100000| Untracked 
|  34|0x0000000082200000, 0x0000000082300000, 0x0000000082300000|100%| O|  |TAMS 0x0000000082300000, 0x0000000082200000| Untracked 
|  35|0x0000000082300000, 0x0000000082400000, 0x0000000082400000|100%| O|  |TAMS 0x0000000082400000, 0x0000000082300000| Untracked 
|  36|0x0000000082400000, 0x0000000082500000, 0x0000000082500000|100%| O|  |TAMS 0x0000000082500000, 0x0000000082400000| Untracked 
|  37|0x0000000082500000, 0x0000000082600000, 0x0000000082600000|100%| O|  |TAMS 0x0000000082600000, 0x0000000082500000| Untracked 
|  38|0x0000000082600000, 0x0000000082700000, 0x0000000082700000|100%| O|  |TAMS 0x0000000082700000, 0x0000000082600000| Untracked 
|  39|0x0000000082700000, 0x0000000082800000, 0x0000000082800000|100%| O|  |TAMS 0x0000000082800000, 0x0000000082700000| Untracked 
|  40|0x0000000082800000, 0x0000000082900000, 0x0000000082900000|100%| O|  |TAMS 0x0000000082900000, 0x0000000082800000| Untracked 
|  41|0x0000000082900000, 0x0000000082a00000, 0x0000000082a00000|100%| O|  |TAMS 0x0000000082a00000, 0x0000000082900000| Untracked 
|  42|0x0000000082a00000, 0x0000000082b00000, 0x0000000082b00000|100%| O|  |TAMS 0x0000000082b00000, 0x0000000082a00000| Untracked 
|  43|0x0000000082b00000, 0x0000000082c00000, 0x0000000082c00000|100%| O|  |TAMS 0x0000000082c00000, 0x0000000082b00000| Untracked 
|  44|0x0000000082c00000, 0x0000000082d00000, 0x0000000082d00000|100%| O|  |TAMS 0x0000000082d00000, 0x0000000082c00000| Untracked 
|  45|0x0000000082d00000, 0x0000000082e00000, 0x0000000082e00000|100%| O|  |TAMS 0x0000000082e00000, 0x0000000082d00000| Untracked 
|  46|0x0000000082e00000, 0x0000000082f00000, 0x0000000082f00000|100%| O|  |TAMS 0x0000000082f00000, 0x0000000082e00000| Untracked 
|  47|0x0000000082f00000, 0x0000000083000000, 0x0000000083000000|100%| O|  |TAMS 0x0000000083000000, 0x0000000082f00000| Untracked 
|  48|0x0000000083000000, 0x0000000083100000, 0x0000000083100000|100%| O|  |TAMS 0x0000000083100000, 0x0000000083000000| Untracked 
|  49|0x0000000083100000, 0x0000000083200000, 0x0000000083200000|100%| O|  |TAMS 0x0000000083200000, 0x0000000083100000| Untracked 
|  50|0x0000000083200000, 0x0000000083300000, 0x0000000083300000|100%| O|  |TAMS 0x0000000083300000, 0x0000000083200000| Untracked 
|  51|0x0000000083300000, 0x0000000083400000, 0x0000000083400000|100%| O|  |TAMS 0x0000000083400000, 0x0000000083300000| Untracked 
|  52|0x0000000083400000, 0x0000000083500000, 0x0000000083500000|100%| O|  |TAMS 0x0000000083500000, 0x0000000083400000| Untracked 
|  53|0x0000000083500000, 0x0000000083600000, 0x0000000083600000|100%| O|  |TAMS 0x0000000083600000, 0x0000000083500000| Untracked 
|  54|0x0000000083600000, 0x0000000083700000, 0x0000000083700000|100%| O|  |TAMS 0x0000000083700000, 0x0000000083600000| Untracked 
|  55|0x0000000083700000, 0x0000000083800000, 0x0000000083800000|100%| O|  |TAMS 0x0000000083800000, 0x0000000083700000| Untracked 
|  56|0x0000000083800000, 0x0000000083900000, 0x0000000083900000|100%| O|  |TAMS 0x0000000083900000, 0x0000000083800000| Untracked 
|  57|0x0000000083900000, 0x0000000083a00000, 0x0000000083a00000|100%| O|  |TAMS 0x0000000083a00000, 0x0000000083900000| Untracked 
|  58|0x0000000083a00000, 0x0000000083b00000, 0x0000000083b00000|100%| O|  |TAMS 0x0000000083b00000, 0x0000000083a00000| Untracked 
|  59|0x0000000083b00000, 0x0000000083c00000, 0x0000000083c00000|100%| O|  |TAMS 0x0000000083c00000, 0x0000000083b00000| Untracked 
|  60|0x0000000083c00000, 0x0000000083d00000, 0x0000000083d00000|100%| O|  |TAMS 0x0000000083d00000, 0x0000000083c00000| Untracked 
|  61|0x0000000083d00000, 0x0000000083e00000, 0x0000000083e00000|100%| O|  |TAMS 0x0000000083e00000, 0x0000000083d00000| Untracked 
|  62|0x0000000083e00000, 0x0000000083f00000, 0x0000000083f00000|100%| O|  |TAMS 0x0000000083f00000, 0x0000000083e00000| Untracked 
|  63|0x0000000083f00000, 0x0000000084000000, 0x0000000084000000|100%| O|  |TAMS 0x0000000084000000, 0x0000000083f00000| Untracked 
|  64|0x0000000084000000, 0x0000000084100000, 0x0000000084100000|100%| O|  |TAMS 0x0000000084100000, 0x0000000084000000| Untracked 
|  65|0x0000000084100000, 0x0000000084200000, 0x0000000084200000|100%| O|  |TAMS 0x0000000084200000, 0x0000000084100000| Untracked 
|  66|0x0000000084200000, 0x0000000084300000, 0x0000000084300000|100%| O|  |TAMS 0x0000000084300000, 0x0000000084200000| Untracked 
|  67|0x0000000084300000, 0x0000000084400000, 0x0000000084400000|100%| O|  |TAMS 0x0000000084400000, 0x0000000084300000| Untracked 
|  68|0x0000000084400000, 0x0000000084500000, 0x0000000084500000|100%| O|  |TAMS 0x0000000084500000, 0x0000000084400000| Untracked 
|  69|0x0000000084500000, 0x0000000084600000, 0x0000000084600000|100%| O|  |TAMS 0x0000000084600000, 0x0000000084500000| Untracked 
|  70|0x0000000084600000, 0x0000000084700000, 0x0000000084700000|100%| O|  |TAMS 0x0000000084700000, 0x0000000084600000| Untracked 
|  71|0x0000000084700000, 0x0000000084800000, 0x0000000084800000|100%| O|  |TAMS 0x0000000084800000, 0x0000000084700000| Untracked 
|  72|0x0000000084800000, 0x0000000084900000, 0x0000000084900000|100%| O|  |TAMS 0x0000000084900000, 0x0000000084800000| Untracked 
|  73|0x0000000084900000, 0x0000000084a00000, 0x0000000084a00000|100%| O|  |TAMS 0x0000000084a00000, 0x0000000084900000| Untracked 
|  74|0x0000000084a00000, 0x0000000084b00000, 0x0000000084b00000|100%| O|  |TAMS 0x0000000084b00000, 0x0000000084a00000| Untracked 
|  75|0x0000000084b00000, 0x0000000084c00000, 0x0000000084c00000|100%| O|  |TAMS 0x0000000084c00000, 0x0000000084b00000| Untracked 
|  76|0x0000000084c00000, 0x0000000084d00000, 0x0000000084d00000|100%| O|  |TAMS 0x0000000084d00000, 0x0000000084c00000| Untracked 
|  77|0x0000000084d00000, 0x0000000084e00000, 0x0000000084e00000|100%| O|  |TAMS 0x0000000084e00000, 0x0000000084d00000| Untracked 
|  78|0x0000000084e00000, 0x0000000084f00000, 0x0000000084f00000|100%| O|  |TAMS 0x0000000084e00000, 0x0000000084e00000| Untracked 
|  79|0x0000000084f00000, 0x0000000085000000, 0x0000000085000000|100%| O|  |TAMS 0x0000000084f00000, 0x0000000084f00000| Untracked 
|  80|0x0000000085000000, 0x0000000085100000, 0x0000000085100000|100%| O|  |TAMS 0x0000000085100000, 0x0000000085000000| Untracked 
|  81|0x0000000085100000, 0x0000000085200000, 0x0000000085200000|100%| O|  |TAMS 0x0000000085200000, 0x0000000085100000| Untracked 
|  82|0x0000000085200000, 0x0000000085300000, 0x0000000085300000|100%| O|  |TAMS 0x0000000085300000, 0x0000000085200000| Untracked 
|  83|0x0000000085300000, 0x0000000085400000, 0x0000000085400000|100%| O|  |TAMS 0x0000000085400000, 0x0000000085300000| Untracked 
|  84|0x0000000085400000, 0x0000000085500000, 0x0000000085500000|100%| O|  |TAMS 0x0000000085500000, 0x0000000085400000| Untracked 
|  85|0x0000000085500000, 0x0000000085600000, 0x0000000085600000|100%| O|  |TAMS 0x0000000085600000, 0x0000000085500000| Untracked 
|  86|0x0000000085600000, 0x0000000085700000, 0x0000000085700000|100%| O|  |TAMS 0x0000000085700000, 0x0000000085600000| Untracked 
|  87|0x0000000085700000, 0x0000000085800000, 0x0000000085800000|100%| O|  |TAMS 0x0000000085800000, 0x0000000085700000| Untracked 
|  88|0x0000000085800000, 0x0000000085900000, 0x0000000085900000|100%| O|  |TAMS 0x0000000085900000, 0x0000000085800000| Untracked 
|  89|0x0000000085900000, 0x0000000085a00000, 0x0000000085a00000|100%| O|  |TAMS 0x0000000085a00000, 0x0000000085900000| Untracked 
|  90|0x0000000085a00000, 0x0000000085b00000, 0x0000000085b00000|100%| O|  |TAMS 0x0000000085b00000, 0x0000000085a00000| Untracked 
|  91|0x0000000085b00000, 0x0000000085c00000, 0x0000000085c00000|100%| O|  |TAMS 0x0000000085c00000, 0x0000000085b00000| Untracked 
|  92|0x0000000085c00000, 0x0000000085d00000, 0x0000000085d00000|100%| O|  |TAMS 0x0000000085d00000, 0x0000000085c00000| Untracked 
|  93|0x0000000085d00000, 0x0000000085e00000, 0x0000000085e00000|100%| O|  |TAMS 0x0000000085e00000, 0x0000000085d00000| Untracked 
|  94|0x0000000085e00000, 0x0000000085f00000, 0x0000000085f00000|100%| O|  |TAMS 0x0000000085f00000, 0x0000000085e00000| Untracked 
|  95|0x0000000085f00000, 0x0000000086000000, 0x0000000086000000|100%| O|  |TAMS 0x0000000086000000, 0x0000000085f00000| Untracked 
|  96|0x0000000086000000, 0x0000000086100000, 0x0000000086100000|100%| O|  |TAMS 0x00000000860b6a00, 0x0000000086000000| Untracked 
|  97|0x0000000086100000, 0x0000000086200000, 0x0000000086200000|100%| O|  |TAMS 0x0000000086100000, 0x0000000086100000| Untracked 
|  98|0x0000000086200000, 0x0000000086300000, 0x0000000086300000|100%| O|  |TAMS 0x0000000086200000, 0x0000000086200000| Untracked 
|  99|0x0000000086300000, 0x0000000086400000, 0x0000000086400000|100%| O|  |TAMS 0x0000000086300000, 0x0000000086300000| Untracked 
| 100|0x0000000086400000, 0x0000000086500000, 0x0000000086500000|100%| O|  |TAMS 0x0000000086400000, 0x0000000086400000| Untracked 
| 101|0x0000000086500000, 0x0000000086600000, 0x0000000086600000|100%| O|  |TAMS 0x0000000086500000, 0x0000000086500000| Untracked 
| 102|0x0000000086600000, 0x0000000086700000, 0x0000000086700000|100%| O|  |TAMS 0x0000000086600000, 0x0000000086600000| Untracked 
| 103|0x0000000086700000, 0x0000000086800000, 0x0000000086800000|100%| O|  |TAMS 0x0000000086700000, 0x0000000086700000| Untracked 
| 104|0x0000000086800000, 0x0000000086900000, 0x0000000086900000|100%| O|  |TAMS 0x0000000086800000, 0x0000000086800000| Untracked 
| 105|0x0000000086900000, 0x0000000086a00000, 0x0000000086a00000|100%| O|  |TAMS 0x0000000086900000, 0x0000000086900000| Untracked 
| 106|0x0000000086a00000, 0x0000000086b00000, 0x0000000086b00000|100%| O|  |TAMS 0x0000000086a00000, 0x0000000086a00000| Untracked 
| 107|0x0000000086b00000, 0x0000000086c00000, 0x0000000086c00000|100%| O|  |TAMS 0x0000000086b00000, 0x0000000086b00000| Untracked 
| 108|0x0000000086c00000, 0x0000000086d00000, 0x0000000086d00000|100%| O|  |TAMS 0x0000000086c00000, 0x0000000086c00000| Untracked 
| 109|0x0000000086d00000, 0x0000000086e00000, 0x0000000086e00000|100%| O|  |TAMS 0x0000000086d00000, 0x0000000086d00000| Untracked 
| 110|0x0000000086e00000, 0x0000000086f00000, 0x0000000086f00000|100%| O|  |TAMS 0x0000000086e00000, 0x0000000086e00000| Untracked 
| 111|0x0000000086f00000, 0x0000000087000000, 0x0000000087000000|100%| O|  |TAMS 0x0000000086f00000, 0x0000000086f00000| Untracked 
| 112|0x0000000087000000, 0x0000000087100000, 0x0000000087100000|100%| O|  |TAMS 0x0000000087000000, 0x0000000087000000| Untracked 
| 113|0x0000000087100000, 0x0000000087200000, 0x0000000087200000|100%| O|  |TAMS 0x0000000087100000, 0x0000000087100000| Untracked 
| 114|0x0000000087200000, 0x0000000087300000, 0x0000000087300000|100%| O|  |TAMS 0x0000000087200000, 0x0000000087200000| Untracked 
| 115|0x0000000087300000, 0x0000000087400000, 0x0000000087400000|100%| O|  |TAMS 0x0000000087300000, 0x0000000087300000| Untracked 
| 116|0x0000000087400000, 0x0000000087500000, 0x0000000087500000|100%| O|  |TAMS 0x0000000087400000, 0x0000000087400000| Untracked 
| 117|0x0000000087500000, 0x0000000087600000, 0x0000000087600000|100%| O|  |TAMS 0x0000000087500000, 0x0000000087500000| Untracked 
| 118|0x0000000087600000, 0x0000000087700000, 0x0000000087700000|100%| O|  |TAMS 0x0000000087600000, 0x0000000087600000| Untracked 
| 119|0x0000000087700000, 0x0000000087800000, 0x0000000087800000|100%| O|  |TAMS 0x0000000087700000, 0x0000000087700000| Untracked 
| 120|0x0000000087800000, 0x0000000087900000, 0x0000000087900000|100%| O|  |TAMS 0x0000000087800000, 0x0000000087800000| Untracked 
| 121|0x0000000087900000, 0x0000000087a00000, 0x0000000087a00000|100%| O|  |TAMS 0x0000000087900000, 0x0000000087900000| Untracked 
| 122|0x0000000087a00000, 0x0000000087b00000, 0x0000000087b00000|100%| O|  |TAMS 0x0000000087a00000, 0x0000000087a00000| Untracked 
| 123|0x0000000087b00000, 0x0000000087c00000, 0x0000000087c00000|100%| O|  |TAMS 0x0000000087b00000, 0x0000000087b00000| Untracked 
| 124|0x0000000087c00000, 0x0000000087d00000, 0x0000000087d00000|100%| O|  |TAMS 0x0000000087c00000, 0x0000000087c00000| Untracked 
| 125|0x0000000087d00000, 0x0000000087e00000, 0x0000000087e00000|100%| O|  |TAMS 0x0000000087d00000, 0x0000000087d00000| Untracked 
| 126|0x0000000087e00000, 0x0000000087f00000, 0x0000000087f00000|100%| O|  |TAMS 0x0000000087e00000, 0x0000000087e00000| Untracked 
| 127|0x0000000087f00000, 0x0000000088000000, 0x0000000088000000|100%| O|  |TAMS 0x0000000087f00000, 0x0000000087f00000| Untracked 
| 128|0x0000000088000000, 0x000000008808e600, 0x0000000088100000| 55%| O|  |TAMS 0x0000000088000000, 0x0000000088000000| Untracked 
| 129|0x0000000088100000, 0x0000000088100000, 0x0000000088200000|  0%| F|  |TAMS 0x0000000088100000, 0x0000000088100000| Untracked 
| 130|0x0000000088200000, 0x0000000088200000, 0x0000000088300000|  0%| F|  |TAMS 0x0000000088200000, 0x0000000088200000| Untracked 
| 131|0x0000000088300000, 0x0000000088300000, 0x0000000088400000|  0%| F|  |TAMS 0x0000000088300000, 0x0000000088300000| Untracked 
| 132|0x0000000088400000, 0x0000000088400000, 0x0000000088500000|  0%| F|  |TAMS 0x0000000088400000, 0x0000000088400000| Untracked 
| 133|0x0000000088500000, 0x0000000088500000, 0x0000000088600000|  0%| F|  |TAMS 0x0000000088500000, 0x0000000088500000| Untracked 
| 134|0x0000000088600000, 0x0000000088600000, 0x0000000088700000|  0%| F|  |TAMS 0x0000000088600000, 0x0000000088600000| Untracked 
| 135|0x0000000088700000, 0x0000000088700000, 0x0000000088800000|  0%| F|  |TAMS 0x0000000088700000, 0x0000000088700000| Untracked 
| 136|0x0000000088800000, 0x0000000088800000, 0x0000000088900000|  0%| F|  |TAMS 0x0000000088800000, 0x0000000088800000| Untracked 
| 137|0x0000000088900000, 0x0000000088900000, 0x0000000088a00000|  0%| F|  |TAMS 0x0000000088900000, 0x0000000088900000| Untracked 
| 138|0x0000000088a00000, 0x0000000088a00000, 0x0000000088b00000|  0%| F|  |TAMS 0x0000000088a00000, 0x0000000088a00000| Untracked 
| 139|0x0000000088b00000, 0x0000000088b00000, 0x0000000088c00000|  0%| F|  |TAMS 0x0000000088b00000, 0x0000000088b00000| Untracked 
| 140|0x0000000088c00000, 0x0000000088c00000, 0x0000000088d00000|  0%| F|  |TAMS 0x0000000088c00000, 0x0000000088c00000| Untracked 
| 141|0x0000000088d00000, 0x0000000088d00000, 0x0000000088e00000|  0%| F|  |TAMS 0x0000000088d00000, 0x0000000088d00000| Untracked 
| 142|0x0000000088e00000, 0x0000000088e00000, 0x0000000088f00000|  0%| F|  |TAMS 0x0000000088e00000, 0x0000000088e00000| Untracked 
| 143|0x0000000088f00000, 0x0000000088f00000, 0x0000000089000000|  0%| F|  |TAMS 0x0000000088f00000, 0x0000000088f00000| Untracked 
| 144|0x0000000089000000, 0x0000000089000000, 0x0000000089100000|  0%| F|  |TAMS 0x0000000089000000, 0x0000000089000000| Untracked 
| 145|0x0000000089100000, 0x0000000089100000, 0x0000000089200000|  0%| F|  |TAMS 0x0000000089100000, 0x0000000089100000| Untracked 
| 146|0x0000000089200000, 0x0000000089200000, 0x0000000089300000|  0%| F|  |TAMS 0x0000000089200000, 0x0000000089200000| Untracked 
| 147|0x0000000089300000, 0x0000000089300000, 0x0000000089400000|  0%| F|  |TAMS 0x0000000089300000, 0x0000000089300000| Untracked 
| 148|0x0000000089400000, 0x0000000089400000, 0x0000000089500000|  0%| F|  |TAMS 0x0000000089400000, 0x0000000089400000| Untracked 
| 149|0x0000000089500000, 0x0000000089500000, 0x0000000089600000|  0%| F|  |TAMS 0x0000000089500000, 0x0000000089500000| Untracked 
| 150|0x0000000089600000, 0x0000000089600000, 0x0000000089700000|  0%| F|  |TAMS 0x0000000089600000, 0x0000000089600000| Untracked 
| 151|0x0000000089700000, 0x0000000089700000, 0x0000000089800000|  0%| F|  |TAMS 0x0000000089700000, 0x0000000089700000| Untracked 
| 152|0x0000000089800000, 0x0000000089800000, 0x0000000089900000|  0%| F|  |TAMS 0x0000000089800000, 0x0000000089800000| Untracked 
| 153|0x0000000089900000, 0x0000000089900000, 0x0000000089a00000|  0%| F|  |TAMS 0x0000000089900000, 0x0000000089900000| Untracked 
| 154|0x0000000089a00000, 0x0000000089a00000, 0x0000000089b00000|  0%| F|  |TAMS 0x0000000089a00000, 0x0000000089a00000| Untracked 
| 155|0x0000000089b00000, 0x0000000089b00000, 0x0000000089c00000|  0%| F|  |TAMS 0x0000000089b00000, 0x0000000089b00000| Untracked 
| 156|0x0000000089c00000, 0x0000000089c00000, 0x0000000089d00000|  0%| F|  |TAMS 0x0000000089c00000, 0x0000000089c00000| Untracked 
| 157|0x0000000089d00000, 0x0000000089d00000, 0x0000000089e00000|  0%| F|  |TAMS 0x0000000089d00000, 0x0000000089d00000| Untracked 
| 158|0x0000000089e00000, 0x0000000089e00000, 0x0000000089f00000|  0%| F|  |TAMS 0x0000000089e00000, 0x0000000089e00000| Untracked 
| 159|0x0000000089f00000, 0x0000000089f00000, 0x000000008a000000|  0%| F|  |TAMS 0x0000000089f00000, 0x0000000089f00000| Untracked 
| 160|0x000000008a000000, 0x000000008a000000, 0x000000008a100000|  0%| F|  |TAMS 0x000000008a000000, 0x000000008a000000| Untracked 
| 161|0x000000008a100000, 0x000000008a100000, 0x000000008a200000|  0%| F|  |TAMS 0x000000008a100000, 0x000000008a100000| Untracked 
| 162|0x000000008a200000, 0x000000008a200000, 0x000000008a300000|  0%| F|  |TAMS 0x000000008a200000, 0x000000008a200000| Untracked 
| 163|0x000000008a300000, 0x000000008a300000, 0x000000008a400000|  0%| F|  |TAMS 0x000000008a300000, 0x000000008a300000| Untracked 
| 164|0x000000008a400000, 0x000000008a400000, 0x000000008a500000|  0%| F|  |TAMS 0x000000008a400000, 0x000000008a400000| Untracked 
| 165|0x000000008a500000, 0x000000008a500000, 0x000000008a600000|  0%| F|  |TAMS 0x000000008a500000, 0x000000008a500000| Untracked 
| 166|0x000000008a600000, 0x000000008a600000, 0x000000008a700000|  0%| F|  |TAMS 0x000000008a600000, 0x000000008a600000| Untracked 
| 167|0x000000008a700000, 0x000000008a700000, 0x000000008a800000|  0%| F|  |TAMS 0x000000008a700000, 0x000000008a700000| Untracked 
| 168|0x000000008a800000, 0x000000008a800000, 0x000000008a900000|  0%| F|  |TAMS 0x000000008a800000, 0x000000008a800000| Untracked 
| 169|0x000000008a900000, 0x000000008a900000, 0x000000008aa00000|  0%| F|  |TAMS 0x000000008a900000, 0x000000008a900000| Untracked 
| 170|0x000000008aa00000, 0x000000008aa00000, 0x000000008ab00000|  0%| F|  |TAMS 0x000000008aa00000, 0x000000008aa00000| Untracked 
| 171|0x000000008ab00000, 0x000000008ab00000, 0x000000008ac00000|  0%| F|  |TAMS 0x000000008ab00000, 0x000000008ab00000| Untracked 
| 172|0x000000008ac00000, 0x000000008ac00000, 0x000000008ad00000|  0%| F|  |TAMS 0x000000008ac00000, 0x000000008ac00000| Untracked 
| 173|0x000000008ad00000, 0x000000008ad00000, 0x000000008ae00000|  0%| F|  |TAMS 0x000000008ad00000, 0x000000008ad00000| Untracked 
| 174|0x000000008ae00000, 0x000000008ae00000, 0x000000008af00000|  0%| F|  |TAMS 0x000000008ae00000, 0x000000008ae00000| Untracked 
| 175|0x000000008af00000, 0x000000008af00000, 0x000000008b000000|  0%| F|  |TAMS 0x000000008af00000, 0x000000008af00000| Untracked 
| 176|0x000000008b000000, 0x000000008b000000, 0x000000008b100000|  0%| F|  |TAMS 0x000000008b000000, 0x000000008b000000| Untracked 
| 177|0x000000008b100000, 0x000000008b100000, 0x000000008b200000|  0%| F|  |TAMS 0x000000008b100000, 0x000000008b100000| Untracked 
| 178|0x000000008b200000, 0x000000008b200000, 0x000000008b300000|  0%| F|  |TAMS 0x000000008b200000, 0x000000008b200000| Untracked 
| 179|0x000000008b300000, 0x000000008b300000, 0x000000008b400000|  0%| F|  |TAMS 0x000000008b300000, 0x000000008b300000| Untracked 
| 180|0x000000008b400000, 0x000000008b400000, 0x000000008b500000|  0%| F|  |TAMS 0x000000008b400000, 0x000000008b400000| Untracked 
| 181|0x000000008b500000, 0x000000008b500000, 0x000000008b600000|  0%| F|  |TAMS 0x000000008b500000, 0x000000008b500000| Untracked 
| 182|0x000000008b600000, 0x000000008b600000, 0x000000008b700000|  0%| F|  |TAMS 0x000000008b600000, 0x000000008b600000| Untracked 
| 183|0x000000008b700000, 0x000000008b700000, 0x000000008b800000|  0%| F|  |TAMS 0x000000008b700000, 0x000000008b700000| Untracked 
| 184|0x000000008b800000, 0x000000008b800000, 0x000000008b900000|  0%| F|  |TAMS 0x000000008b800000, 0x000000008b800000| Untracked 
| 185|0x000000008b900000, 0x000000008b900000, 0x000000008ba00000|  0%| F|  |TAMS 0x000000008b900000, 0x000000008b900000| Untracked 
| 186|0x000000008ba00000, 0x000000008ba00000, 0x000000008bb00000|  0%| F|  |TAMS 0x000000008ba00000, 0x000000008ba00000| Untracked 
| 187|0x000000008bb00000, 0x000000008bb00000, 0x000000008bc00000|  0%| F|  |TAMS 0x000000008bb00000, 0x000000008bb00000| Untracked 
| 188|0x000000008bc00000, 0x000000008bc00000, 0x000000008bd00000|  0%| F|  |TAMS 0x000000008bc00000, 0x000000008bc00000| Untracked 
| 189|0x000000008bd00000, 0x000000008bd00000, 0x000000008be00000|  0%| F|  |TAMS 0x000000008bd00000, 0x000000008bd00000| Untracked 
| 190|0x000000008be00000, 0x000000008be00000, 0x000000008bf00000|  0%| F|  |TAMS 0x000000008be00000, 0x000000008be00000| Untracked 
| 191|0x000000008bf00000, 0x000000008bf00000, 0x000000008c000000|  0%| F|  |TAMS 0x000000008bf00000, 0x000000008bf00000| Untracked 
| 192|0x000000008c000000, 0x000000008c000000, 0x000000008c100000|  0%| F|  |TAMS 0x000000008c000000, 0x000000008c000000| Untracked 
| 193|0x000000008c100000, 0x000000008c100000, 0x000000008c200000|  0%| F|  |TAMS 0x000000008c100000, 0x000000008c100000| Untracked 
| 194|0x000000008c200000, 0x000000008c200000, 0x000000008c300000|  0%| F|  |TAMS 0x000000008c200000, 0x000000008c200000| Untracked 
| 195|0x000000008c300000, 0x000000008c300000, 0x000000008c400000|  0%| F|  |TAMS 0x000000008c300000, 0x000000008c300000| Untracked 
| 196|0x000000008c400000, 0x000000008c400000, 0x000000008c500000|  0%| F|  |TAMS 0x000000008c400000, 0x000000008c400000| Untracked 
| 197|0x000000008c500000, 0x000000008c500000, 0x000000008c600000|  0%| F|  |TAMS 0x000000008c500000, 0x000000008c500000| Untracked 
| 198|0x000000008c600000, 0x000000008c600000, 0x000000008c700000|  0%| F|  |TAMS 0x000000008c600000, 0x000000008c600000| Untracked 
| 199|0x000000008c700000, 0x000000008c700000, 0x000000008c800000|  0%| F|  |TAMS 0x000000008c700000, 0x000000008c700000| Untracked 
| 200|0x000000008c800000, 0x000000008c800000, 0x000000008c900000|  0%| F|  |TAMS 0x000000008c800000, 0x000000008c800000| Untracked 
| 201|0x000000008c900000, 0x000000008c900000, 0x000000008ca00000|  0%| F|  |TAMS 0x000000008c900000, 0x000000008c900000| Untracked 
| 202|0x000000008ca00000, 0x000000008ca00000, 0x000000008cb00000|  0%| F|  |TAMS 0x000000008ca00000, 0x000000008ca00000| Untracked 
| 203|0x000000008cb00000, 0x000000008cb00000, 0x000000008cc00000|  0%| F|  |TAMS 0x000000008cb00000, 0x000000008cb00000| Untracked 
| 204|0x000000008cc00000, 0x000000008cc00000, 0x000000008cd00000|  0%| F|  |TAMS 0x000000008cc00000, 0x000000008cc00000| Untracked 
| 205|0x000000008cd00000, 0x000000008cd00000, 0x000000008ce00000|  0%| F|  |TAMS 0x000000008cd00000, 0x000000008cd00000| Untracked 
| 206|0x000000008ce00000, 0x000000008ce00000, 0x000000008cf00000|  0%| F|  |TAMS 0x000000008ce00000, 0x000000008ce00000| Untracked 
| 207|0x000000008cf00000, 0x000000008cf00000, 0x000000008d000000|  0%| F|  |TAMS 0x000000008cf00000, 0x000000008cf00000| Untracked 
| 208|0x000000008d000000, 0x000000008d000000, 0x000000008d100000|  0%| F|  |TAMS 0x000000008d000000, 0x000000008d000000| Untracked 
| 209|0x000000008d100000, 0x000000008d100000, 0x000000008d200000|  0%| F|  |TAMS 0x000000008d100000, 0x000000008d100000| Untracked 
| 210|0x000000008d200000, 0x000000008d200000, 0x000000008d300000|  0%| F|  |TAMS 0x000000008d200000, 0x000000008d200000| Untracked 
| 211|0x000000008d300000, 0x000000008d300000, 0x000000008d400000|  0%| F|  |TAMS 0x000000008d300000, 0x000000008d300000| Untracked 
| 212|0x000000008d400000, 0x000000008d400000, 0x000000008d500000|  0%| F|  |TAMS 0x000000008d400000, 0x000000008d400000| Untracked 
| 213|0x000000008d500000, 0x000000008d53e0d0, 0x000000008d600000| 24%| S|CS|TAMS 0x000000008d500000, 0x000000008d500000| Complete 
| 214|0x000000008d600000, 0x000000008d700000, 0x000000008d700000|100%| S|CS|TAMS 0x000000008d600000, 0x000000008d600000| Complete 
| 215|0x000000008d700000, 0x000000008d800000, 0x000000008d800000|100%| S|CS|TAMS 0x000000008d700000, 0x000000008d700000| Complete 
| 216|0x000000008d800000, 0x000000008d800000, 0x000000008d900000|  0%| F|  |TAMS 0x000000008d800000, 0x000000008d800000| Untracked 
| 217|0x000000008d900000, 0x000000008d900000, 0x000000008da00000|  0%| F|  |TAMS 0x000000008d900000, 0x000000008d900000| Untracked 
| 218|0x000000008da00000, 0x000000008da00000, 0x000000008db00000|  0%| F|  |TAMS 0x000000008da00000, 0x000000008da00000| Untracked 
| 219|0x000000008db00000, 0x000000008db00000, 0x000000008dc00000|  0%| F|  |TAMS 0x000000008db00000, 0x000000008db00000| Untracked 
| 220|0x000000008dc00000, 0x000000008dc00000, 0x000000008dd00000|  0%| F|  |TAMS 0x000000008dc00000, 0x000000008dc00000| Untracked 
| 221|0x000000008dd00000, 0x000000008dd00000, 0x000000008de00000|  0%| F|  |TAMS 0x000000008dd00000, 0x000000008dd00000| Untracked 
| 222|0x000000008de00000, 0x000000008de00000, 0x000000008df00000|  0%| F|  |TAMS 0x000000008de00000, 0x000000008de00000| Untracked 
| 223|0x000000008df00000, 0x000000008df00000, 0x000000008e000000|  0%| F|  |TAMS 0x000000008df00000, 0x000000008df00000| Untracked 
| 224|0x000000008e000000, 0x000000008e000000, 0x000000008e100000|  0%| F|  |TAMS 0x000000008e000000, 0x000000008e000000| Untracked 
| 225|0x000000008e100000, 0x000000008e100000, 0x000000008e200000|  0%| F|  |TAMS 0x000000008e100000, 0x000000008e100000| Untracked 
| 226|0x000000008e200000, 0x000000008e200000, 0x000000008e300000|  0%| F|  |TAMS 0x000000008e200000, 0x000000008e200000| Untracked 
| 227|0x000000008e300000, 0x000000008e300000, 0x000000008e400000|  0%| F|  |TAMS 0x000000008e300000, 0x000000008e300000| Untracked 
| 228|0x000000008e400000, 0x000000008e400000, 0x000000008e500000|  0%| F|  |TAMS 0x000000008e400000, 0x000000008e400000| Untracked 
| 229|0x000000008e500000, 0x000000008e500000, 0x000000008e600000|  0%| F|  |TAMS 0x000000008e500000, 0x000000008e500000| Untracked 
| 230|0x000000008e600000, 0x000000008e600000, 0x000000008e700000|  0%| F|  |TAMS 0x000000008e600000, 0x000000008e600000| Untracked 
| 231|0x000000008e700000, 0x000000008e700000, 0x000000008e800000|  0%| F|  |TAMS 0x000000008e700000, 0x000000008e700000| Untracked 
| 232|0x000000008e800000, 0x000000008e800000, 0x000000008e900000|  0%| F|  |TAMS 0x000000008e800000, 0x000000008e800000| Untracked 
| 233|0x000000008e900000, 0x000000008e900000, 0x000000008ea00000|  0%| F|  |TAMS 0x000000008e900000, 0x000000008e900000| Untracked 
| 234|0x000000008ea00000, 0x000000008ea00000, 0x000000008eb00000|  0%| F|  |TAMS 0x000000008ea00000, 0x000000008ea00000| Untracked 
| 235|0x000000008eb00000, 0x000000008eb00000, 0x000000008ec00000|  0%| F|  |TAMS 0x000000008eb00000, 0x000000008eb00000| Untracked 
| 236|0x000000008ec00000, 0x000000008ec00000, 0x000000008ed00000|  0%| F|  |TAMS 0x000000008ec00000, 0x000000008ec00000| Untracked 
| 237|0x000000008ed00000, 0x000000008ed00000, 0x000000008ee00000|  0%| F|  |TAMS 0x000000008ed00000, 0x000000008ed00000| Untracked 
| 238|0x000000008ee00000, 0x000000008ee00000, 0x000000008ef00000|  0%| F|  |TAMS 0x000000008ee00000, 0x000000008ee00000| Untracked 
| 239|0x000000008ef00000, 0x000000008ef00000, 0x000000008f000000|  0%| F|  |TAMS 0x000000008ef00000, 0x000000008ef00000| Untracked 
| 240|0x000000008f000000, 0x000000008f000000, 0x000000008f100000|  0%| F|  |TAMS 0x000000008f000000, 0x000000008f000000| Untracked 
| 241|0x000000008f100000, 0x000000008f100000, 0x000000008f200000|  0%| F|  |TAMS 0x000000008f100000, 0x000000008f100000| Untracked 
| 242|0x000000008f200000, 0x000000008f200000, 0x000000008f300000|  0%| F|  |TAMS 0x000000008f200000, 0x000000008f200000| Untracked 
| 243|0x000000008f300000, 0x000000008f300000, 0x000000008f400000|  0%| F|  |TAMS 0x000000008f300000, 0x000000008f300000| Untracked 
| 244|0x000000008f400000, 0x000000008f400000, 0x000000008f500000|  0%| F|  |TAMS 0x000000008f400000, 0x000000008f400000| Untracked 
| 245|0x000000008f500000, 0x000000008f500000, 0x000000008f600000|  0%| F|  |TAMS 0x000000008f500000, 0x000000008f500000| Untracked 
| 246|0x000000008f600000, 0x000000008f600000, 0x000000008f700000|  0%| F|  |TAMS 0x000000008f600000, 0x000000008f600000| Untracked 
| 247|0x000000008f700000, 0x000000008f700000, 0x000000008f800000|  0%| F|  |TAMS 0x000000008f700000, 0x000000008f700000| Untracked 
| 248|0x000000008f800000, 0x000000008f800000, 0x000000008f900000|  0%| F|  |TAMS 0x000000008f800000, 0x000000008f800000| Untracked 
| 249|0x000000008f900000, 0x000000008f900000, 0x000000008fa00000|  0%| F|  |TAMS 0x000000008f900000, 0x000000008f900000| Untracked 
| 250|0x000000008fa00000, 0x000000008fa00000, 0x000000008fb00000|  0%| F|  |TAMS 0x000000008fa00000, 0x000000008fa00000| Untracked 
| 251|0x000000008fb00000, 0x000000008fb00000, 0x000000008fc00000|  0%| F|  |TAMS 0x000000008fb00000, 0x000000008fb00000| Untracked 
| 252|0x000000008fc00000, 0x000000008fc00000, 0x000000008fd00000|  0%| F|  |TAMS 0x000000008fc00000, 0x000000008fc00000| Untracked 
| 253|0x000000008fd00000, 0x000000008fd00000, 0x000000008fe00000|  0%| F|  |TAMS 0x000000008fd00000, 0x000000008fd00000| Untracked 
| 254|0x000000008fe00000, 0x000000008fe00000, 0x000000008ff00000|  0%| F|  |TAMS 0x000000008fe00000, 0x000000008fe00000| Untracked 
| 255|0x000000008ff00000, 0x000000008ff00000, 0x0000000090000000|  0%| F|  |TAMS 0x000000008ff00000, 0x000000008ff00000| Untracked 
| 256|0x0000000090000000, 0x0000000090000000, 0x0000000090100000|  0%| F|  |TAMS 0x0000000090000000, 0x0000000090000000| Untracked 
| 257|0x0000000090100000, 0x0000000090100000, 0x0000000090200000|  0%| F|  |TAMS 0x0000000090100000, 0x0000000090100000| Untracked 
| 258|0x0000000090200000, 0x0000000090200000, 0x0000000090300000|  0%| F|  |TAMS 0x0000000090200000, 0x0000000090200000| Untracked 
| 259|0x0000000090300000, 0x0000000090300000, 0x0000000090400000|  0%| F|  |TAMS 0x0000000090300000, 0x0000000090300000| Untracked 
| 260|0x0000000090400000, 0x0000000090400000, 0x0000000090500000|  0%| F|  |TAMS 0x0000000090400000, 0x0000000090400000| Untracked 
| 261|0x0000000090500000, 0x0000000090500000, 0x0000000090600000|  0%| F|  |TAMS 0x0000000090500000, 0x0000000090500000| Untracked 
| 262|0x0000000090600000, 0x0000000090600000, 0x0000000090700000|  0%| F|  |TAMS 0x0000000090600000, 0x0000000090600000| Untracked 
| 263|0x0000000090700000, 0x0000000090700000, 0x0000000090800000|  0%| F|  |TAMS 0x0000000090700000, 0x0000000090700000| Untracked 
| 264|0x0000000090800000, 0x0000000090800000, 0x0000000090900000|  0%| F|  |TAMS 0x0000000090800000, 0x0000000090800000| Untracked 
| 265|0x0000000090900000, 0x0000000090900000, 0x0000000090a00000|  0%| F|  |TAMS 0x0000000090900000, 0x0000000090900000| Untracked 
| 266|0x0000000090a00000, 0x0000000090a00000, 0x0000000090b00000|  0%| F|  |TAMS 0x0000000090a00000, 0x0000000090a00000| Untracked 
| 267|0x0000000090b00000, 0x0000000090b00000, 0x0000000090c00000|  0%| F|  |TAMS 0x0000000090b00000, 0x0000000090b00000| Untracked 
| 268|0x0000000090c00000, 0x0000000090c00000, 0x0000000090d00000|  0%| F|  |TAMS 0x0000000090c00000, 0x0000000090c00000| Untracked 
| 269|0x0000000090d00000, 0x0000000090d00000, 0x0000000090e00000|  0%| F|  |TAMS 0x0000000090d00000, 0x0000000090d00000| Untracked 
| 270|0x0000000090e00000, 0x0000000090e00000, 0x0000000090f00000|  0%| F|  |TAMS 0x0000000090e00000, 0x0000000090e00000| Untracked 
| 271|0x0000000090f00000, 0x0000000090f00000, 0x0000000091000000|  0%| F|  |TAMS 0x0000000090f00000, 0x0000000090f00000| Untracked 
| 272|0x0000000091000000, 0x0000000091000000, 0x0000000091100000|  0%| F|  |TAMS 0x0000000091000000, 0x0000000091000000| Untracked 
| 273|0x0000000091100000, 0x0000000091100000, 0x0000000091200000|  0%| F|  |TAMS 0x0000000091100000, 0x0000000091100000| Untracked 
| 274|0x0000000091200000, 0x0000000091200000, 0x0000000091300000|  0%| F|  |TAMS 0x0000000091200000, 0x0000000091200000| Untracked 
| 275|0x0000000091300000, 0x0000000091300000, 0x0000000091400000|  0%| F|  |TAMS 0x0000000091300000, 0x0000000091300000| Untracked 
| 276|0x0000000091400000, 0x0000000091400000, 0x0000000091500000|  0%| F|  |TAMS 0x0000000091400000, 0x0000000091400000| Untracked 
| 277|0x0000000091500000, 0x0000000091500000, 0x0000000091600000|  0%| F|  |TAMS 0x0000000091500000, 0x0000000091500000| Untracked 
| 278|0x0000000091600000, 0x0000000091600000, 0x0000000091700000|  0%| F|  |TAMS 0x0000000091600000, 0x0000000091600000| Untracked 
| 279|0x0000000091700000, 0x0000000091700000, 0x0000000091800000|  0%| F|  |TAMS 0x0000000091700000, 0x0000000091700000| Untracked 
| 280|0x0000000091800000, 0x0000000091800000, 0x0000000091900000|  0%| F|  |TAMS 0x0000000091800000, 0x0000000091800000| Untracked 
| 281|0x0000000091900000, 0x0000000091900000, 0x0000000091a00000|  0%| F|  |TAMS 0x0000000091900000, 0x0000000091900000| Untracked 
| 282|0x0000000091a00000, 0x0000000091a00000, 0x0000000091b00000|  0%| F|  |TAMS 0x0000000091a00000, 0x0000000091a00000| Untracked 
| 283|0x0000000091b00000, 0x0000000091b00000, 0x0000000091c00000|  0%| F|  |TAMS 0x0000000091b00000, 0x0000000091b00000| Untracked 
| 284|0x0000000091c00000, 0x0000000091c00000, 0x0000000091d00000|  0%| F|  |TAMS 0x0000000091c00000, 0x0000000091c00000| Untracked 
| 285|0x0000000091d00000, 0x0000000091d00000, 0x0000000091e00000|  0%| F|  |TAMS 0x0000000091d00000, 0x0000000091d00000| Untracked 
| 286|0x0000000091e00000, 0x0000000091e00000, 0x0000000091f00000|  0%| F|  |TAMS 0x0000000091e00000, 0x0000000091e00000| Untracked 
| 287|0x0000000091f00000, 0x0000000091f00000, 0x0000000092000000|  0%| F|  |TAMS 0x0000000091f00000, 0x0000000091f00000| Untracked 
| 288|0x0000000092000000, 0x0000000092000000, 0x0000000092100000|  0%| F|  |TAMS 0x0000000092000000, 0x0000000092000000| Untracked 
| 289|0x0000000092100000, 0x0000000092100000, 0x0000000092200000|  0%| F|  |TAMS 0x0000000092100000, 0x0000000092100000| Untracked 
| 290|0x0000000092200000, 0x0000000092200000, 0x0000000092300000|  0%| F|  |TAMS 0x0000000092200000, 0x0000000092200000| Untracked 
| 291|0x0000000092300000, 0x0000000092300000, 0x0000000092400000|  0%| F|  |TAMS 0x0000000092300000, 0x0000000092300000| Untracked 
| 292|0x0000000092400000, 0x0000000092400000, 0x0000000092500000|  0%| F|  |TAMS 0x0000000092400000, 0x0000000092400000| Untracked 
| 293|0x0000000092500000, 0x0000000092500000, 0x0000000092600000|  0%| F|  |TAMS 0x0000000092500000, 0x0000000092500000| Untracked 
| 294|0x0000000092600000, 0x0000000092600000, 0x0000000092700000|  0%| F|  |TAMS 0x0000000092600000, 0x0000000092600000| Untracked 
| 295|0x0000000092700000, 0x0000000092700000, 0x0000000092800000|  0%| F|  |TAMS 0x0000000092700000, 0x0000000092700000| Untracked 
| 296|0x0000000092800000, 0x0000000092800000, 0x0000000092900000|  0%| F|  |TAMS 0x0000000092800000, 0x0000000092800000| Untracked 
| 297|0x0000000092900000, 0x0000000092900000, 0x0000000092a00000|  0%| F|  |TAMS 0x0000000092900000, 0x0000000092900000| Untracked 
| 298|0x0000000092a00000, 0x0000000092a00000, 0x0000000092b00000|  0%| F|  |TAMS 0x0000000092a00000, 0x0000000092a00000| Untracked 
| 299|0x0000000092b00000, 0x0000000092b00000, 0x0000000092c00000|  0%| F|  |TAMS 0x0000000092b00000, 0x0000000092b00000| Untracked 

Card table byte_map: [0x000002d2ace90000,0x000002d2ad290000] _byte_map_base: 0x000002d2aca90000

Marking Bits (Prev, Next): (CMBitMap*) 0x000002d29953f680, (CMBitMap*) 0x000002d29953f648
 Prev Bits: [0x000002d2af690000, 0x000002d2b1690000)
 Next Bits: [0x000002d2ad690000, 0x000002d2af690000)

Polling page: 0x000002d297cd0000

Metaspace:

Usage:
  Non-class:     86.87 MB capacity,    85.16 MB ( 98%) used,     1.39 MB (  2%) free+waste,   320.06 KB ( <1%) overhead. 
      Class:     13.73 MB capacity,    12.72 MB ( 93%) used,   885.02 KB (  6%) free+waste,   146.50 KB (  1%) overhead. 
       Both:    100.60 MB capacity,    97.88 MB ( 97%) used,     2.26 MB (  2%) free+waste,   466.56 KB ( <1%) overhead. 

Virtual space:
  Non-class space:       88.00 MB reserved,      87.00 MB ( 99%) committed 
      Class space:        1.00 GB reserved,      13.82 MB (  1%) committed 
             Both:        1.09 GB reserved,     100.82 MB (  9%) committed 

Chunk freelists:
   Non-Class:  5.00 KB
       Class:  0 bytes
        Both:  5.00 KB

MaxMetaspaceSize: 17179869184.00 GB
CompressedClassSpaceSize: 1.00 GB

CodeHeap 'non-profiled nmethods': size=120000Kb used=6012Kb max_used=6012Kb free=113987Kb
 bounds [0x000002d2a4ac0000, 0x000002d2a50a0000, 0x000002d2abff0000]
CodeHeap 'profiled nmethods': size=120000Kb used=28196Kb max_used=28196Kb free=91803Kb
 bounds [0x000002d29d590000, 0x000002d29f120000, 0x000002d2a4ac0000]
CodeHeap 'non-nmethods': size=5760Kb used=2319Kb max_used=2369Kb free=3440Kb
 bounds [0x000002d29cff0000, 0x000002d29d260000, 0x000002d29d590000]
 total_blobs=14285 nmethods=13353 adapters=842
 compilation: enabled
              stopped_count=0, restarted_count=0
 full_count=0

Compilation events (20 events):
Event: 25.350 Thread 0x000002d2b417f000 nmethod 13776 0x000002d29f109690 code [0x000002d29f109a80, 0x000002d29f10ac18]
Event: 25.350 Thread 0x000002d2b417f000 13777       2       java.util.HashMap::containsValue (89 bytes)
Event: 25.351 Thread 0x000002d2b417f000 nmethod 13777 0x000002d29f10b890 code [0x000002d29f10ba60, 0x000002d29f10bce8]
Event: 25.351 Thread 0x000002d2b417f000 13773       2       com.android.tools.r8.internal.q1::<init> (16 bytes)
Event: 25.351 Thread 0x000002d2b417f000 nmethod 13773 0x000002d29f10be90 code [0x000002d29f10c040, 0x000002d29f10c188]
Event: 25.351 Thread 0x000002d2b417f000 13774       2       com.android.tools.r8.internal.X4$$Lambda$1426/0x0000000100ccc440::accept (19 bytes)
Event: 25.352 Thread 0x000002d2b417f000 nmethod 13774 0x000002d29f10c290 code [0x000002d29f10c4a0, 0x000002d29f10cb48]
Event: 25.352 Thread 0x000002d2b417f000 13780       2       com.android.tools.r8.internal.F7::p (1053 bytes)
Event: 25.363 Thread 0x000002d2b417f000 nmethod 13780 0x000002d29f10ce90 code [0x000002d29f10d5e0, 0x000002d29f1106a8]
Event: 25.363 Thread 0x000002d2b417f000 13782       2       com.android.tools.r8.internal.QG::b (137 bytes)
Event: 25.364 Thread 0x000002d2b417f000 nmethod 13782 0x000002d29f112c90 code [0x000002d29f112f00, 0x000002d29f113598]
Event: 25.364 Thread 0x000002d2b417f000 13781       2       com.android.tools.r8.internal.zg::c (44 bytes)
Event: 25.365 Thread 0x000002d2b417f000 nmethod 13781 0x000002d29f113910 code [0x000002d29f113ac0, 0x000002d29f113c28]
Event: 25.365 Thread 0x000002d2b417f000 13778       2       java.util.Collections$SetFromMap::toArray (10 bytes)
Event: 25.365 Thread 0x000002d2b417f000 nmethod 13778 0x000002d29f113d10 code [0x000002d29f113ec0, 0x000002d29f113fe8]
Event: 25.365 Thread 0x000002d2b417f000 13784       2       com.android.tools.r8.internal.d9::a (418 bytes)
Event: 25.368 Thread 0x000002d2b417f000 nmethod 13784 0x000002d29f114090 code [0x000002d29f1144c0, 0x000002d29f1156e8]
Event: 25.368 Thread 0x000002d2b417f000 13786       2       com.android.tools.r8.internal.F7::r (464 bytes)
Event: 25.374 Thread 0x000002d2b417f000 nmethod 13786 0x000002d29f116610 code [0x000002d29f116a00, 0x000002d29f118178]
Event: 25.374 Thread 0x000002d2b417f000 13795 %     3       com.android.tools.r8.internal.Mv::a @ 322 (1305 bytes)

GC Heap History (20 events):
Event: 22.496 GC heap after
{Heap after GC invocations=39 (full 0):
 garbage-first heap   total 143360K, used 88437K [0x0000000080000000, 0x0000000100000000)
  region size 1024K, 2 young (2048K), 2 survivors (2048K)
 Metaspace       used 91881K, capacity 94287K, committed 94412K, reserved 1130496K
  class space    used 11823K, capacity 12696K, committed 12748K, reserved 1048576K
}
Event: 22.676 GC heap before
{Heap before GC invocations=39 (full 0):
 garbage-first heap   total 143360K, used 118133K [0x0000000080000000, 0x0000000100000000)
  region size 1024K, 29 young (29696K), 2 survivors (2048K)
 Metaspace       used 92099K, capacity 94499K, committed 94668K, reserved 1130496K
  class space    used 11835K, capacity 12693K, committed 12748K, reserved 1048576K
}
Event: 22.686 GC heap after
{Heap after GC invocations=40 (full 0):
 garbage-first heap   total 143360K, used 94414K [0x0000000080000000, 0x0000000100000000)
  region size 1024K, 4 young (4096K), 4 survivors (4096K)
 Metaspace       used 92099K, capacity 94499K, committed 94668K, reserved 1130496K
  class space    used 11835K, capacity 12693K, committed 12748K, reserved 1048576K
}
Event: 22.872 GC heap before
{Heap before GC invocations=41 (full 0):
 garbage-first heap   total 143360K, used 116942K [0x0000000080000000, 0x0000000100000000)
  region size 1024K, 26 young (26624K), 4 survivors (4096K)
 Metaspace       used 93028K, capacity 95448K, committed 95564K, reserved 1132544K
  class space    used 11986K, capacity 12859K, committed 12876K, reserved 1048576K
}
Event: 22.885 GC heap after
{Heap after GC invocations=42 (full 0):
 garbage-first heap   total 172032K, used 98696K [0x0000000080000000, 0x0000000100000000)
  region size 1024K, 4 young (4096K), 4 survivors (4096K)
 Metaspace       used 93028K, capacity 95448K, committed 95564K, reserved 1132544K
  class space    used 11986K, capacity 12859K, committed 12876K, reserved 1048576K
}
Event: 23.058 GC heap before
{Heap before GC invocations=42 (full 0):
 garbage-first heap   total 172032K, used 128392K [0x0000000080000000, 0x0000000100000000)
  region size 1024K, 34 young (34816K), 4 survivors (4096K)
 Metaspace       used 93952K, capacity 96442K, committed 96588K, reserved 1132544K
  class space    used 12117K, capacity 13019K, committed 13132K, reserved 1048576K
}
Event: 23.071 GC heap after
{Heap after GC invocations=43 (full 0):
 garbage-first heap   total 172032K, used 104154K [0x0000000080000000, 0x0000000100000000)
  region size 1024K, 5 young (5120K), 5 survivors (5120K)
 Metaspace       used 93952K, capacity 96442K, committed 96588K, reserved 1132544K
  class space    used 12117K, capacity 13019K, committed 13132K, reserved 1048576K
}
Event: 23.297 GC heap before
{Heap before GC invocations=43 (full 0):
 garbage-first heap   total 172032K, used 133850K [0x0000000080000000, 0x0000000100000000)
  region size 1024K, 34 young (34816K), 5 survivors (5120K)
 Metaspace       used 94522K, capacity 96989K, committed 97356K, reserved 1134592K
  class space    used 12152K, capacity 13039K, committed 13132K, reserved 1048576K
}
Event: 23.313 GC heap after
{Heap after GC invocations=44 (full 0):
 garbage-first heap   total 172032K, used 109520K [0x0000000080000000, 0x0000000100000000)
  region size 1024K, 5 young (5120K), 5 survivors (5120K)
 Metaspace       used 94522K, capacity 96989K, committed 97356K, reserved 1134592K
  class space    used 12152K, capacity 13039K, committed 13132K, reserved 1048576K
}
Event: 23.416 GC heap before
{Heap before GC invocations=45 (full 0):
 garbage-first heap   total 172032K, used 138192K [0x0000000080000000, 0x0000000100000000)
  region size 1024K, 33 young (33792K), 5 survivors (5120K)
 Metaspace       used 94802K, capacity 97307K, committed 97740K, reserved 1134592K
  class space    used 12197K, capacity 13099K, committed 13260K, reserved 1048576K
}
Event: 23.435 GC heap after
{Heap after GC invocations=46 (full 0):
 garbage-first heap   total 172032K, used 115280K [0x0000000080000000, 0x0000000100000000)
  region size 1024K, 5 young (5120K), 5 survivors (5120K)
 Metaspace       used 94802K, capacity 97307K, committed 97740K, reserved 1134592K
  class space    used 12197K, capacity 13099K, committed 13260K, reserved 1048576K
}
Event: 23.445 GC heap before
{Heap before GC invocations=46 (full 0):
 garbage-first heap   total 172032K, used 118352K [0x0000000080000000, 0x0000000100000000)
  region size 1024K, 8 young (8192K), 5 survivors (5120K)
 Metaspace       used 94826K, capacity 97307K, committed 97740K, reserved 1134592K
  class space    used 12205K, capacity 13099K, committed 13260K, reserved 1048576K
}
Event: 23.460 GC heap after
{Heap after GC invocations=47 (full 0):
 garbage-first heap   total 307200K, used 114944K [0x0000000080000000, 0x0000000100000000)
  region size 1024K, 1 young (1024K), 1 survivors (1024K)
 Metaspace       used 94826K, capacity 97307K, committed 97740K, reserved 1134592K
  class space    used 12205K, capacity 13099K, committed 13260K, reserved 1048576K
}
Event: 23.807 GC heap before
{Heap before GC invocations=47 (full 0):
 garbage-first heap   total 307200K, used 181504K [0x0000000080000000, 0x0000000100000000)
  region size 1024K, 67 young (68608K), 1 survivors (1024K)
 Metaspace       used 96126K, capacity 98691K, committed 99020K, reserved 1134592K
  class space    used 12461K, capacity 13398K, committed 13516K, reserved 1048576K
}
Event: 23.860 GC heap after
{Heap after GC invocations=48 (full 0):
 garbage-first heap   total 307200K, used 125586K [0x0000000080000000, 0x0000000100000000)
  region size 1024K, 9 young (9216K), 9 survivors (9216K)
 Metaspace       used 96126K, capacity 98691K, committed 99020K, reserved 1134592K
  class space    used 12461K, capacity 13398K, committed 13516K, reserved 1048576K
}
Event: 24.464 GC heap before
{Heap before GC invocations=48 (full 0):
 garbage-first heap   total 307200K, used 196242K [0x0000000080000000, 0x0000000100000000)
  region size 1024K, 79 young (80896K), 9 survivors (9216K)
 Metaspace       used 98925K, capacity 101649K, committed 101708K, reserved 1136640K
  class space    used 12858K, capacity 13881K, committed 13900K, reserved 1048576K
}
Event: 24.486 GC heap after
{Heap after GC invocations=49 (full 0):
 garbage-first heap   total 307200K, used 131758K [0x0000000080000000, 0x0000000100000000)
  region size 1024K, 6 young (6144K), 6 survivors (6144K)
 Metaspace       used 98925K, capacity 101649K, committed 101708K, reserved 1136640K
  class space    used 12858K, capacity 13881K, committed 13900K, reserved 1048576K
}
Event: 25.040 GC heap before
{Heap before GC invocations=49 (full 0):
 garbage-first heap   total 307200K, used 207534K [0x0000000080000000, 0x0000000100000000)
  region size 1024K, 80 young (81920K), 6 survivors (6144K)
 Metaspace       used 99444K, capacity 102166K, committed 102348K, reserved 1138688K
  class space    used 12918K, capacity 13924K, committed 14028K, reserved 1048576K
}
Event: 25.051 GC heap after
{Heap after GC invocations=50 (full 0):
 garbage-first heap   total 307200K, used 133098K [0x0000000080000000, 0x0000000100000000)
  region size 1024K, 2 young (2048K), 2 survivors (2048K)
 Metaspace       used 99444K, capacity 102166K, committed 102348K, reserved 1138688K
  class space    used 12918K, capacity 13924K, committed 14028K, reserved 1048576K
}
Event: 25.399 GC heap before
{Heap before GC invocations=50 (full 0):
 garbage-first heap   total 307200K, used 217066K [0x0000000080000000, 0x0000000100000000)
  region size 1024K, 84 young (86016K), 2 survivors (2048K)
 Metaspace       used 100233K, capacity 103013K, committed 103244K, reserved 1138688K
  class space    used 13026K, capacity 14058K, committed 14156K, reserved 1048576K
}

Deoptimization events (20 events):
Event: 25.144 Thread 0x000002d2b7136800 DEOPT PACKING pc=0x000002d29efc61eb sp=0x000000d2c53f95f0
Event: 25.144 Thread 0x000002d2b7136800 DEOPT UNPACKING pc=0x000002d29d0176ce sp=0x000000d2c53f8aa8 mode 0
Event: 25.179 Thread 0x000002d2b713a000 DEOPT PACKING pc=0x000002d29eff41e2 sp=0x000000d2c56f9b90
Event: 25.179 Thread 0x000002d2b713a000 DEOPT UNPACKING pc=0x000002d29d0176ce sp=0x000000d2c56f9368 mode 0
Event: 25.243 Thread 0x000002d2b7138800 DEOPT PACKING pc=0x000002d29effe0fe sp=0x000000d2c55f9bc0
Event: 25.243 Thread 0x000002d2b7138800 DEOPT UNPACKING pc=0x000002d29d0176ce sp=0x000000d2c55f92c8 mode 0
Event: 25.244 Thread 0x000002d2b7136800 Uncommon trap: trap_request=0xffffff4d fr.pc=0x000002d2a507459c relative=0x0000000000000dbc
Event: 25.244 Thread 0x000002d2b7136800 Uncommon trap: reason=unstable_if action=reinterpret pc=0x000002d2a507459c method=com.android.tools.r8.internal.Ah.a(ILjava/lang/Object;)Ljava/lang/Object; @ 8 c2
Event: 25.244 Thread 0x000002d2b7136800 DEOPT PACKING pc=0x000002d2a507459c sp=0x000000d2c53f9200
Event: 25.244 Thread 0x000002d2b7136800 DEOPT UNPACKING pc=0x000002d29d0178af sp=0x000000d2c53f91f8 mode 2
Event: 25.257 Thread 0x000002d2b7137800 Uncommon trap: trap_request=0xffffffde fr.pc=0x000002d2a5050978 relative=0x0000000000000958
Event: 25.257 Thread 0x000002d2b7137800 Uncommon trap: reason=class_check action=maybe_recompile pc=0x000002d2a5050978 method=com.android.tools.r8.internal.Jj.hasNext()Z @ 27 c2
Event: 25.257 Thread 0x000002d2b7137800 DEOPT PACKING pc=0x000002d2a5050978 sp=0x000000d2c54fa820
Event: 25.257 Thread 0x000002d2b7137800 DEOPT UNPACKING pc=0x000002d29d0178af sp=0x000000d2c54fa800 mode 2
Event: 25.265 Thread 0x000002d2b7137800 Uncommon trap: trap_request=0xffffffde fr.pc=0x000002d2a5050978 relative=0x0000000000000958
Event: 25.265 Thread 0x000002d2b7137800 Uncommon trap: reason=class_check action=maybe_recompile pc=0x000002d2a5050978 method=com.android.tools.r8.internal.Jj.hasNext()Z @ 27 c2
Event: 25.265 Thread 0x000002d2b7137800 DEOPT PACKING pc=0x000002d2a5050978 sp=0x000000d2c54fa830
Event: 25.265 Thread 0x000002d2b7137800 DEOPT UNPACKING pc=0x000002d29d0178af sp=0x000000d2c54fa810 mode 2
Event: 25.381 Thread 0x000002d2b5dfe800 DEOPT PACKING pc=0x000002d29efa9fce sp=0x000000d2c36f3700
Event: 25.381 Thread 0x000002d2b5dfe800 DEOPT UNPACKING pc=0x000002d29d0176ce sp=0x000000d2c36f2b90 mode 0

Classes redefined (0 events):
No events

Internal exceptions (20 events):
Event: 23.714 Thread 0x000002d2b7136800 Exception <a 'java/lang/IncompatibleClassChangeError'{0x000000008f20dc30}: Found class java.lang.Object, but interface was expected> (0x000000008f20dc30) thrown at [./src/hotspot/share/interpreter/linkResolver.cpp, line 839]
Event: 23.717 Thread 0x000002d2b7137800 Exception <a 'java/lang/IncompatibleClassChangeError'{0x000000008f226698}: Found class java.lang.Object, but interface was expected> (0x000000008f226698) thrown at [./src/hotspot/share/interpreter/linkResolver.cpp, line 839]
Event: 23.756 Thread 0x000002d2b7136800 Exception <a 'java/lang/NoSuchMethodError'{0x000000008ef2fc90}: 'void java.lang.invoke.DirectMethodHandle$Holder.invokeVirtual(java.lang.Object, java.lang.Object, int, java.lang.Object)'> (0x000000008ef2fc90) thrown at [./src/hotspot/share/interpreter/linkResolver.cpp, line 773]
Event: 23.757 Thread 0x000002d2b7136000 Exception <a 'java/lang/NoSuchMethodError'{0x000000008f2fe340}: 'void java.lang.invoke.DirectMethodHandle$Holder.invokeVirtual(java.lang.Object, java.lang.Object, int, java.lang.Object)'> (0x000000008f2fe340) thrown at [./src/hotspot/share/interpreter/linkResolver.cpp, line 773]
Event: 23.765 Thread 0x000002d2b7133800 Exception <a 'java/lang/NoSuchMethodError'{0x000000008f454270}: 'void java.lang.invoke.DirectMethodHandle$Holder.invokeVirtual(java.lang.Object, java.lang.Object, int, java.lang.Object)'> (0x000000008f454270) thrown at [./src/hotspot/share/interpreter/linkResolver.cpp, line 773]
Event: 23.922 Thread 0x000002d2b5dfe800 Exception <a 'sun/nio/fs/WindowsException'{0x0000000092019b98}> (0x0000000092019b98) thrown at [./src/hotspot/share/prims/jni.cpp, line 615]
Event: 23.930 Thread 0x000002d2b7138800 Exception <a 'java/lang/NoSuchMethodError'{0x0000000092844700}: 'int java.lang.invoke.DirectMethodHandle$Holder.invokeSpecial(java.lang.Object, java.lang.Object, java.lang.Object, int, java.lang.Object)'> (0x0000000092844700) thrown at [./src/hotspot/share/interpreter/linkResolver.cpp, line 773]
Event: 23.955 Thread 0x000002d2b7133800 Exception <a 'java/lang/NoSuchMethodError'{0x00000000921ad8c0}: 'java.lang.Object java.lang.invoke.DirectMethodHandle$Holder.newInvokeSpecial(java.lang.Object, int)'> (0x00000000921ad8c0) thrown at [./src/hotspot/share/interpreter/linkResolver.cpp, line 773]
Event: 23.955 Thread 0x000002d2b7137800 Exception <a 'java/lang/NoSuchMethodError'{0x0000000091afc990}: 'java.lang.Object java.lang.invoke.DirectMethodHandle$Holder.newInvokeSpecial(java.lang.Object, int)'> (0x0000000091afc990) thrown at [./src/hotspot/share/interpreter/linkResolver.cpp, line 773]
Event: 23.955 Thread 0x000002d2b7136000 Exception <a 'java/lang/NoSuchMethodError'{0x0000000091e1b6a8}: 'java.lang.Object java.lang.invoke.DirectMethodHandle$Holder.newInvokeSpecial(java.lang.Object, int)'> (0x0000000091e1b6a8) thrown at [./src/hotspot/share/interpreter/linkResolver.cpp, line 773]
Event: 23.955 Thread 0x000002d2b7136800 Exception <a 'java/lang/NoSuchMethodError'{0x000000009194d4f8}: 'java.lang.Object java.lang.invoke.DirectMethodHandle$Holder.newInvokeSpecial(java.lang.Object, int)'> (0x000000009194d4f8) thrown at [./src/hotspot/share/interpreter/linkResolver.cpp, line 773]
Event: 23.957 Thread 0x000002d2b7138800 Exception <a 'java/lang/NoSuchMethodError'{0x000000009284dd78}: 'java.lang.Object java.lang.invoke.DirectMethodHandle$Holder.newInvokeSpecial(java.lang.Object, int)'> (0x000000009284dd78) thrown at [./src/hotspot/share/interpreter/linkResolver.cpp, line 773]
Event: 24.010 Thread 0x000002d2b7136000 Exception <a 'java/lang/NoSuchMethodError'{0x00000000910c8a88}: 'java.lang.Object java.lang.invoke.DirectMethodHandle$Holder.invokeInterface(java.lang.Object, java.lang.Object, int)'> (0x00000000910c8a88) thrown at [./src/hotspot/share/interpreter/linkResolver.cpp, line 773]
Event: 24.025 Thread 0x000002d2b713a000 Implicit null exception at 0x000002d2a4f8e4bb to 0x000002d2a4f8f0ac
Event: 25.053 Thread 0x000002d2b7137800 Implicit null exception at 0x000002d2a4deab3b to 0x000002d2a4debe40
Event: 25.154 Thread 0x000002d2b7133800 Exception <a 'java/lang/NoSuchMethodError'{0x0000000091bbe010}: 'int java.lang.invoke.DirectMethodHandle$Holder.invokeInterface(java.lang.Object, java.lang.Object, int)'> (0x0000000091bbe010) thrown at [./src/hotspot/share/interpreter/linkResolver.cpp, line 773]
Event: 25.259 Thread 0x000002d2b7137800 Exception <a 'java/lang/NoSuchMethodError'{0x00000000905e2a48}: 'void java.lang.invoke.DirectMethodHandle$Holder.invokeSpecial(java.lang.Object, java.lang.Object, int, java.lang.Object, java.lang.Object, java.lang.Object, java.lang.Object)'> (0x00000000905e2a48) thrown at [./src/hotspot/share/interpreter/linkResolver.cpp, line 773]
Event: 25.263 Thread 0x000002d2b7137800 Exception <a 'java/lang/NoSuchMethodError'{0x00000000905ee648}: 'java.lang.Object java.lang.invoke.Invokers$Holder.linkToTargetMethod(java.lang.Object, int, java.lang.Object, java.lang.Object, java.lang.Object, java.lang.Object)'> (0x00000000905ee648) thrown at [./src/hotspot/share/interpreter/linkResolver.cpp, line 773]
Event: 25.263 Thread 0x000002d2b7137800 Exception <a 'java/lang/NoSuchMethodError'{0x00000000905f2af8}: 'void java.lang.invoke.DirectMethodHandle$Holder.invokeSpecial(java.lang.Object, java.lang.Object, java.lang.Object, java.lang.Object, java.lang.Object, java.lang.Object, java.lang.Object, java.lang.Object, java.lang.Object)'> (0x00000000905f2af8) thrown at [./src/hotspot/share/interpreter/linkResolver.cpp, line 773]
Event: 25.268 Thread 0x000002d2b7137800 Exception <a 'java/lang/NoSuchMethodError'{0x00000000903f59f0}: 'void java.lang.invoke.DirectMethodHandle$Holder.invokeStatic(java.lang.Object, java.lang.Object, java.lang.Object, java.lang.Object, java.lang.Object, java.lang.Object, java.lang.Object, java.lang.Object)'> (0x00000000903f59f0) thrown at [./src/hotspot/share/interpreter/linkResolver.cpp, line 773]

Events (20 events):
Event: 25.369 loading class com/android/tools/r8/graph/v0$d done
Event: 25.369 loading class com/android/tools/r8/graph/v0$d
Event: 25.369 loading class com/android/tools/r8/graph/v0$d done
Event: 25.369 loading class com/android/tools/r8/graph/v0$f
Event: 25.369 loading class com/android/tools/r8/graph/v0$f done
Event: 25.370 loading class com/android/tools/r8/graph/v0$f
Event: 25.370 loading class com/android/tools/r8/graph/v0$f done
Event: 25.377 loading class com/android/tools/r8/internal/Wz
Event: 25.377 loading class com/android/tools/r8/internal/Wz done
Event: 25.378 loading class com/android/tools/r8/internal/I0
Event: 25.378 loading class com/android/tools/r8/internal/I0 done
Event: 25.380 loading class com/android/tools/r8/internal/Uz
Event: 25.380 loading class com/android/tools/r8/internal/Uz done
Event: 25.383 loading class com/android/tools/r8/internal/Up
Event: 25.383 loading class com/android/tools/r8/internal/Up done
Event: 25.385 loading class com/android/tools/r8/internal/r7
Event: 25.385 loading class com/android/tools/r8/internal/r7 done
Event: 25.396 loading class com/android/tools/r8/internal/cu
Event: 25.396 loading class com/android/tools/r8/internal/cu done
Event: 25.399 Executing VM operation: G1CollectForAllocation


Dynamic libraries:
0x00007ff67c6c0000 - 0x00007ff67c6ca000 	C:\Program Files\Android\Android Studio\jre\bin\java.exe
0x00007fff1b710000 - 0x00007fff1b905000 	C:\WINDOWS\SYSTEM32\ntdll.dll
0x00007fff19a70000 - 0x00007fff19b2e000 	C:\WINDOWS\System32\KERNEL32.DLL
0x00007fff19170000 - 0x00007fff19439000 	C:\WINDOWS\System32\KERNELBASE.dll
0x00007fff19440000 - 0x00007fff19540000 	C:\WINDOWS\System32\ucrtbase.dll
0x00007ffeff000000 - 0x00007ffeff017000 	C:\Program Files\Android\Android Studio\jre\bin\VCRUNTIME140.dll
0x00007ffefed70000 - 0x00007ffefed89000 	C:\Program Files\Android\Android Studio\jre\bin\jli.dll
0x00007fff19f50000 - 0x00007fff1a0f1000 	C:\WINDOWS\System32\USER32.dll
0x00007fff02920000 - 0x00007fff02bba000 	C:\WINDOWS\WinSxS\amd64_microsoft.windows.common-controls_6595b64144ccf1df_6.0.19041.1110_none_60b5254171f9507e\COMCTL32.dll
0x00007fff19680000 - 0x00007fff196a2000 	C:\WINDOWS\System32\win32u.dll
0x00007fff1b5a0000 - 0x00007fff1b63e000 	C:\WINDOWS\System32\msvcrt.dll
0x00007fff1aa70000 - 0x00007fff1aa9b000 	C:\WINDOWS\System32\GDI32.dll
0x00007fff19570000 - 0x00007fff1967b000 	C:\WINDOWS\System32\gdi32full.dll
0x00007fff18f90000 - 0x00007fff1902d000 	C:\WINDOWS\System32\msvcp_win.dll
0x00007fff1ae00000 - 0x00007fff1ae30000 	C:\WINDOWS\System32\IMM32.DLL
0x00007ffef6cd0000 - 0x00007ffef6d6d000 	C:\Program Files\Android\Android Studio\jre\bin\msvcp140.dll
0x00007ffed8100000 - 0x00007ffed8bcf000 	C:\Program Files\Android\Android Studio\jre\bin\server\jvm.dll
0x00007fff19810000 - 0x00007fff198bc000 	C:\WINDOWS\System32\ADVAPI32.dll
0x00007fff1ae40000 - 0x00007fff1aedb000 	C:\WINDOWS\System32\sechost.dll
0x00007fff1a940000 - 0x00007fff1aa6a000 	C:\WINDOWS\System32\RPCRT4.dll
0x00007fff19f40000 - 0x00007fff19f48000 	C:\WINDOWS\System32\PSAPI.DLL
0x00007fff0eb00000 - 0x00007fff0eb27000 	C:\WINDOWS\SYSTEM32\WINMM.dll
0x00007fff0df80000 - 0x00007fff0df89000 	C:\WINDOWS\SYSTEM32\WSOCK32.dll
0x00007fff19c00000 - 0x00007fff19c6b000 	C:\WINDOWS\System32\WS2_32.dll
0x00007fff0ebd0000 - 0x00007fff0ebda000 	C:\WINDOWS\SYSTEM32\VERSION.dll
0x00007fff176b0000 - 0x00007fff176c2000 	C:\WINDOWS\SYSTEM32\kernel.appcore.dll
0x00007fff11f70000 - 0x00007fff11f81000 	C:\Program Files\Android\Android Studio\jre\bin\verify.dll
0x00007fff174a0000 - 0x00007fff17684000 	C:\WINDOWS\SYSTEM32\DBGHELP.DLL
0x00007fff0e7f0000 - 0x00007fff0e81c000 	C:\WINDOWS\SYSTEM32\dbgcore.DLL
0x00007fff19080000 - 0x00007fff19103000 	C:\WINDOWS\System32\bcryptPrimitives.dll
0x00007fff11eb0000 - 0x00007fff11ed9000 	C:\Program Files\Android\Android Studio\jre\bin\java.dll
0x00007fff145d0000 - 0x00007fff145db000 	C:\Program Files\Android\Android Studio\jre\bin\jimage.dll
0x00007fff11f50000 - 0x00007fff11f68000 	C:\Program Files\Android\Android Studio\jre\bin\zip.dll
0x00007fff1a1a0000 - 0x00007fff1a8df000 	C:\WINDOWS\System32\SHELL32.dll
0x00007fff16bd0000 - 0x00007fff17360000 	C:\WINDOWS\SYSTEM32\windows.storage.dll
0x00007fff1aaa0000 - 0x00007fff1adf5000 	C:\WINDOWS\System32\combase.dll
0x00007fff187b0000 - 0x00007fff187dc000 	C:\WINDOWS\SYSTEM32\Wldp.dll
0x00007fff19760000 - 0x00007fff1980d000 	C:\WINDOWS\System32\SHCORE.dll
0x00007fff19b90000 - 0x00007fff19be5000 	C:\WINDOWS\System32\shlwapi.dll
0x00007fff18d70000 - 0x00007fff18d8f000 	C:\WINDOWS\SYSTEM32\profapi.dll
0x00007fff0e540000 - 0x00007fff0e55a000 	C:\Program Files\Android\Android Studio\jre\bin\net.dll
0x00007fff0cc80000 - 0x00007fff0cd88000 	C:\WINDOWS\SYSTEM32\WINHTTP.dll
0x00007fff18510000 - 0x00007fff1857a000 	C:\WINDOWS\system32\mswsock.dll
0x00007fff0e520000 - 0x00007fff0e534000 	C:\Program Files\Android\Android Studio\jre\bin\nio.dll
0x00007ffefd1e0000 - 0x00007ffefd207000 	C:\Users\chris\.gradle\native\8bec1ad78214c89d9ad589b4d07fe93259594b29d510b10fafb7a158f7737e5d\windows-amd64\native-platform.dll
0x00007ffee9f70000 - 0x00007ffeea0ad000 	C:\Users\chris\.gradle\native\53dbd7edfb1c66fb8903c78663c9afc45aea4f116125fa6feffd364cf09443e8\windows-amd64\native-platform-file-events.dll
0x00007fff12920000 - 0x00007fff1292a000 	C:\Program Files\Android\Android Studio\jre\bin\management.dll
0x00007fff12850000 - 0x00007fff1285c000 	C:\Program Files\Android\Android Studio\jre\bin\management_ext.dll
0x00007fff18710000 - 0x00007fff18728000 	C:\WINDOWS\SYSTEM32\CRYPTSP.dll
0x00007fff17e90000 - 0x00007fff17ec4000 	C:\WINDOWS\system32\rsaenh.dll
0x00007fff19540000 - 0x00007fff19567000 	C:\WINDOWS\System32\bcrypt.dll
0x00007fff18cf0000 - 0x00007fff18d1e000 	C:\WINDOWS\SYSTEM32\USERENV.dll
0x00007fff18700000 - 0x00007fff1870c000 	C:\WINDOWS\SYSTEM32\CRYPTBASE.dll
0x00007fff18200000 - 0x00007fff1823b000 	C:\WINDOWS\SYSTEM32\IPHLPAPI.DLL
0x00007fff19bf0000 - 0x00007fff19bf8000 	C:\WINDOWS\System32\NSI.dll
0x00007fff0d1a0000 - 0x00007fff0d1b7000 	C:\WINDOWS\SYSTEM32\dhcpcsvc6.DLL
0x00007fff0eed0000 - 0x00007fff0eeed000 	C:\WINDOWS\SYSTEM32\dhcpcsvc.DLL
0x00007fff18240000 - 0x00007fff1830c000 	C:\WINDOWS\SYSTEM32\DNSAPI.dll

dbghelp: loaded successfully - version: 4.0.5 - missing functions: none
symbol engine: initialized successfully - sym options: 0x614 - pdb path: .;C:\Program Files\Android\Android Studio\jre\bin;C:\WINDOWS\SYSTEM32;C:\WINDOWS\WinSxS\amd64_microsoft.windows.common-controls_6595b64144ccf1df_6.0.19041.1110_none_60b5254171f9507e;C:\Program Files\Android\Android Studio\jre\bin\server;C:\Users\chris\.gradle\native\8bec1ad78214c89d9ad589b4d07fe93259594b29d510b10fafb7a158f7737e5d\windows-amd64;C:\Users\chris\.gradle\native\53dbd7edfb1c66fb8903c78663c9afc45aea4f116125fa6feffd364cf09443e8\windows-amd64

VM Arguments:
jvm_args: --add-opens=java.base/java.util=ALL-UNNAMED --add-opens=java.base/java.lang=ALL-UNNAMED --add-opens=java.base/java.lang.invoke=ALL-UNNAMED --add-opens=java.base/java.util=ALL-UNNAMED --add-opens=java.prefs/java.util.prefs=ALL-UNNAMED --add-opens=java.prefs/java.util.prefs=ALL-UNNAMED --add-opens=java.base/java.nio.charset=ALL-UNNAMED --add-opens=java.base/java.net=ALL-UNNAMED --add-opens=java.base/java.util.concurrent.atomic=ALL-UNNAMED -Xmx2048m -Dfile.encoding=UTF-8 -Duser.country=US -Duser.language=en -Duser.variant 
java_command: org.gradle.launcher.daemon.bootstrap.GradleDaemon 7.0.2
java_class_path (initial): C:\Users\chris\.gradle\wrapper\dists\gradle-7.0.2-bin\857tjihv64xamwrf0h14cai3r\gradle-7.0.2\lib\gradle-launcher-7.0.2.jar
Launcher Type: SUN_STANDARD

[Global flags]
     intx CICompilerCount                          = 4                                         {product} {ergonomic}
     uint ConcGCThreads                            = 2                                         {product} {ergonomic}
     uint G1ConcRefinementThreads                  = 8                                         {product} {ergonomic}
   size_t G1HeapRegionSize                         = 1048576                                   {product} {ergonomic}
    uintx GCDrainStackTargetSize                   = 64                                        {product} {ergonomic}
   size_t InitialHeapSize                          = 100663296                                 {product} {ergonomic}
   size_t MarkStackSize                            = 4194304                                   {product} {ergonomic}
   size_t MaxHeapSize                              = 2147483648                                {product} {command line}
   size_t MaxNewSize                               = 1287651328                                {product} {ergonomic}
   size_t MinHeapDeltaBytes                        = 1048576                                   {product} {ergonomic}
    uintx NonNMethodCodeHeapSize                   = 5836300                                {pd product} {ergonomic}
    uintx NonProfiledCodeHeapSize                  = 122910970                              {pd product} {ergonomic}
    uintx ProfiledCodeHeapSize                     = 122910970                              {pd product} {ergonomic}
    uintx ReservedCodeCacheSize                    = 251658240                              {pd product} {ergonomic}
     bool SegmentedCodeCache                       = true                                      {product} {ergonomic}
     bool UseCompressedClassPointers               = true                                 {lp64_product} {ergonomic}
     bool UseCompressedOops                        = true                                 {lp64_product} {ergonomic}
     bool UseG1GC                                  = true                                      {product} {ergonomic}
     bool UseLargePagesIndividualAllocation        = false                                  {pd product} {ergonomic}

Logging:
Log output configuration:
 #0: stdout all=warning uptime,level,tags
 #1: stderr all=off uptime,level,tags

Environment Variables:
PATH=C:\Program Files\Oculus\Support\oculus-runtime;C:\Windows\system32;C:\Windows;C:\Windows\System32\Wbem;C:\Windows\System32\WindowsPowerShell\v1.0\;C:\Windows\System32\OpenSSH\;C:\Program Files\nodejs\;C:\Program Files\Git\cmd;%SystemRoot%\system32;%SystemRoot%;%SystemRoot%\System32\Wbem;%SYSTEMROOT%\System32\WindowsPowerShell\v1.0\;%SYSTEMROOT%\System32\OpenSSH\;C:\Users\chris\AppData\Local\Microsoft\WindowsApps;C:\Users\chris\AppData\Roaming\npm;C:\Users\chris\AppData\Local\GitHubDesktop\bin;C:\Users\chris\AppData\Local\Programs\Microsoft VS Code\bin;
USERNAME=chris
OS=Windows_NT
PROCESSOR_IDENTIFIER=AMD64 Family 23 Model 24 Stepping 1, AuthenticAMD



---------------  S Y S T E M  ---------------

OS: Windows 10 , 64 bit Build 19041 (10.0.19041.1202)
OS uptime: 16 days 18:05 hours

CPU:total 8 (initial active 8) (8 cores per cpu, 2 threads per core) family 23 model 24 stepping 1 microcode 0x0, cmov, cx8, fxsr, mmx, sse, sse2, sse3, ssse3, sse4.1, sse4.2, popcnt, avx, avx2, aes, clmul, mmxext, 3dnowpref, lzcnt, sse4a, ht, tsc, tscinvbit, tscinv, bmi1, bmi2, adx, s

Memory: 4k page, system-wide physical 6020M (301M free)
TotalPageFile size 24452M (AvailPageFile size 41M)
current process WorkingSet (physical memory assigned to process): 285M, peak: 465M
current process commit charge ("private bytes"): 657M, peak: 954M

vm_info: OpenJDK 64-Bit Server VM (11.0.10+0-b96-7249189) for windows-amd64 JRE (11.0.10+0-b96-7249189), built on Mar 31 2021 21:44:00 by "builder" with MS VC++ 14.0 (VS2015)

END.
